{"D:\\development\\projects\\vue-test\\src\\App.vue": {"path":"D:\\development\\projects\\vue-test\\src\\App.vue","statementMap":{"0":{"start":{"line":28,"column":0},"end":{"line":28,"column":null}},"1":{"start":{"line":29,"column":0},"end":{"line":29,"column":null}},"2":{"start":{"line":35,"column":0},"end":{"line":35,"column":null}},"3":{"start":{"line":38,"column":0},"end":{"line":38,"column":null}}},"fnMap":{"0":{"name":"(anonymous_1)","decl":{"start":{"line":34,"column":0},"end":{"line":34,"column":null}},"loc":{"start":{"line":34,"column":0},"end":{"line":36,"column":null}}},"1":{"name":"(anonymous_2)","decl":{"start":{"line":37,"column":0},"end":{"line":37,"column":null}},"loc":{"start":{"line":37,"column":0},"end":{"line":39,"column":null}}}},"branchMap":{},"s":{"0":1,"1":1,"2":1,"3":0},"f":{"0":1,"1":0},"b":{}}
,"D:\\development\\projects\\vue-test\\src\\i18n.js": {"path":"D:\\development\\projects\\vue-test\\src\\i18n.js","statementMap":{"0":{"start":{"line":4,"column":0},"end":{"line":4,"column":16}},"1":{"start":{"line":7,"column":18},"end":{"line":7,"column":81}},"2":{"start":{"line":8,"column":19},"end":{"line":8,"column":21}},"3":{"start":{"line":9,"column":2},"end":{"line":15,"column":4}},"4":{"start":{"line":10,"column":20},"end":{"line":10,"column":52}},"5":{"start":{"line":11,"column":4},"end":{"line":14,"column":5}},"6":{"start":{"line":12,"column":21},"end":{"line":12,"column":31}},"7":{"start":{"line":13,"column":6},"end":{"line":13,"column":37}},"8":{"start":{"line":16,"column":2},"end":{"line":16,"column":17}}},"fnMap":{"0":{"name":"loadLocaleMessages","decl":{"start":{"line":6,"column":9},"end":{"line":6,"column":27}},"loc":{"start":{"line":6,"column":31},"end":{"line":17,"column":1}},"line":6},"1":{"name":"(anonymous_1)","decl":{"start":{"line":9,"column":25},"end":{"line":9,"column":26}},"loc":{"start":{"line":9,"column":32},"end":{"line":15,"column":3}},"line":9}},"branchMap":{"0":{"loc":{"start":{"line":11,"column":4},"end":{"line":14,"column":5}},"type":"if","locations":[{"start":{"line":11,"column":4},"end":{"line":14,"column":5}},{"start":{"line":11,"column":4},"end":{"line":14,"column":5}}],"line":11},"1":{"loc":{"start":{"line":11,"column":8},"end":{"line":11,"column":37}},"type":"binary-expr","locations":[{"start":{"line":11,"column":8},"end":{"line":11,"column":15}},{"start":{"line":11,"column":19},"end":{"line":11,"column":37}}],"line":11},"2":{"loc":{"start":{"line":20,"column":10},"end":{"line":20,"column":49}},"type":"binary-expr","locations":[{"start":{"line":20,"column":10},"end":{"line":20,"column":41}},{"start":{"line":20,"column":45},"end":{"line":20,"column":49}}],"line":20},"3":{"loc":{"start":{"line":21,"column":18},"end":{"line":21,"column":66}},"type":"binary-expr","locations":[{"start":{"line":21,"column":18},"end":{"line":21,"column":58}},{"start":{"line":21,"column":62},"end":{"line":21,"column":66}}],"line":21}},"s":{"0":0,"1":0,"2":0,"3":0,"4":0,"5":0,"6":0,"7":0,"8":0},"f":{"0":0,"1":0},"b":{"0":[0,0],"1":[0,0],"2":[0,0],"3":[0,0]},"hash":"686bfacfa70507f66e2eb9c0771ad2b08d241d6f"}
,"D:\\development\\projects\\vue-test\\src\\components\\cart\\Coupon.vue": {"path":"D:\\development\\projects\\vue-test\\src\\components\\cart\\Coupon.vue","statementMap":{"0":{"start":{"line":32,"column":0},"end":{"line":32,"column":null}},"1":{"start":{"line":36,"column":0},"end":{"line":36,"column":null}}},"fnMap":{"0":{"name":"(anonymous_1)","decl":{"start":{"line":31,"column":0},"end":{"line":31,"column":null}},"loc":{"start":{"line":31,"column":0},"end":{"line":33,"column":null}}},"1":{"name":"(anonymous_2)","decl":{"start":{"line":36,"column":0},"end":{"line":36,"column":null}},"loc":{"start":{"line":36,"column":0},"end":{"line":36,"column":null}}}},"branchMap":{},"s":{"0":0,"1":0},"f":{"0":0,"1":0},"b":{}}
,"D:\\development\\projects\\vue-test\\src\\components\\cart\\CustomerInfo.vue": {"path":"D:\\development\\projects\\vue-test\\src\\components\\cart\\CustomerInfo.vue","statementMap":{"0":{"start":{"line":38,"column":0},"end":{"line":38,"column":null}}},"fnMap":{"0":{"name":"(anonymous_1)","decl":{"start":{"line":37,"column":0},"end":{"line":37,"column":null}},"loc":{"start":{"line":37,"column":0},"end":{"line":39,"column":null}}}},"branchMap":{},"s":{"0":0},"f":{"0":0},"b":{}}
,"D:\\development\\projects\\vue-test\\src\\components\\cart\\ProductItem.vue": {"path":"D:\\development\\projects\\vue-test\\src\\components\\cart\\ProductItem.vue","statementMap":{"0":{"start":{"line":40,"column":0},"end":{"line":40,"column":null}},"1":{"start":{"line":41,"column":0},"end":{"line":41,"column":null}},"2":{"start":{"line":47,"column":0},"end":{"line":47,"column":null}},"3":{"start":{"line":53,"column":0},"end":{"line":53,"column":null}},"4":{"start":{"line":60,"column":0},"end":{"line":62,"column":null}},"5":{"start":{"line":61,"column":0},"end":{"line":61,"column":null}},"6":{"start":{"line":65,"column":0},"end":{"line":67,"column":null}},"7":{"start":{"line":66,"column":0},"end":{"line":66,"column":null}},"8":{"start":{"line":73,"column":0},"end":{"line":73,"column":null}},"9":{"start":{"line":76,"column":0},"end":{"line":76,"column":null}}},"fnMap":{"0":{"name":"(anonymous_1)","decl":{"start":{"line":46,"column":0},"end":{"line":46,"column":null}},"loc":{"start":{"line":46,"column":0},"end":{"line":50,"column":null}}},"1":{"name":"(anonymous_2)","decl":{"start":{"line":53,"column":0},"end":{"line":53,"column":null}},"loc":{"start":{"line":53,"column":0},"end":{"line":53,"column":null}}},"2":{"name":"(anonymous_3)","decl":{"start":{"line":58,"column":0},"end":{"line":58,"column":null}},"loc":{"start":{"line":58,"column":0},"end":{"line":63,"column":null}}},"3":{"name":"(anonymous_4)","decl":{"start":{"line":64,"column":0},"end":{"line":64,"column":null}},"loc":{"start":{"line":64,"column":0},"end":{"line":68,"column":null}}},"4":{"name":"(anonymous_5)","decl":{"start":{"line":72,"column":0},"end":{"line":72,"column":null}},"loc":{"start":{"line":72,"column":0},"end":{"line":74,"column":null}}},"5":{"name":"(anonymous_6)","decl":{"start":{"line":75,"column":0},"end":{"line":75,"column":null}},"loc":{"start":{"line":75,"column":0},"end":{"line":77,"column":null}}}},"branchMap":{"0":{"loc":{"start":{"line":60,"column":0},"end":{"line":62,"column":null}},"type":"if","locations":[{"start":{"line":60,"column":0},"end":{"line":62,"column":null}},{"start":{"line":60,"column":0},"end":{"line":62,"column":null}}]},"1":{"loc":{"start":{"line":65,"column":0},"end":{"line":67,"column":null}},"type":"if","locations":[{"start":{"line":65,"column":0},"end":{"line":67,"column":null}},{"start":{"line":65,"column":0},"end":{"line":67,"column":null}}]}},"s":{"0":0,"1":0,"2":0,"3":0,"4":0,"5":0,"6":0,"7":0,"8":0,"9":0},"f":{"0":0,"1":0,"2":0,"3":0,"4":0,"5":0},"b":{"0":[0,0],"1":[0,0]}}
,"D:\\development\\projects\\vue-test\\src\\components\\cart\\ProductItemList.vue": {"path":"D:\\development\\projects\\vue-test\\src\\components\\cart\\ProductItemList.vue","statementMap":{"0":{"start":{"line":18,"column":0},"end":{"line":18,"column":null}},"1":{"start":{"line":19,"column":0},"end":{"line":19,"column":null}},"2":{"start":{"line":25,"column":0},"end":{"line":25,"column":null}}},"fnMap":{"0":{"name":"(anonymous_1)","decl":{"start":{"line":24,"column":0},"end":{"line":24,"column":null}},"loc":{"start":{"line":24,"column":0},"end":{"line":26,"column":null}}}},"branchMap":{},"s":{"0":0,"1":0,"2":0},"f":{"0":0},"b":{}}
,"D:\\development\\projects\\vue-test\\src\\components\\layouts\\CartIcon.vue": {"path":"D:\\development\\projects\\vue-test\\src\\components\\layouts\\CartIcon.vue","statementMap":{"0":{"start":{"line":13,"column":0},"end":{"line":13,"column":null}}},"fnMap":{"0":{"name":"(anonymous_1)","decl":{"start":{"line":12,"column":0},"end":{"line":12,"column":null}},"loc":{"start":{"line":12,"column":0},"end":{"line":14,"column":null}}}},"branchMap":{},"s":{"0":0},"f":{"0":0},"b":{}}
,"D:\\development\\projects\\vue-test\\src\\components\\layouts\\ContactIcon.vue": {"path":"D:\\development\\projects\\vue-test\\src\\components\\layouts\\ContactIcon.vue","statementMap":{"0":{"start":{"line":8,"column":0},"end":{"line":8,"column":null}},"1":{"start":{"line":13,"column":0},"end":{"line":13,"column":null}}},"fnMap":{"0":{"name":"(anonymous_1)","decl":{"start":{"line":12,"column":0},"end":{"line":12,"column":null}},"loc":{"start":{"line":12,"column":0},"end":{"line":16,"column":null}}}},"branchMap":{},"s":{"0":0,"1":0},"f":{"0":0},"b":{}}
,"D:\\development\\projects\\vue-test\\src\\components\\layouts\\navbars\\HomeNav.vue": {"path":"D:\\development\\projects\\vue-test\\src\\components\\layouts\\navbars\\HomeNav.vue","statementMap":{"0":{"start":{"line":17,"column":0},"end":{"line":17,"column":null}}},"fnMap":{"0":{"name":"(anonymous_1)","decl":{"start":{"line":16,"column":0},"end":{"line":16,"column":null}},"loc":{"start":{"line":16,"column":0},"end":{"line":31,"column":null}}}},"branchMap":{},"s":{"0":0},"f":{"0":0},"b":{}}
,"D:\\development\\projects\\vue-test\\src\\components\\layouts\\navbars\\PurchaseNav.vue": {"path":"D:\\development\\projects\\vue-test\\src\\components\\layouts\\navbars\\PurchaseNav.vue","statementMap":{"0":{"start":{"line":21,"column":0},"end":{"line":21,"column":null}},"1":{"start":{"line":22,"column":0},"end":{"line":22,"column":null}},"2":{"start":{"line":29,"column":0},"end":{"line":29,"column":null}}},"fnMap":{"0":{"name":"(anonymous_1)","decl":{"start":{"line":28,"column":0},"end":{"line":28,"column":null}},"loc":{"start":{"line":28,"column":0},"end":{"line":30,"column":null}}}},"branchMap":{},"s":{"0":0,"1":0,"2":0},"f":{"0":0},"b":{}}
,"D:\\development\\projects\\vue-test\\src\\components\\product-detail\\About.vue": {"path":"D:\\development\\projects\\vue-test\\src\\components\\product-detail\\About.vue","statementMap":{"0":{"start":{"line":13,"column":0},"end":{"line":13,"column":null}}},"fnMap":{"0":{"name":"(anonymous_1)","decl":{"start":{"line":13,"column":0},"end":{"line":13,"column":null}},"loc":{"start":{"line":13,"column":0},"end":{"line":13,"column":null}}}},"branchMap":{},"s":{"0":0},"f":{"0":0},"b":{}}
,"D:\\development\\projects\\vue-test\\src\\components\\product-detail\\Gallery.vue": {"path":"D:\\development\\projects\\vue-test\\src\\components\\product-detail\\Gallery.vue","statementMap":{"0":{"start":{"line":37,"column":0},"end":{"line":37,"column":null}},"1":{"start":{"line":64,"column":0},"end":{"line":64,"column":null}},"2":{"start":{"line":68,"column":0},"end":{"line":68,"column":null}},"3":{"start":{"line":69,"column":0},"end":{"line":69,"column":null}},"4":{"start":{"line":70,"column":0},"end":{"line":70,"column":null}},"5":{"start":{"line":71,"column":0},"end":{"line":71,"column":null}}},"fnMap":{"0":{"name":"(anonymous_1)","decl":{"start":{"line":36,"column":0},"end":{"line":36,"column":null}},"loc":{"start":{"line":36,"column":0},"end":{"line":61,"column":null}}},"1":{"name":"(anonymous_2)","decl":{"start":{"line":64,"column":0},"end":{"line":64,"column":null}},"loc":{"start":{"line":64,"column":0},"end":{"line":64,"column":null}}},"2":{"name":"(anonymous_3)","decl":{"start":{"line":67,"column":0},"end":{"line":67,"column":null}},"loc":{"start":{"line":67,"column":0},"end":{"line":72,"column":null}}}},"branchMap":{},"s":{"0":0,"1":0,"2":0,"3":0,"4":0,"5":0},"f":{"0":0,"1":0,"2":0},"b":{}}
,"D:\\development\\projects\\vue-test\\src\\components\\product-detail\\Price.vue": {"path":"D:\\development\\projects\\vue-test\\src\\components\\product-detail\\Price.vue","statementMap":{"0":{"start":{"line":21,"column":0},"end":{"line":21,"column":null}},"1":{"start":{"line":22,"column":0},"end":{"line":22,"column":null}},"2":{"start":{"line":29,"column":0},"end":{"line":29,"column":null}},"3":{"start":{"line":37,"column":0},"end":{"line":37,"column":null}},"4":{"start":{"line":42,"column":0},"end":{"line":44,"column":null}},"5":{"start":{"line":43,"column":0},"end":{"line":43,"column":null}},"6":{"start":{"line":47,"column":0},"end":{"line":49,"column":null}},"7":{"start":{"line":48,"column":0},"end":{"line":48,"column":null}}},"fnMap":{"0":{"name":"(anonymous_1)","decl":{"start":{"line":29,"column":0},"end":{"line":29,"column":null}},"loc":{"start":{"line":29,"column":0},"end":{"line":29,"column":null}}},"1":{"name":"(anonymous_2)","decl":{"start":{"line":36,"column":0},"end":{"line":36,"column":null}},"loc":{"start":{"line":36,"column":0},"end":{"line":38,"column":null}}},"2":{"name":"(anonymous_3)","decl":{"start":{"line":41,"column":0},"end":{"line":41,"column":null}},"loc":{"start":{"line":41,"column":0},"end":{"line":45,"column":null}}},"3":{"name":"(anonymous_4)","decl":{"start":{"line":46,"column":0},"end":{"line":46,"column":null}},"loc":{"start":{"line":46,"column":0},"end":{"line":50,"column":null}}}},"branchMap":{"0":{"loc":{"start":{"line":42,"column":0},"end":{"line":44,"column":null}},"type":"if","locations":[{"start":{"line":42,"column":0},"end":{"line":44,"column":null}},{"start":{"line":42,"column":0},"end":{"line":44,"column":null}}]},"1":{"loc":{"start":{"line":47,"column":0},"end":{"line":49,"column":null}},"type":"if","locations":[{"start":{"line":47,"column":0},"end":{"line":49,"column":null}},{"start":{"line":47,"column":0},"end":{"line":49,"column":null}}]}},"s":{"0":0,"1":0,"2":0,"3":0,"4":0,"5":0,"6":0,"7":0},"f":{"0":0,"1":0,"2":0,"3":0},"b":{"0":[0,0],"1":[0,0]}}
,"D:\\development\\projects\\vue-test\\src\\components\\product-detail\\ProductNotFound.vue": {"path":"D:\\development\\projects\\vue-test\\src\\components\\product-detail\\ProductNotFound.vue","statementMap":{"0":{"start":{"line":15,"column":0},"end":{"line":15,"column":null}},"1":{"start":{"line":20,"column":0},"end":{"line":20,"column":null}},"2":{"start":{"line":21,"column":0},"end":{"line":21,"column":null}},"3":{"start":{"line":28,"column":0},"end":{"line":28,"column":null}},"4":{"start":{"line":31,"column":0},"end":{"line":31,"column":null}}},"fnMap":{"0":{"name":"(anonymous_1)","decl":{"start":{"line":19,"column":0},"end":{"line":19,"column":null}},"loc":{"start":{"line":19,"column":0},"end":{"line":22,"column":null}}},"1":{"name":"(anonymous_2)","decl":{"start":{"line":27,"column":0},"end":{"line":27,"column":null}},"loc":{"start":{"line":27,"column":0},"end":{"line":29,"column":null}}},"2":{"name":"(anonymous_3)","decl":{"start":{"line":30,"column":0},"end":{"line":30,"column":null}},"loc":{"start":{"line":30,"column":0},"end":{"line":35,"column":null}}}},"branchMap":{"0":{"loc":{"start":{"line":28,"column":0},"end":{"line":28,"column":null}},"type":"binary-expr","locations":[{"start":{"line":28,"column":0},"end":{"line":28,"column":null}},{"start":{"line":28,"column":0},"end":{"line":28,"column":null}}]}},"s":{"0":0,"1":0,"2":0,"3":0,"4":0},"f":{"0":0,"1":0,"2":0},"b":{"0":[0,0]}}
,"D:\\development\\projects\\vue-test\\src\\components\\product-detail\\Title.vue": {"path":"D:\\development\\projects\\vue-test\\src\\components\\product-detail\\Title.vue","statementMap":{"0":{"start":{"line":13,"column":0},"end":{"line":13,"column":null}}},"fnMap":{"0":{"name":"(anonymous_1)","decl":{"start":{"line":13,"column":0},"end":{"line":13,"column":null}},"loc":{"start":{"line":13,"column":0},"end":{"line":13,"column":null}}}},"branchMap":{},"s":{"0":0},"f":{"0":0},"b":{}}
,"D:\\development\\projects\\vue-test\\src\\components\\search\\SearchInput.vue": {"path":"D:\\development\\projects\\vue-test\\src\\components\\search\\SearchInput.vue","statementMap":{"0":{"start":{"line":45,"column":0},"end":{"line":45,"column":null}},"1":{"start":{"line":46,"column":0},"end":{"line":46,"column":null}},"2":{"start":{"line":47,"column":0},"end":{"line":47,"column":null}},"3":{"start":{"line":53,"column":0},"end":{"line":53,"column":null}},"4":{"start":{"line":58,"column":0},"end":{"line":58,"column":null}},"5":{"start":{"line":63,"column":0},"end":{"line":63,"column":null}},"6":{"start":{"line":64,"column":0},"end":{"line":64,"column":null}},"7":{"start":{"line":67,"column":0},"end":{"line":67,"column":null}},"8":{"start":{"line":68,"column":0},"end":{"line":68,"column":null}},"9":{"start":{"line":69,"column":0},"end":{"line":69,"column":null}},"10":{"start":{"line":72,"column":0},"end":{"line":72,"column":null}},"11":{"start":{"line":73,"column":0},"end":{"line":86,"column":null}},"12":{"start":{"line":74,"column":0},"end":{"line":74,"column":null}},"13":{"start":{"line":80,"column":0},"end":{"line":83,"column":null}},"14":{"start":{"line":81,"column":0},"end":{"line":81,"column":null}},"15":{"start":{"line":82,"column":0},"end":{"line":82,"column":null}},"16":{"start":{"line":85,"column":0},"end":{"line":85,"column":null}}},"fnMap":{"0":{"name":"(anonymous_1)","decl":{"start":{"line":52,"column":0},"end":{"line":52,"column":null}},"loc":{"start":{"line":52,"column":0},"end":{"line":54,"column":null}}},"1":{"name":"(anonymous_2)","decl":{"start":{"line":57,"column":0},"end":{"line":57,"column":null}},"loc":{"start":{"line":57,"column":0},"end":{"line":59,"column":null}}},"2":{"name":"(anonymous_3)","decl":{"start":{"line":62,"column":0},"end":{"line":62,"column":null}},"loc":{"start":{"line":62,"column":0},"end":{"line":65,"column":null}}},"3":{"name":"(anonymous_4)","decl":{"start":{"line":66,"column":0},"end":{"line":66,"column":null}},"loc":{"start":{"line":66,"column":0},"end":{"line":70,"column":null}}},"4":{"name":"(anonymous_5)","decl":{"start":{"line":71,"column":0},"end":{"line":71,"column":null}},"loc":{"start":{"line":71,"column":0},"end":{"line":87,"column":null}}}},"branchMap":{"0":{"loc":{"start":{"line":58,"column":0},"end":{"line":58,"column":null}},"type":"binary-expr","locations":[{"start":{"line":58,"column":0},"end":{"line":58,"column":null}},{"start":{"line":58,"column":0},"end":{"line":58,"column":null}}]},"1":{"loc":{"start":{"line":80,"column":0},"end":{"line":83,"column":null}},"type":"if","locations":[{"start":{"line":80,"column":0},"end":{"line":83,"column":null}},{"start":{"line":80,"column":0},"end":{"line":83,"column":null}}]},"2":{"loc":{"start":{"line":80,"column":0},"end":{"line":80,"column":null}},"type":"binary-expr","locations":[{"start":{"line":80,"column":0},"end":{"line":80,"column":null}},{"start":{"line":80,"column":0},"end":{"line":80,"column":null}}]}},"s":{"0":0,"1":0,"2":0,"3":0,"4":0,"5":0,"6":0,"7":0,"8":0,"9":0,"10":0,"11":0,"12":0,"13":0,"14":0,"15":0,"16":0},"f":{"0":0,"1":0,"2":0,"3":0,"4":0},"b":{"0":[0,0],"1":[0,0],"2":[0,0]}}
,"D:\\development\\projects\\vue-test\\src\\components\\shop\\SellerContactFloating.vue": {"path":"D:\\development\\projects\\vue-test\\src\\components\\shop\\SellerContactFloating.vue","statementMap":{"0":{"start":{"line":17,"column":0},"end":{"line":17,"column":null}},"1":{"start":{"line":21,"column":0},"end":{"line":21,"column":null}}},"fnMap":{"0":{"name":"(anonymous_1)","decl":{"start":{"line":20,"column":0},"end":{"line":20,"column":null}},"loc":{"start":{"line":20,"column":0},"end":{"line":24,"column":null}}}},"branchMap":{},"s":{"0":0,"1":0},"f":{"0":0},"b":{}}
,"D:\\development\\projects\\vue-test\\src\\components\\shop\\ShopFavourites.vue": {"path":"D:\\development\\projects\\vue-test\\src\\components\\shop\\ShopFavourites.vue","statementMap":{"0":{"start":{"line":18,"column":0},"end":{"line":18,"column":null}},"1":{"start":{"line":26,"column":0},"end":{"line":26,"column":null}}},"fnMap":{"0":{"name":"(anonymous_1)","decl":{"start":{"line":26,"column":0},"end":{"line":26,"column":null}},"loc":{"start":{"line":26,"column":0},"end":{"line":26,"column":null}}}},"branchMap":{},"s":{"0":0,"1":0},"f":{"0":0},"b":{}}
,"D:\\development\\projects\\vue-test\\src\\components\\shop\\ShopNotFound.vue": {"path":"D:\\development\\projects\\vue-test\\src\\components\\shop\\ShopNotFound.vue","statementMap":{"0":{"start":{"line":15,"column":0},"end":{"line":15,"column":null}},"1":{"start":{"line":20,"column":0},"end":{"line":20,"column":null}},"2":{"start":{"line":21,"column":0},"end":{"line":21,"column":null}},"3":{"start":{"line":28,"column":0},"end":{"line":28,"column":null}},"4":{"start":{"line":31,"column":0},"end":{"line":31,"column":null}}},"fnMap":{"0":{"name":"(anonymous_1)","decl":{"start":{"line":19,"column":0},"end":{"line":19,"column":null}},"loc":{"start":{"line":19,"column":0},"end":{"line":22,"column":null}}},"1":{"name":"(anonymous_2)","decl":{"start":{"line":27,"column":0},"end":{"line":27,"column":null}},"loc":{"start":{"line":27,"column":0},"end":{"line":29,"column":null}}},"2":{"name":"(anonymous_3)","decl":{"start":{"line":30,"column":0},"end":{"line":30,"column":null}},"loc":{"start":{"line":30,"column":0},"end":{"line":35,"column":null}}}},"branchMap":{},"s":{"0":0,"1":0,"2":0,"3":0,"4":0},"f":{"0":0,"1":0,"2":0},"b":{}}
,"D:\\development\\projects\\vue-test\\src\\components\\shop\\ShopProfileBanner.vue": {"path":"D:\\development\\projects\\vue-test\\src\\components\\shop\\ShopProfileBanner.vue","statementMap":{"0":{"start":{"line":26,"column":0},"end":{"line":26,"column":null}}},"fnMap":{"0":{"name":"(anonymous_1)","decl":{"start":{"line":26,"column":0},"end":{"line":26,"column":null}},"loc":{"start":{"line":26,"column":0},"end":{"line":26,"column":null}}}},"branchMap":{},"s":{"0":0},"f":{"0":0},"b":{}}
,"D:\\development\\projects\\vue-test\\src\\components\\shop\\ShopCategories\\Index.vue": {"path":"D:\\development\\projects\\vue-test\\src\\components\\shop\\ShopCategories\\Index.vue","statementMap":{"0":{"start":{"line":15,"column":0},"end":{"line":15,"column":null}},"1":{"start":{"line":20,"column":0},"end":{"line":20,"column":null}},"2":{"start":{"line":30,"column":0},"end":{"line":30,"column":null}},"3":{"start":{"line":65,"column":0},"end":{"line":65,"column":null}}},"fnMap":{"0":{"name":"(anonymous_1)","decl":{"start":{"line":20,"column":0},"end":{"line":20,"column":null}},"loc":{"start":{"line":20,"column":0},"end":{"line":20,"column":null}}},"1":{"name":"(anonymous_2)","decl":{"start":{"line":23,"column":0},"end":{"line":23,"column":null}},"loc":{"start":{"line":23,"column":0},"end":{"line":23,"column":null}}},"2":{"name":"(anonymous_3)","decl":{"start":{"line":29,"column":0},"end":{"line":29,"column":null}},"loc":{"start":{"line":29,"column":0},"end":{"line":62,"column":null}}},"3":{"name":"(anonymous_4)","decl":{"start":{"line":64,"column":0},"end":{"line":64,"column":null}},"loc":{"start":{"line":64,"column":0},"end":{"line":66,"column":null}}}},"branchMap":{},"s":{"0":0,"1":0,"2":0,"3":0},"f":{"0":0,"1":0,"2":0,"3":0},"b":{}}
,"D:\\development\\projects\\vue-test\\src\\components\\shop\\ShopCategories\\Item.vue": {"path":"D:\\development\\projects\\vue-test\\src\\components\\shop\\ShopCategories\\Item.vue","statementMap":{"0":{"start":{"line":20,"column":0},"end":{"line":20,"column":null}}},"fnMap":{"0":{"name":"(anonymous_1)","decl":{"start":{"line":20,"column":0},"end":{"line":20,"column":null}},"loc":{"start":{"line":20,"column":0},"end":{"line":20,"column":null}}}},"branchMap":{},"s":{"0":0},"f":{"0":0},"b":{}}
,"D:\\development\\projects\\vue-test\\src\\filters\\currencyFormat.js": {"path":"D:\\development\\projects\\vue-test\\src\\filters\\currencyFormat.js","statementMap":{"0":{"start":{"line":2,"column":4},"end":{"line":2,"column":81}}},"fnMap":{"0":{"name":"(anonymous_0)","decl":{"start":{"line":1,"column":15},"end":{"line":1,"column":16}},"loc":{"start":{"line":1,"column":67},"end":{"line":3,"column":3}},"line":1}},"branchMap":{"0":{"loc":{"start":{"line":1,"column":32},"end":{"line":1,"column":47}},"type":"default-arg","locations":[{"start":{"line":1,"column":40},"end":{"line":1,"column":47}}],"line":1},"1":{"loc":{"start":{"line":1,"column":49},"end":{"line":1,"column":65}},"type":"default-arg","locations":[{"start":{"line":1,"column":60},"end":{"line":1,"column":65}}],"line":1}},"s":{"0":0},"f":{"0":0},"b":{"0":[0],"1":[0]},"hash":"bbb4a54a4ce909a86c60105246e45eb943bd28f8"}
,"D:\\development\\projects\\vue-test\\src\\helpers\\freezeBackground.js": {"path":"D:\\development\\projects\\vue-test\\src\\helpers\\freezeBackground.js","statementMap":{"0":{"start":{"line":1,"column":22},"end":{"line":5,"column":1}},"1":{"start":{"line":3,"column":2},"end":{"line":3,"column":41}},"2":{"start":{"line":4,"column":2},"end":{"line":4,"column":51}},"3":{"start":{"line":7,"column":24},"end":{"line":13,"column":1}},"4":{"start":{"line":9,"column":18},"end":{"line":9,"column":41}},"5":{"start":{"line":10,"column":2},"end":{"line":10,"column":36}},"6":{"start":{"line":11,"column":2},"end":{"line":11,"column":31}},"7":{"start":{"line":12,"column":2},"end":{"line":12,"column":52}}},"fnMap":{"0":{"name":"(anonymous_0)","decl":{"start":{"line":1,"column":22},"end":{"line":1,"column":23}},"loc":{"start":{"line":1,"column":28},"end":{"line":5,"column":1}},"line":1},"1":{"name":"(anonymous_1)","decl":{"start":{"line":7,"column":24},"end":{"line":7,"column":25}},"loc":{"start":{"line":7,"column":30},"end":{"line":13,"column":1}},"line":7}},"branchMap":{"0":{"loc":{"start":{"line":12,"column":30},"end":{"line":12,"column":44}},"type":"binary-expr","locations":[{"start":{"line":12,"column":30},"end":{"line":12,"column":37}},{"start":{"line":12,"column":41},"end":{"line":12,"column":44}}],"line":12}},"s":{"0":0,"1":0,"2":0,"3":0,"4":0,"5":0,"6":0,"7":0},"f":{"0":0,"1":0},"b":{"0":[0,0]},"hash":"f6cf9d7882fe25a69585bf3c573ab734ee77d7ef"}
,"D:\\development\\projects\\vue-test\\src\\helpers\\underscore.js": {"path":"D:\\development\\projects\\vue-test\\src\\helpers\\underscore.js","statementMap":{"0":{"start":{"line":5,"column":12},"end":{"line":5,"column":20}},"1":{"start":{"line":5,"column":26},"end":{"line":5,"column":159}},"2":{"start":{"line":5,"column":171},"end":{"line":5,"column":186}},"3":{"start":{"line":5,"column":196},"end":{"line":5,"column":212}},"4":{"start":{"line":5,"column":225},"end":{"line":5,"column":273}},"5":{"start":{"line":5,"column":279},"end":{"line":5,"column":294}},"6":{"start":{"line":5,"column":301},"end":{"line":5,"column":317}},"7":{"start":{"line":5,"column":327},"end":{"line":5,"column":344}},"8":{"start":{"line":5,"column":360},"end":{"line":5,"column":383}},"9":{"start":{"line":5,"column":404},"end":{"line":5,"column":435}},"10":{"start":{"line":5,"column":453},"end":{"line":5,"column":481}},"11":{"start":{"line":5,"column":496},"end":{"line":5,"column":509}},"12":{"start":{"line":5,"column":521},"end":{"line":5,"column":532}},"13":{"start":{"line":5,"column":546},"end":{"line":5,"column":559}},"14":{"start":{"line":5,"column":573},"end":{"line":5,"column":612}},"15":{"start":{"line":5,"column":620},"end":{"line":5,"column":625}},"16":{"start":{"line":5,"column":636},"end":{"line":5,"column":644}},"17":{"start":{"line":5,"column":656},"end":{"line":5,"column":705}},"18":{"start":{"line":5,"column":725},"end":{"line":5,"column":820}},"19":{"start":{"line":5,"column":837},"end":{"line":5,"column":853}},"20":{"start":{"line":5,"column":882},"end":{"line":5,"column":1225}},"21":{"start":{"line":5,"column":924},"end":{"line":5,"column":1008}},"22":{"start":{"line":5,"column":934},"end":{"line":5,"column":964}},"23":{"start":{"line":5,"column":967},"end":{"line":5,"column":975}},"24":{"start":{"line":5,"column":978},"end":{"line":5,"column":979}},"25":{"start":{"line":5,"column":988},"end":{"line":5,"column":1008}},"26":{"start":{"line":5,"column":1008},"end":{"line":5,"column":1144}},"27":{"start":{"line":5,"column":1025},"end":{"line":5,"column":1047}},"28":{"start":{"line":5,"column":1054},"end":{"line":5,"column":1089}},"29":{"start":{"line":5,"column":1096},"end":{"line":5,"column":1143}},"30":{"start":{"line":5,"column":1150},"end":{"line":5,"column":1160}},"31":{"start":{"line":5,"column":1161},"end":{"line":5,"column":1195}},"32":{"start":{"line":5,"column":1177},"end":{"line":5,"column":1195}},"33":{"start":{"line":5,"column":1195},"end":{"line":5,"column":1224}},"34":{"start":{"line":5,"column":1253},"end":{"line":5,"column":1261}},"35":{"start":{"line":5,"column":1262},"end":{"line":5,"column":1301}},"36":{"start":{"line":5,"column":1321},"end":{"line":5,"column":1336}},"37":{"start":{"line":5,"column":1361},"end":{"line":5,"column":1378}},"38":{"start":{"line":5,"column":1401},"end":{"line":5,"column":1460}},"39":{"start":{"line":5,"column":1483},"end":{"line":5,"column":1510}},"40":{"start":{"line":5,"column":1539},"end":{"line":5,"column":1555}},"41":{"start":{"line":5,"column":1556},"end":{"line":5,"column":1603}},"42":{"start":{"line":5,"column":1575},"end":{"line":5,"column":1602}},"43":{"start":{"line":5,"column":1617},"end":{"line":5,"column":1636}},"44":{"start":{"line":5,"column":1646},"end":{"line":5,"column":1665}},"45":{"start":{"line":5,"column":1673},"end":{"line":5,"column":1690}},"46":{"start":{"line":5,"column":1700},"end":{"line":5,"column":1719}},"47":{"start":{"line":5,"column":1728},"end":{"line":5,"column":1746}},"48":{"start":{"line":5,"column":1756},"end":{"line":5,"column":1775}},"49":{"start":{"line":5,"column":1790},"end":{"line":5,"column":1814}},"50":{"start":{"line":5,"column":1826},"end":{"line":5,"column":1847}},"51":{"start":{"line":5,"column":1857},"end":{"line":5,"column":1896}},"52":{"start":{"line":5,"column":1897},"end":{"line":5,"column":2034}},"53":{"start":{"line":5,"column":2001},"end":{"line":5,"column":2031}},"54":{"start":{"line":5,"column":2051},"end":{"line":5,"column":2061}},"55":{"start":{"line":5,"column":2075},"end":{"line":5,"column":2094}},"56":{"start":{"line":5,"column":2111},"end":{"line":5,"column":2175}},"57":{"start":{"line":5,"column":2183},"end":{"line":5,"column":2229}},"58":{"start":{"line":5,"column":2241},"end":{"line":5,"column":2262}},"59":{"start":{"line":5,"column":2290},"end":{"line":5,"column":2354}},"60":{"start":{"line":5,"column":2372},"end":{"line":5,"column":2413}},"61":{"start":{"line":5,"column":2422},"end":{"line":5,"column":2455}},"62":{"start":{"line":5,"column":2476},"end":{"line":5,"column":2516}},"63":{"start":{"line":5,"column":2533},"end":{"line":5,"column":2555}},"64":{"start":{"line":5,"column":2556},"end":{"line":5,"column":2647}},"65":{"start":{"line":5,"column":2568},"end":{"line":5,"column":2643}},"66":{"start":{"line":5,"column":2617},"end":{"line":5,"column":2641}},"67":{"start":{"line":5,"column":2665},"end":{"line":5,"column":2676}},"68":{"start":{"line":5,"column":2700},"end":{"line":5,"column":2755}},"69":{"start":{"line":5,"column":2776},"end":{"line":5,"column":2805}},"70":{"start":{"line":5,"column":2827},"end":{"line":5,"column":2854}},"71":{"start":{"line":5,"column":2845},"end":{"line":5,"column":2853}},"72":{"start":{"line":5,"column":2891},"end":{"line":5,"column":2972}},"73":{"start":{"line":5,"column":2916},"end":{"line":5,"column":2920}},"74":{"start":{"line":5,"column":2921},"end":{"line":5,"column":2971}},"75":{"start":{"line":5,"column":3001},"end":{"line":5,"column":3047}},"76":{"start":{"line":5,"column":3020},"end":{"line":5,"column":3046}},"77":{"start":{"line":5,"column":3066},"end":{"line":5,"column":3095}},"78":{"start":{"line":5,"column":3109},"end":{"line":5,"column":3147}},"79":{"start":{"line":5,"column":3166},"end":{"line":5,"column":3243}},"80":{"start":{"line":5,"column":3269},"end":{"line":5,"column":3380}},"81":{"start":{"line":5,"column":3400},"end":{"line":5,"column":3445}},"82":{"start":{"line":5,"column":3456},"end":{"line":5,"column":3481}},"83":{"start":{"line":5,"column":3506},"end":{"line":5,"column":3553}},"84":{"start":{"line":5,"column":3516},"end":{"line":5,"column":3518}},"85":{"start":{"line":5,"column":3521},"end":{"line":5,"column":3529}},"86":{"start":{"line":5,"column":3532},"end":{"line":5,"column":3533}},"87":{"start":{"line":5,"column":3542},"end":{"line":5,"column":3553}},"88":{"start":{"line":5,"column":3553},"end":{"line":5,"column":3637}},"89":{"start":{"line":5,"column":3581},"end":{"line":5,"column":3592}},"90":{"start":{"line":5,"column":3611},"end":{"line":5,"column":3635}},"91":{"start":{"line":5,"column":3672},"end":{"line":5,"column":3689}},"92":{"start":{"line":5,"column":3695},"end":{"line":5,"column":3720}},"93":{"start":{"line":5,"column":3723},"end":{"line":5,"column":3736}},"94":{"start":{"line":5,"column":3739},"end":{"line":5,"column":3777}},"95":{"start":{"line":5,"column":3780},"end":{"line":5,"column":3793}},"96":{"start":{"line":5,"column":3794},"end":{"line":5,"column":3910}},"97":{"start":{"line":5,"column":3841},"end":{"line":5,"column":3910}},"98":{"start":{"line":5,"column":3928},"end":{"line":5,"column":3953}},"99":{"start":{"line":5,"column":3944},"end":{"line":5,"column":3953}},"100":{"start":{"line":5,"column":3953},"end":{"line":5,"column":3988}},"101":{"start":{"line":5,"column":3967},"end":{"line":5,"column":3988}},"102":{"start":{"line":5,"column":3994},"end":{"line":5,"column":3996}},"103":{"start":{"line":5,"column":3997},"end":{"line":5,"column":4034}},"104":{"start":{"line":5,"column":4012},"end":{"line":5,"column":4034}},"105":{"start":{"line":5,"column":4034},"end":{"line":5,"column":4079}},"106":{"start":{"line":5,"column":4100},"end":{"line":5,"column":4120}},"107":{"start":{"line":5,"column":4111},"end":{"line":5,"column":4120}},"108":{"start":{"line":5,"column":4126},"end":{"line":5,"column":4138}},"109":{"start":{"line":5,"column":4139},"end":{"line":5,"column":4237}},"110":{"start":{"line":5,"column":4266},"end":{"line":5,"column":4273}},"111":{"start":{"line":5,"column":4276},"end":{"line":5,"column":4284}},"112":{"start":{"line":5,"column":4285},"end":{"line":5,"column":4305}},"113":{"start":{"line":5,"column":4296},"end":{"line":5,"column":4305}},"114":{"start":{"line":5,"column":4305},"end":{"line":5,"column":4384}},"115":{"start":{"line":5,"column":4315},"end":{"line":5,"column":4324}},"116":{"start":{"line":5,"column":4327},"end":{"line":5,"column":4328}},"117":{"start":{"line":5,"column":4344},"end":{"line":5,"column":4348}},"118":{"start":{"line":5,"column":4349},"end":{"line":5,"column":4383}},"119":{"start":{"line":5,"column":4375},"end":{"line":5,"column":4383}},"120":{"start":{"line":5,"column":4384},"end":{"line":5,"column":4392}},"121":{"start":{"line":5,"column":4409},"end":{"line":5,"column":4487}},"122":{"start":{"line":5,"column":4513},"end":{"line":5,"column":4580}},"123":{"start":{"line":5,"column":4581},"end":{"line":5,"column":4781}},"124":{"start":{"line":5,"column":4632},"end":{"line":5,"column":4652}},"125":{"start":{"line":5,"column":4751},"end":{"line":5,"column":4779}},"126":{"start":{"line":5,"column":4797},"end":{"line":5,"column":4816}},"127":{"start":{"line":5,"column":4838},"end":{"line":5,"column":4870}},"128":{"start":{"line":5,"column":4847},"end":{"line":5,"column":4870}},"129":{"start":{"line":5,"column":4870},"end":{"line":5,"column":4899}},"130":{"start":{"line":5,"column":4890},"end":{"line":5,"column":4899}},"131":{"start":{"line":5,"column":4899},"end":{"line":5,"column":4919}},"132":{"start":{"line":5,"column":4907},"end":{"line":5,"column":4919}},"133":{"start":{"line":5,"column":4925},"end":{"line":5,"column":4933}},"134":{"start":{"line":5,"column":4934},"end":{"line":5,"column":5007}},"135":{"start":{"line":5,"column":5033},"end":{"line":5,"column":5099}},"136":{"start":{"line":5,"column":5105},"end":{"line":5,"column":5121}},"137":{"start":{"line":5,"column":5122},"end":{"line":5,"column":5155}},"138":{"start":{"line":5,"column":5146},"end":{"line":5,"column":5155}},"139":{"start":{"line":5,"column":5155},"end":{"line":5,"column":5257}},"140":{"start":{"line":5,"column":5214},"end":{"line":5,"column":5243}},"141":{"start":{"line":5,"column":5234},"end":{"line":5,"column":5243}},"142":{"start":{"line":5,"column":5243},"end":{"line":5,"column":5256}},"143":{"start":{"line":5,"column":5257},"end":{"line":5,"column":5631}},"144":{"start":{"line":5,"column":5311},"end":{"line":5,"column":5328}},"145":{"start":{"line":5,"column":5350},"end":{"line":5,"column":5393}},"146":{"start":{"line":5,"column":5436},"end":{"line":5,"column":5449}},"147":{"start":{"line":5,"column":5471},"end":{"line":5,"column":5536}},"148":{"start":{"line":5,"column":5580},"end":{"line":5,"column":5630}},"149":{"start":{"line":5,"column":5637},"end":{"line":5,"column":5657}},"150":{"start":{"line":5,"column":5658},"end":{"line":5,"column":5798}},"151":{"start":{"line":5,"column":5684},"end":{"line":5,"column":5732}},"152":{"start":{"line":5,"column":5723},"end":{"line":5,"column":5732}},"153":{"start":{"line":5,"column":5732},"end":{"line":5,"column":5793}},"154":{"start":{"line":5,"column":5784},"end":{"line":5,"column":5793}},"155":{"start":{"line":5,"column":5793},"end":{"line":5,"column":5797}},"156":{"start":{"line":5,"column":5798},"end":{"line":5,"column":6017}},"157":{"start":{"line":5,"column":5805},"end":{"line":5,"column":5856}},"158":{"start":{"line":5,"column":5847},"end":{"line":5,"column":5856}},"159":{"start":{"line":5,"column":5862},"end":{"line":5,"column":5875}},"160":{"start":{"line":5,"column":5878},"end":{"line":5,"column":5891}},"161":{"start":{"line":5,"column":5892},"end":{"line":5,"column":6016}},"162":{"start":{"line":5,"column":6008},"end":{"line":5,"column":6016}},"163":{"start":{"line":5,"column":6017},"end":{"line":5,"column":6025}},"164":{"start":{"line":5,"column":6025},"end":{"line":5,"column":6085}},"165":{"start":{"line":5,"column":6035},"end":{"line":5,"column":6051}},"166":{"start":{"line":5,"column":6057},"end":{"line":5,"column":6085}},"167":{"start":{"line":5,"column":6069},"end":{"line":5,"column":6085}},"168":{"start":{"line":5,"column":6085},"end":{"line":5,"column":6310}},"169":{"start":{"line":5,"column":6111},"end":{"line":5,"column":6147}},"170":{"start":{"line":5,"column":6138},"end":{"line":5,"column":6147}},"171":{"start":{"line":5,"column":6147},"end":{"line":5,"column":6187}},"172":{"start":{"line":5,"column":6157},"end":{"line":5,"column":6187}},"173":{"start":{"line":5,"column":6179},"end":{"line":5,"column":6187}},"174":{"start":{"line":5,"column":6201},"end":{"line":5,"column":6208}},"175":{"start":{"line":5,"column":6209},"end":{"line":5,"column":6251}},"176":{"start":{"line":5,"column":6242},"end":{"line":5,"column":6251}},"177":{"start":{"line":5,"column":6251},"end":{"line":5,"column":6309}},"178":{"start":{"line":5,"column":6261},"end":{"line":5,"column":6309}},"179":{"start":{"line":5,"column":6301},"end":{"line":5,"column":6309}},"180":{"start":{"line":5,"column":6310},"end":{"line":5,"column":6335}},"181":{"start":{"line":5,"column":6358},"end":{"line":5,"column":6372}},"182":{"start":{"line":5,"column":6393},"end":{"line":5,"column":6418}},"183":{"start":{"line":5,"column":6409},"end":{"line":5,"column":6418}},"184":{"start":{"line":5,"column":6424},"end":{"line":5,"column":6426}},"185":{"start":{"line":5,"column":6427},"end":{"line":5,"column":6452}},"186":{"start":{"line":5,"column":6442},"end":{"line":5,"column":6452}},"187":{"start":{"line":5,"column":6452},"end":{"line":5,"column":6497}},"188":{"start":{"line":5,"column":6532},"end":{"line":5,"column":6544}},"189":{"start":{"line":5,"column":6545},"end":{"line":5,"column":6738}},"190":{"start":{"line":5,"column":6564},"end":{"line":5,"column":6584}},"191":{"start":{"line":5,"column":6575},"end":{"line":5,"column":6584}},"192":{"start":{"line":5,"column":6590},"end":{"line":5,"column":6600}},"193":{"start":{"line":5,"column":6601},"end":{"line":5,"column":6626}},"194":{"start":{"line":5,"column":6617},"end":{"line":5,"column":6626}},"195":{"start":{"line":5,"column":6626},"end":{"line":5,"column":6681}},"196":{"start":{"line":5,"column":6636},"end":{"line":5,"column":6637}},"197":{"start":{"line":5,"column":6646},"end":{"line":5,"column":6681}},"198":{"start":{"line":5,"column":6672},"end":{"line":5,"column":6681}},"199":{"start":{"line":5,"column":6681},"end":{"line":5,"column":6737}},"200":{"start":{"line":5,"column":6755},"end":{"line":5,"column":6764}},"201":{"start":{"line":5,"column":6773},"end":{"line":5,"column":6778}},"202":{"start":{"line":5,"column":6790},"end":{"line":5,"column":6808}},"203":{"start":{"line":5,"column":6817},"end":{"line":5,"column":6838}},"204":{"start":{"line":5,"column":6850},"end":{"line":5,"column":6888}},"205":{"start":{"line":5,"column":6904},"end":{"line":5,"column":6930}},"206":{"start":{"line":5,"column":6942},"end":{"line":5,"column":6988}},"207":{"start":{"line":5,"column":6995},"end":{"line":5,"column":7046}},"208":{"start":{"line":5,"column":7057},"end":{"line":5,"column":7116}},"209":{"start":{"line":5,"column":7123},"end":{"line":5,"column":7174}},"210":{"start":{"line":5,"column":7185},"end":{"line":5,"column":7205}},"211":{"start":{"line":5,"column":7225},"end":{"line":5,"column":7290}},"212":{"start":{"line":5,"column":7235},"end":{"line":5,"column":7242}},"213":{"start":{"line":5,"column":7245},"end":{"line":5,"column":7253}},"214":{"start":{"line":5,"column":7256},"end":{"line":5,"column":7264}},"215":{"start":{"line":5,"column":7267},"end":{"line":5,"column":7268}},"216":{"start":{"line":5,"column":7277},"end":{"line":5,"column":7290}},"217":{"start":{"line":5,"column":7290},"end":{"line":5,"column":7298}},"218":{"start":{"line":5,"column":7317},"end":{"line":5,"column":7389}},"219":{"start":{"line":5,"column":7327},"end":{"line":5,"column":7334}},"220":{"start":{"line":5,"column":7337},"end":{"line":5,"column":7345}},"221":{"start":{"line":5,"column":7348},"end":{"line":5,"column":7356}},"222":{"start":{"line":5,"column":7359},"end":{"line":5,"column":7360}},"223":{"start":{"line":5,"column":7369},"end":{"line":5,"column":7389}},"224":{"start":{"line":5,"column":7389},"end":{"line":5,"column":7397}},"225":{"start":{"line":5,"column":7417},"end":{"line":5,"column":7479}},"226":{"start":{"line":5,"column":7427},"end":{"line":5,"column":7429}},"227":{"start":{"line":5,"column":7432},"end":{"line":5,"column":7439}},"228":{"start":{"line":5,"column":7442},"end":{"line":5,"column":7443}},"229":{"start":{"line":5,"column":7446},"end":{"line":5,"column":7454}},"230":{"start":{"line":5,"column":7463},"end":{"line":5,"column":7479}},"231":{"start":{"line":5,"column":7479},"end":{"line":5,"column":7487}},"232":{"start":{"line":5,"column":7516},"end":{"line":5,"column":7518}},"233":{"start":{"line":5,"column":7519},"end":{"line":5,"column":7564}},"234":{"start":{"line":5,"column":7534},"end":{"line":5,"column":7564}},"235":{"start":{"line":5,"column":7564},"end":{"line":5,"column":7579}},"236":{"start":{"line":5,"column":7609},"end":{"line":5,"column":7817}},"237":{"start":{"line":5,"column":7634},"end":{"line":5,"column":7650}},"238":{"start":{"line":5,"column":7651},"end":{"line":5,"column":7693}},"239":{"start":{"line":5,"column":7684},"end":{"line":5,"column":7693}},"240":{"start":{"line":5,"column":7693},"end":{"line":5,"column":7808}},"241":{"start":{"line":5,"column":7703},"end":{"line":5,"column":7704}},"242":{"start":{"line":5,"column":7713},"end":{"line":5,"column":7808}},"243":{"start":{"line":5,"column":7723},"end":{"line":5,"column":7735}},"244":{"start":{"line":5,"column":7738},"end":{"line":5,"column":7742}},"245":{"start":{"line":5,"column":7745},"end":{"line":5,"column":7753}},"246":{"start":{"line":5,"column":7756},"end":{"line":5,"column":7757}},"247":{"start":{"line":5,"column":7773},"end":{"line":5,"column":7777}},"248":{"start":{"line":5,"column":7778},"end":{"line":5,"column":7807}},"249":{"start":{"line":5,"column":7808},"end":{"line":5,"column":7816}},"250":{"start":{"line":5,"column":7829},"end":{"line":5,"column":7852}},"251":{"start":{"line":5,"column":7863},"end":{"line":5,"column":7883}},"252":{"start":{"line":5,"column":7893},"end":{"line":5,"column":7919}},"253":{"start":{"line":5,"column":7936},"end":{"line":5,"column":7955}},"254":{"start":{"line":5,"column":7979},"end":{"line":5,"column":8004}},"255":{"start":{"line":5,"column":7995},"end":{"line":5,"column":8004}},"256":{"start":{"line":5,"column":8004},"end":{"line":5,"column":8043}},"257":{"start":{"line":5,"column":8020},"end":{"line":5,"column":8043}},"258":{"start":{"line":5,"column":8049},"end":{"line":5,"column":8055}},"259":{"start":{"line":5,"column":8056},"end":{"line":5,"column":8070}},"260":{"start":{"line":5,"column":8076},"end":{"line":5,"column":8081}},"261":{"start":{"line":5,"column":8082},"end":{"line":5,"column":8107}},"262":{"start":{"line":5,"column":8135},"end":{"line":5,"column":8148}},"263":{"start":{"line":5,"column":8149},"end":{"line":5,"column":8175}},"264":{"start":{"line":5,"column":8194},"end":{"line":5,"column":8248}},"265":{"start":{"line":5,"column":8267},"end":{"line":5,"column":8280}},"266":{"start":{"line":5,"column":8302},"end":{"line":5,"column":8325}},"267":{"start":{"line":5,"column":8345},"end":{"line":5,"column":8365}},"268":{"start":{"line":5,"column":8388},"end":{"line":5,"column":8448}},"269":{"start":{"line":5,"column":8398},"end":{"line":5,"column":8406}},"270":{"start":{"line":5,"column":8409},"end":{"line":5,"column":8410}},"271":{"start":{"line":5,"column":8420},"end":{"line":5,"column":8438}},"272":{"start":{"line":5,"column":8431},"end":{"line":5,"column":8438}},"273":{"start":{"line":5,"column":8438},"end":{"line":5,"column":8447}},"274":{"start":{"line":5,"column":8448},"end":{"line":5,"column":8465}},"275":{"start":{"line":5,"column":8492},"end":{"line":5,"column":8512}},"276":{"start":{"line":5,"column":8513},"end":{"line":5,"column":8538}},"277":{"start":{"line":5,"column":8557},"end":{"line":5,"column":8643}},"278":{"start":{"line":5,"column":8567},"end":{"line":5,"column":8587}},"279":{"start":{"line":5,"column":8590},"end":{"line":5,"column":8591}},"280":{"start":{"line":5,"column":8607},"end":{"line":5,"column":8611}},"281":{"start":{"line":5,"column":8612},"end":{"line":5,"column":8636}},"282":{"start":{"line":5,"column":8627},"end":{"line":5,"column":8636}},"283":{"start":{"line":5,"column":8636},"end":{"line":5,"column":8642}},"284":{"start":{"line":5,"column":8643},"end":{"line":5,"column":8652}},"285":{"start":{"line":5,"column":8674},"end":{"line":5,"column":8682}},"286":{"start":{"line":5,"column":8703},"end":{"line":5,"column":8760}},"287":{"start":{"line":5,"column":8740},"end":{"line":5,"column":8759}},"288":{"start":{"line":5,"column":8782},"end":{"line":5,"column":8833}},"289":{"start":{"line":5,"column":8813},"end":{"line":5,"column":8832}},"290":{"start":{"line":5,"column":8861},"end":{"line":5,"column":8884}},"291":{"start":{"line":5,"column":8875},"end":{"line":5,"column":8884}},"292":{"start":{"line":5,"column":8884},"end":{"line":5,"column":9062}},"293":{"start":{"line":5,"column":8911},"end":{"line":5,"column":8950}},"294":{"start":{"line":5,"column":8930},"end":{"line":5,"column":8948}},"295":{"start":{"line":5,"column":8957},"end":{"line":5,"column":9004}},"296":{"start":{"line":5,"column":8980},"end":{"line":5,"column":9002}},"297":{"start":{"line":5,"column":9011},"end":{"line":5,"column":9061}},"298":{"start":{"line":5,"column":9036},"end":{"line":5,"column":9060}},"299":{"start":{"line":5,"column":9062},"end":{"line":5,"column":9108}},"300":{"start":{"line":5,"column":9080},"end":{"line":5,"column":9107}},"301":{"start":{"line":5,"column":9138},"end":{"line":5,"column":9243}},"302":{"start":{"line":5,"column":9267},"end":{"line":5,"column":9295}},"303":{"start":{"line":5,"column":9315},"end":{"line":5,"column":9383}},"304":{"start":{"line":5,"column":9410},"end":{"line":5,"column":9420}},"305":{"start":{"line":5,"column":9420},"end":{"line":5,"column":9495}},"306":{"start":{"line":5,"column":9430},"end":{"line":5,"column":9437}},"307":{"start":{"line":5,"column":9440},"end":{"line":5,"column":9448}},"308":{"start":{"line":5,"column":9451},"end":{"line":5,"column":9453}},"309":{"start":{"line":5,"column":9456},"end":{"line":5,"column":9457}},"310":{"start":{"line":5,"column":9473},"end":{"line":5,"column":9477}},"311":{"start":{"line":5,"column":9478},"end":{"line":5,"column":9494}},"312":{"start":{"line":5,"column":9495},"end":{"line":5,"column":9503}},"313":{"start":{"line":5,"column":9544},"end":{"line":5,"column":9592}},"314":{"start":{"line":5,"column":9576},"end":{"line":5,"column":9591}},"315":{"start":{"line":5,"column":9621},"end":{"line":5,"column":9641}},"316":{"start":{"line":5,"column":9642},"end":{"line":5,"column":9662}},"317":{"start":{"line":5,"column":9662},"end":{"line":5,"column":9692}},"318":{"start":{"line":5,"column":9672},"end":{"line":5,"column":9673}},"319":{"start":{"line":5,"column":9682},"end":{"line":5,"column":9692}},"320":{"start":{"line":5,"column":9692},"end":{"line":5,"column":9700}},"321":{"start":{"line":5,"column":9722},"end":{"line":5,"column":9783}},"322":{"start":{"line":5,"column":9784},"end":{"line":5,"column":9826}},"323":{"start":{"line":5,"column":9834},"end":{"line":5,"column":9882}},"324":{"start":{"line":5,"column":9855},"end":{"line":5,"column":9881}},"325":{"start":{"line":5,"column":9915},"end":{"line":5,"column":9939}},"326":{"start":{"line":5,"column":9927},"end":{"line":5,"column":9938}},"327":{"start":{"line":5,"column":9942},"end":{"line":5,"column":9969}},"328":{"start":{"line":5,"column":9972},"end":{"line":5,"column":9981}},"329":{"start":{"line":5,"column":9984},"end":{"line":5,"column":9997}},"330":{"start":{"line":5,"column":9998},"end":{"line":5,"column":10069}},"331":{"start":{"line":5,"column":10017},"end":{"line":5,"column":10068}},"332":{"start":{"line":5,"column":10084},"end":{"line":5,"column":10158}},"333":{"start":{"line":5,"column":10167},"end":{"line":5,"column":10191}},"334":{"start":{"line":5,"column":10204},"end":{"line":5,"column":10221}},"335":{"start":{"line":5,"column":10232},"end":{"line":5,"column":10258}},"336":{"start":{"line":5,"column":10276},"end":{"line":5,"column":10382}},"337":{"start":{"line":5,"column":10391},"end":{"line":5,"column":10397}},"338":{"start":{"line":5,"column":10406},"end":{"line":5,"column":10477}},"339":{"start":{"line":5,"column":10491},"end":{"line":5,"column":10518}},"340":{"start":{"line":5,"column":10542},"end":{"line":5,"column":10563}},"341":{"start":{"line":5,"column":10583},"end":{"line":5,"column":10601}},"342":{"start":{"line":5,"column":10627},"end":{"line":5,"column":10678}},"343":{"start":{"line":5,"column":10684},"end":{"line":5,"column":10800}},"344":{"start":{"line":5,"column":10803},"end":{"line":5,"column":10804}},"345":{"start":{"line":5,"column":10807},"end":{"line":5,"column":10815}},"346":{"start":{"line":5,"column":10816},"end":{"line":5,"column":11059}},"347":{"start":{"line":5,"column":10849},"end":{"line":5,"column":11045}},"348":{"start":{"line":5,"column":11067},"end":{"line":5,"column":11077}},"349":{"start":{"line":5,"column":11078},"end":{"line":5,"column":11210}},"350":{"start":{"line":5,"column":11084},"end":{"line":5,"column":11167}},"351":{"start":{"line":5,"column":11111},"end":{"line":5,"column":11167}},"352":{"start":{"line":5,"column":11173},"end":{"line":5,"column":11210}},"353":{"start":{"line":5,"column":11210},"end":{"line":5,"column":11325}},"354":{"start":{"line":5,"column":11325},"end":{"line":5,"column":11381}},"355":{"start":{"line":5,"column":11329},"end":{"line":5,"column":11352}},"356":{"start":{"line":5,"column":11362},"end":{"line":5,"column":11380}},"357":{"start":{"line":5,"column":11387},"end":{"line":5,"column":11425}},"358":{"start":{"line":5,"column":11399},"end":{"line":5,"column":11424}},"359":{"start":{"line":5,"column":11426},"end":{"line":5,"column":11470}},"360":{"start":{"line":5,"column":11500},"end":{"line":5,"column":11520}},"361":{"start":{"line":5,"column":11521},"end":{"line":5,"column":11562}},"362":{"start":{"line":5,"column":11527},"end":{"line":5,"column":11562}},"363":{"start":{"line":5,"column":11562},"end":{"line":5,"column":11664}},"364":{"start":{"line":5,"column":11572},"end":{"line":5,"column":11573}},"365":{"start":{"line":5,"column":11589},"end":{"line":5,"column":11611}},"366":{"start":{"line":5,"column":11612},"end":{"line":5,"column":11663}},"367":{"start":{"line":5,"column":11664},"end":{"line":5,"column":11672}},"368":{"start":{"line":5,"column":11687},"end":{"line":5,"column":11688}},"369":{"start":{"line":5,"column":11716},"end":{"line":5,"column":11730}},"370":{"start":{"line":5,"column":11731},"end":{"line":5,"column":11745}},"371":{"start":{"line":5,"column":11770},"end":{"line":5,"column":11776}},"372":{"start":{"line":5,"column":11777},"end":{"line":5,"column":11797}},"373":{"start":{"line":5,"column":11831},"end":{"line":5,"column":11872}},"374":{"start":{"line":5,"column":11852},"end":{"line":5,"column":11872}},"375":{"start":{"line":5,"column":11878},"end":{"line":5,"column":11901}},"376":{"start":{"line":5,"column":11904},"end":{"line":5,"column":11916}},"377":{"start":{"line":5,"column":11917},"end":{"line":5,"column":11939}},"378":{"start":{"line":5,"column":11952},"end":{"line":5,"column":12197}},"379":{"start":{"line":5,"column":11987},"end":{"line":5,"column":12006}},"380":{"start":{"line":5,"column":12009},"end":{"line":5,"column":12185}},"381":{"start":{"line":5,"column":12020},"end":{"line":5,"column":12100}},"382":{"start":{"line":5,"column":12030},"end":{"line":5,"column":12031}},"383":{"start":{"line":5,"column":12034},"end":{"line":5,"column":12042}},"384":{"start":{"line":5,"column":12045},"end":{"line":5,"column":12053}},"385":{"start":{"line":5,"column":12056},"end":{"line":5,"column":12057}},"386":{"start":{"line":5,"column":12066},"end":{"line":5,"column":12100}},"387":{"start":{"line":5,"column":12100},"end":{"line":5,"column":12148}},"388":{"start":{"line":5,"column":12125},"end":{"line":5,"column":12148}},"389":{"start":{"line":5,"column":12148},"end":{"line":5,"column":12184}},"390":{"start":{"line":5,"column":12186},"end":{"line":5,"column":12194}},"391":{"start":{"line":5,"column":12198},"end":{"line":5,"column":12222}},"392":{"start":{"line":5,"column":12231},"end":{"line":5,"column":12430}},"393":{"start":{"line":5,"column":12262},"end":{"line":5,"column":12339}},"394":{"start":{"line":5,"column":12282},"end":{"line":5,"column":12339}},"395":{"start":{"line":5,"column":12345},"end":{"line":5,"column":12418}},"396":{"start":{"line":5,"column":12372},"end":{"line":5,"column":12415}},"397":{"start":{"line":5,"column":12419},"end":{"line":5,"column":12427}},"398":{"start":{"line":5,"column":12443},"end":{"line":5,"column":12477}},"399":{"start":{"line":5,"column":12506},"end":{"line":5,"column":12565}},"400":{"start":{"line":5,"column":12527},"end":{"line":5,"column":12553}},"401":{"start":{"line":5,"column":12535},"end":{"line":5,"column":12553}},"402":{"start":{"line":5,"column":12559},"end":{"line":5,"column":12565}},"403":{"start":{"line":5,"column":12565},"end":{"line":5,"column":12778}},"404":{"start":{"line":5,"column":12575},"end":{"line":5,"column":12583}},"405":{"start":{"line":5,"column":12586},"end":{"line":5,"column":12587}},"406":{"start":{"line":5,"column":12590},"end":{"line":5,"column":12602}},"407":{"start":{"line":5,"column":12618},"end":{"line":5,"column":12622}},"408":{"start":{"line":5,"column":12623},"end":{"line":5,"column":12777}},"409":{"start":{"line":5,"column":12673},"end":{"line":5,"column":12759}},"410":{"start":{"line":5,"column":12680},"end":{"line":5,"column":12712}},"411":{"start":{"line":5,"column":12717},"end":{"line":5,"column":12759}},"412":{"start":{"line":5,"column":12727},"end":{"line":5,"column":12728}},"413":{"start":{"line":5,"column":12731},"end":{"line":5,"column":12739}},"414":{"start":{"line":5,"column":12745},"end":{"line":5,"column":12759}},"415":{"start":{"line":5,"column":12764},"end":{"line":5,"column":12777}},"416":{"start":{"line":5,"column":12778},"end":{"line":5,"column":12786}},"417":{"start":{"line":5,"column":12799},"end":{"line":5,"column":12979}},"418":{"start":{"line":5,"column":12834},"end":{"line":5,"column":12863}},"419":{"start":{"line":5,"column":12864},"end":{"line":5,"column":12928}},"420":{"start":{"line":5,"column":12871},"end":{"line":5,"column":12928}},"421":{"start":{"line":5,"column":12928},"end":{"line":5,"column":12968}},"422":{"start":{"line":5,"column":12945},"end":{"line":5,"column":12949}},"423":{"start":{"line":5,"column":12950},"end":{"line":5,"column":12967}},"424":{"start":{"line":5,"column":12968},"end":{"line":5,"column":12976}},"425":{"start":{"line":5,"column":13008},"end":{"line":5,"column":13124}},"426":{"start":{"line":5,"column":13026},"end":{"line":5,"column":13033}},"427":{"start":{"line":5,"column":13036},"end":{"line":5,"column":13068}},"428":{"start":{"line":5,"column":13069},"end":{"line":5,"column":13123}},"429":{"start":{"line":5,"column":13125},"end":{"line":5,"column":13144}},"430":{"start":{"line":5,"column":13155},"end":{"line":5,"column":13246}},"431":{"start":{"line":5,"column":13186},"end":{"line":5,"column":13243}},"432":{"start":{"line":5,"column":13216},"end":{"line":5,"column":13238}},"433":{"start":{"line":5,"column":13253},"end":{"line":5,"column":13273}},"434":{"start":{"line":5,"column":13313},"end":{"line":5,"column":13314}},"435":{"start":{"line":5,"column":13315},"end":{"line":5,"column":13325}},"436":{"start":{"line":5,"column":13331},"end":{"line":5,"column":13403}},"437":{"start":{"line":5,"column":13342},"end":{"line":5,"column":13402}},"438":{"start":{"line":5,"column":13406},"end":{"line":5,"column":13609}},"439":{"start":{"line":5,"column":13423},"end":{"line":5,"column":13428}},"440":{"start":{"line":5,"column":13429},"end":{"line":5,"column":13454}},"441":{"start":{"line":5,"column":13460},"end":{"line":5,"column":13467}},"442":{"start":{"line":5,"column":13468},"end":{"line":5,"column":13608}},"443":{"start":{"line":5,"column":13610},"end":{"line":5,"column":13670}},"444":{"start":{"line":5,"column":13637},"end":{"line":5,"column":13667}},"445":{"start":{"line":5,"column":13712},"end":{"line":5,"column":13804}},"446":{"start":{"line":5,"column":13729},"end":{"line":5,"column":13736}},"447":{"start":{"line":5,"column":13737},"end":{"line":5,"column":13803}},"448":{"start":{"line":5,"column":13807},"end":{"line":5,"column":13907}},"449":{"start":{"line":5,"column":13834},"end":{"line":5,"column":13904}},"450":{"start":{"line":5,"column":13908},"end":{"line":5,"column":13964}},"451":{"start":{"line":5,"column":13935},"end":{"line":5,"column":13961}},"452":{"start":{"line":5,"column":13984},"end":{"line":5,"column":14003}},"453":{"start":{"line":5,"column":14023},"end":{"line":5,"column":14072}},"454":{"start":{"line":5,"column":14041},"end":{"line":5,"column":14071}},"455":{"start":{"line":5,"column":14098},"end":{"line":5,"column":14107}},"456":{"start":{"line":5,"column":14110},"end":{"line":5,"column":14120}},"457":{"start":{"line":5,"column":14121},"end":{"line":5,"column":14214}},"458":{"start":{"line":5,"column":14139},"end":{"line":5,"column":14205}},"459":{"start":{"line":5,"column":14149},"end":{"line":5,"column":14150}},"460":{"start":{"line":5,"column":14153},"end":{"line":5,"column":14179}},"461":{"start":{"line":5,"column":14185},"end":{"line":5,"column":14205}},"462":{"start":{"line":5,"column":14205},"end":{"line":5,"column":14213}},"463":{"start":{"line":5,"column":14235},"end":{"line":5,"column":14293}},"464":{"start":{"line":5,"column":14253},"end":{"line":5,"column":14292}},"465":{"start":{"line":5,"column":14262},"end":{"line":5,"column":14292}},"466":{"start":{"line":5,"column":14321},"end":{"line":5,"column":14397}},"467":{"start":{"line":5,"column":14339},"end":{"line":5,"column":14396}},"468":{"start":{"line":5,"column":14407},"end":{"line":5,"column":14424}},"469":{"start":{"line":5,"column":14449},"end":{"line":5,"column":14459}},"470":{"start":{"line":5,"column":14459},"end":{"line":5,"column":14530}},"471":{"start":{"line":5,"column":14471},"end":{"line":5,"column":14478}},"472":{"start":{"line":5,"column":14481},"end":{"line":5,"column":14482}},"473":{"start":{"line":5,"column":14485},"end":{"line":5,"column":14493}},"474":{"start":{"line":5,"column":14502},"end":{"line":5,"column":14530}},"475":{"start":{"line":5,"column":14522},"end":{"line":5,"column":14530}},"476":{"start":{"line":5,"column":14570},"end":{"line":5,"column":14686}},"477":{"start":{"line":5,"column":14593},"end":{"line":5,"column":14603}},"478":{"start":{"line":5,"column":14603},"end":{"line":5,"column":14677}},"479":{"start":{"line":5,"column":14613},"end":{"line":5,"column":14625}},"480":{"start":{"line":5,"column":14628},"end":{"line":5,"column":14637}},"481":{"start":{"line":5,"column":14653},"end":{"line":5,"column":14677}},"482":{"start":{"line":5,"column":14668},"end":{"line":5,"column":14677}},"483":{"start":{"line":5,"column":14677},"end":{"line":5,"column":14685}},"484":{"start":{"line":5,"column":14701},"end":{"line":5,"column":14730}},"485":{"start":{"line":5,"column":14745},"end":{"line":5,"column":14775}},"486":{"start":{"line":5,"column":14806},"end":{"line":5,"column":14904}},"487":{"start":{"line":5,"column":14816},"end":{"line":5,"column":14832}},"488":{"start":{"line":5,"column":14835},"end":{"line":5,"column":14836}},"489":{"start":{"line":5,"column":14839},"end":{"line":5,"column":14851}},"490":{"start":{"line":5,"column":14864},"end":{"line":5,"column":14883}},"491":{"start":{"line":5,"column":14884},"end":{"line":5,"column":14903}},"492":{"start":{"line":5,"column":14904},"end":{"line":5,"column":14912}},"493":{"start":{"line":5,"column":14947},"end":{"line":5,"column":15235}},"494":{"start":{"line":5,"column":14976},"end":{"line":5,"column":14977}},"495":{"start":{"line":5,"column":14980},"end":{"line":5,"column":14992}},"496":{"start":{"line":5,"column":14993},"end":{"line":5,"column":15117}},"497":{"start":{"line":5,"column":15015},"end":{"line":5,"column":15073}},"498":{"start":{"line":5,"column":15078},"end":{"line":5,"column":15117}},"499":{"start":{"line":5,"column":15089},"end":{"line":5,"column":15117}},"500":{"start":{"line":5,"column":15117},"end":{"line":5,"column":15174}},"501":{"start":{"line":5,"column":15125},"end":{"line":5,"column":15174}},"502":{"start":{"line":5,"column":15174},"end":{"line":5,"column":15226}},"503":{"start":{"line":5,"column":15205},"end":{"line":5,"column":15226}},"504":{"start":{"line":5,"column":15217},"end":{"line":5,"column":15226}},"505":{"start":{"line":5,"column":15226},"end":{"line":5,"column":15234}},"506":{"start":{"line":5,"column":15248},"end":{"line":5,"column":15290}},"507":{"start":{"line":5,"column":15303},"end":{"line":5,"column":15338}},"508":{"start":{"line":5,"column":15366},"end":{"line":5,"column":15407}},"509":{"start":{"line":5,"column":15408},"end":{"line":5,"column":15441}},"510":{"start":{"line":5,"column":15430},"end":{"line":5,"column":15441}},"511":{"start":{"line":5,"column":15466},"end":{"line":5,"column":15491}},"512":{"start":{"line":5,"column":15521},"end":{"line":5,"column":15660}},"513":{"start":{"line":5,"column":15557},"end":{"line":5,"column":15596}},"514":{"start":{"line":5,"column":15584},"end":{"line":5,"column":15596}},"515":{"start":{"line":5,"column":15607},"end":{"line":5,"column":15614}},"516":{"start":{"line":5,"column":15615},"end":{"line":5,"column":15659}},"517":{"start":{"line":5,"column":15642},"end":{"line":5,"column":15659}},"518":{"start":{"line":5,"column":15660},"end":{"line":5,"column":15668}},"519":{"start":{"line":5,"column":15689},"end":{"line":5,"column":15699}},"520":{"start":{"line":5,"column":15699},"end":{"line":5,"column":15806}},"521":{"start":{"line":5,"column":15709},"end":{"line":5,"column":15733}},"522":{"start":{"line":5,"column":15736},"end":{"line":5,"column":15749}},"523":{"start":{"line":5,"column":15752},"end":{"line":5,"column":15760}},"524":{"start":{"line":5,"column":15763},"end":{"line":5,"column":15764}},"525":{"start":{"line":5,"column":15780},"end":{"line":5,"column":15788}},"526":{"start":{"line":5,"column":15789},"end":{"line":5,"column":15805}},"527":{"start":{"line":5,"column":15806},"end":{"line":5,"column":15814}},"528":{"start":{"line":5,"column":15846},"end":{"line":5,"column":16007}},"529":{"start":{"line":5,"column":15870},"end":{"line":5,"column":15894}},"530":{"start":{"line":5,"column":15897},"end":{"line":5,"column":15910}},"531":{"start":{"line":5,"column":15913},"end":{"line":5,"column":15922}},"532":{"start":{"line":5,"column":15923},"end":{"line":5,"column":15998}},"533":{"start":{"line":5,"column":15973},"end":{"line":5,"column":15981}},"534":{"start":{"line":5,"column":15982},"end":{"line":5,"column":15997}},"535":{"start":{"line":5,"column":15998},"end":{"line":5,"column":16006}},"536":{"start":{"line":5,"column":16008},"end":{"line":5,"column":16093}},"537":{"start":{"line":5,"column":16039},"end":{"line":5,"column":16058}},"538":{"start":{"line":5,"column":16059},"end":{"line":5,"column":16092}},"539":{"start":{"line":5,"column":16105},"end":{"line":5,"column":16120}},"540":{"start":{"line":5,"column":16133},"end":{"line":5,"column":16149}},"541":{"start":{"line":5,"column":16179},"end":{"line":5,"column":16181}},"542":{"start":{"line":5,"column":16182},"end":{"line":5,"column":16247}},"543":{"start":{"line":5,"column":16223},"end":{"line":5,"column":16242}},"544":{"start":{"line":5,"column":16271},"end":{"line":5,"column":16303}},"545":{"start":{"line":5,"column":16326},"end":{"line":5,"column":16336}},"546":{"start":{"line":5,"column":16336},"end":{"line":5,"column":16440}},"547":{"start":{"line":5,"column":16346},"end":{"line":5,"column":16370}},"548":{"start":{"line":5,"column":16373},"end":{"line":5,"column":16386}},"549":{"start":{"line":5,"column":16389},"end":{"line":5,"column":16390}},"550":{"start":{"line":5,"column":16406},"end":{"line":5,"column":16414}},"551":{"start":{"line":5,"column":16415},"end":{"line":5,"column":16439}},"552":{"start":{"line":5,"column":16431},"end":{"line":5,"column":16439}},"553":{"start":{"line":5,"column":16440},"end":{"line":5,"column":16448}},"554":{"start":{"line":5,"column":16470},"end":{"line":5,"column":16480}},"555":{"start":{"line":5,"column":16480},"end":{"line":5,"column":16583}},"556":{"start":{"line":5,"column":16490},"end":{"line":5,"column":16514}},"557":{"start":{"line":5,"column":16517},"end":{"line":5,"column":16530}},"558":{"start":{"line":5,"column":16533},"end":{"line":5,"column":16534}},"559":{"start":{"line":5,"column":16550},"end":{"line":5,"column":16558}},"560":{"start":{"line":5,"column":16559},"end":{"line":5,"column":16582}},"561":{"start":{"line":5,"column":16574},"end":{"line":5,"column":16582}},"562":{"start":{"line":5,"column":16583},"end":{"line":5,"column":16591}},"563":{"start":{"line":5,"column":16619},"end":{"line":5,"column":16704}},"564":{"start":{"line":5,"column":16716},"end":{"line":5,"column":16952}},"565":{"start":{"line":5,"column":16755},"end":{"line":5,"column":16949}},"566":{"start":{"line":5,"column":16853},"end":{"line":5,"column":16854}},"567":{"start":{"line":5,"column":16855},"end":{"line":5,"column":16917}},"568":{"start":{"line":5,"column":16862},"end":{"line":5,"column":16910}},"569":{"start":{"line":5,"column":16903},"end":{"line":5,"column":16910}},"570":{"start":{"line":5,"column":16910},"end":{"line":5,"column":16916}},"571":{"start":{"line":5,"column":16917},"end":{"line":5,"column":16946}},"572":{"start":{"line":5,"column":16973},"end":{"line":5,"column":16998}},"573":{"start":{"line":5,"column":17019},"end":{"line":5,"column":17046}},"574":{"start":{"line":5,"column":17077},"end":{"line":5,"column":17081}},"575":{"start":{"line":5,"column":17084},"end":{"line":5,"column":17088}},"576":{"start":{"line":5,"column":17089},"end":{"line":5,"column":17329}},"577":{"start":{"line":5,"column":17152},"end":{"line":5,"column":17239}},"578":{"start":{"line":5,"column":17162},"end":{"line":5,"column":17163}},"579":{"start":{"line":5,"column":17166},"end":{"line":5,"column":17203}},"580":{"start":{"line":5,"column":17212},"end":{"line":5,"column":17239}},"581":{"start":{"line":5,"column":17244},"end":{"line":5,"column":17329}},"582":{"start":{"line":5,"column":17278},"end":{"line":5,"column":17325}},"583":{"start":{"line":5,"column":17329},"end":{"line":5,"column":17337}},"584":{"start":{"line":5,"column":17368},"end":{"line":5,"column":17371}},"585":{"start":{"line":5,"column":17374},"end":{"line":5,"column":17377}},"586":{"start":{"line":5,"column":17378},"end":{"line":5,"column":17616}},"587":{"start":{"line":5,"column":17441},"end":{"line":5,"column":17528}},"588":{"start":{"line":5,"column":17451},"end":{"line":5,"column":17452}},"589":{"start":{"line":5,"column":17455},"end":{"line":5,"column":17492}},"590":{"start":{"line":5,"column":17501},"end":{"line":5,"column":17528}},"591":{"start":{"line":5,"column":17533},"end":{"line":5,"column":17616}},"592":{"start":{"line":5,"column":17567},"end":{"line":5,"column":17612}},"593":{"start":{"line":5,"column":17616},"end":{"line":5,"column":17624}},"594":{"start":{"line":5,"column":17648},"end":{"line":5,"column":17721}},"595":{"start":{"line":5,"column":17662},"end":{"line":5,"column":17721}},"596":{"start":{"line":5,"column":17727},"end":{"line":5,"column":17760}},"597":{"start":{"line":5,"column":17763},"end":{"line":5,"column":17775}},"598":{"start":{"line":5,"column":17776},"end":{"line":5,"column":17804}},"599":{"start":{"line":5,"column":17804},"end":{"line":5,"column":17873}},"600":{"start":{"line":5,"column":17814},"end":{"line":5,"column":17817}},"601":{"start":{"line":5,"column":17820},"end":{"line":5,"column":17821}},"602":{"start":{"line":5,"column":17837},"end":{"line":5,"column":17848}},"603":{"start":{"line":5,"column":17851},"end":{"line":5,"column":17855}},"604":{"start":{"line":5,"column":17856},"end":{"line":5,"column":17872}},"605":{"start":{"line":5,"column":17873},"end":{"line":5,"column":17892}},"606":{"start":{"line":5,"column":17913},"end":{"line":5,"column":17933}},"607":{"start":{"line":5,"column":17963},"end":{"line":5,"column":17964}},"608":{"start":{"line":5,"column":17965},"end":{"line":5,"column":18208}},"609":{"start":{"line":5,"column":18011},"end":{"line":5,"column":18054}},"610":{"start":{"line":5,"column":18084},"end":{"line":5,"column":18094}},"611":{"start":{"line":5,"column":18097},"end":{"line":5,"column":18107}},"612":{"start":{"line":5,"column":18108},"end":{"line":5,"column":18174}},"613":{"start":{"line":5,"column":18118},"end":{"line":5,"column":18146}},"614":{"start":{"line":5,"column":18137},"end":{"line":5,"column":18146}},"615":{"start":{"line":5,"column":18146},"end":{"line":5,"column":18173}},"616":{"start":{"line":5,"column":18165},"end":{"line":5,"column":18173}},"617":{"start":{"line":5,"column":18174},"end":{"line":5,"column":18196}},"618":{"start":{"line":5,"column":18229},"end":{"line":5,"column":18339}},"619":{"start":{"line":5,"column":18258},"end":{"line":5,"column":18270}},"620":{"start":{"line":5,"column":18271},"end":{"line":5,"column":18338}},"621":{"start":{"line":5,"column":18316},"end":{"line":5,"column":18324}},"622":{"start":{"line":5,"column":18325},"end":{"line":5,"column":18333}},"623":{"start":{"line":5,"column":18352},"end":{"line":5,"column":18410}},"624":{"start":{"line":5,"column":18375},"end":{"line":5,"column":18407}},"625":{"start":{"line":5,"column":18419},"end":{"line":5,"column":18451}},"626":{"start":{"line":5,"column":18442},"end":{"line":5,"column":18448}},"627":{"start":{"line":5,"column":18460},"end":{"line":5,"column":18510}},"628":{"start":{"line":5,"column":18483},"end":{"line":5,"column":18507}},"629":{"start":{"line":5,"column":18521},"end":{"line":5,"column":18566}},"630":{"start":{"line":5,"column":18544},"end":{"line":5,"column":18560}},"631":{"start":{"line":5,"column":18579},"end":{"line":5,"column":18645}},"632":{"start":{"line":5,"column":18666},"end":{"line":5,"column":18776}},"633":{"start":{"line":5,"column":18794},"end":{"line":5,"column":18849}},"634":{"start":{"line":5,"column":18875},"end":{"line":5,"column":18888}},"635":{"start":{"line":5,"column":18898},"end":{"line":5,"column":19155}},"636":{"start":{"line":5,"column":18933},"end":{"line":5,"column":18935}},"637":{"start":{"line":5,"column":18938},"end":{"line":5,"column":18942}},"638":{"start":{"line":5,"column":18943},"end":{"line":5,"column":18963}},"639":{"start":{"line":5,"column":18954},"end":{"line":5,"column":18963}},"640":{"start":{"line":5,"column":18963},"end":{"line":5,"column":19075}},"641":{"start":{"line":5,"column":19075},"end":{"line":5,"column":19144}},"642":{"start":{"line":5,"column":19085},"end":{"line":5,"column":19086}},"643":{"start":{"line":5,"column":19089},"end":{"line":5,"column":19097}},"644":{"start":{"line":5,"column":19113},"end":{"line":5,"column":19117}},"645":{"start":{"line":5,"column":19120},"end":{"line":5,"column":19124}},"646":{"start":{"line":5,"column":19125},"end":{"line":5,"column":19143}},"647":{"start":{"line":5,"column":19144},"end":{"line":5,"column":19152}},"648":{"start":{"line":5,"column":19161},"end":{"line":5,"column":19348}},"649":{"start":{"line":5,"column":19198},"end":{"line":5,"column":19202}},"650":{"start":{"line":5,"column":19203},"end":{"line":5,"column":19345}},"651":{"start":{"line":5,"column":19311},"end":{"line":5,"column":19331}},"652":{"start":{"line":5,"column":19373},"end":{"line":5,"column":19433}},"653":{"start":{"line":5,"column":19456},"end":{"line":5,"column":19541}},"654":{"start":{"line":5,"column":19563},"end":{"line":5,"column":19598}},"655":{"start":{"line":5,"column":19620},"end":{"line":5,"column":19723}},"656":{"start":{"line":5,"column":19744},"end":{"line":5,"column":19768}},"657":{"start":{"line":5,"column":19791},"end":{"line":5,"column":19815}},"658":{"start":{"line":5,"column":19831},"end":{"line":5,"column":19936}},"659":{"start":{"line":5,"column":19860},"end":{"line":5,"column":19933}},"660":{"start":{"line":5,"column":19910},"end":{"line":5,"column":19930}},"661":{"start":{"line":5,"column":19945},"end":{"line":5,"column":19999}},"662":{"start":{"line":5,"column":19974},"end":{"line":5,"column":19996}},"663":{"start":{"line":5,"column":20023},"end":{"line":5,"column":20073}},"664":{"start":{"line":5,"column":20073},"end":{"line":5,"column":20241}},"665":{"start":{"line":5,"column":20083},"end":{"line":5,"column":20085}},"666":{"start":{"line":5,"column":20088},"end":{"line":5,"column":20090}},"667":{"start":{"line":5,"column":20093},"end":{"line":5,"column":20094}},"668":{"start":{"line":5,"column":20097},"end":{"line":5,"column":20109}},"669":{"start":{"line":5,"column":20125},"end":{"line":5,"column":20129}},"670":{"start":{"line":5,"column":20132},"end":{"line":5,"column":20144}},"671":{"start":{"line":5,"column":20145},"end":{"line":5,"column":20240}},"672":{"start":{"line":5,"column":20241},"end":{"line":5,"column":20249}},"673":{"start":{"line":5,"column":20260},"end":{"line":5,"column":20321}},"674":{"start":{"line":5,"column":20287},"end":{"line":5,"column":20318}},"675":{"start":{"line":5,"column":20347},"end":{"line":5,"column":20504}},"676":{"start":{"line":5,"column":20357},"end":{"line":5,"column":20359}},"677":{"start":{"line":5,"column":20362},"end":{"line":5,"column":20378}},"678":{"start":{"line":5,"column":20381},"end":{"line":5,"column":20382}},"679":{"start":{"line":5,"column":20385},"end":{"line":5,"column":20397}},"680":{"start":{"line":5,"column":20413},"end":{"line":5,"column":20417}},"681":{"start":{"line":5,"column":20418},"end":{"line":5,"column":20503}},"682":{"start":{"line":5,"column":20443},"end":{"line":5,"column":20486}},"683":{"start":{"line":5,"column":20486},"end":{"line":5,"column":20502}},"684":{"start":{"line":5,"column":20504},"end":{"line":5,"column":20512}},"685":{"start":{"line":5,"column":20531},"end":{"line":5,"column":20610}},"686":{"start":{"line":5,"column":20541},"end":{"line":5,"column":20570}},"687":{"start":{"line":5,"column":20573},"end":{"line":5,"column":20581}},"688":{"start":{"line":5,"column":20584},"end":{"line":5,"column":20585}},"689":{"start":{"line":5,"column":20594},"end":{"line":5,"column":20610}},"690":{"start":{"line":5,"column":20610},"end":{"line":5,"column":20618}},"691":{"start":{"line":5,"column":20627},"end":{"line":5,"column":20647}},"692":{"start":{"line":5,"column":20669},"end":{"line":5,"column":20743}},"693":{"start":{"line":5,"column":20679},"end":{"line":5,"column":20681}},"694":{"start":{"line":5,"column":20684},"end":{"line":5,"column":20685}},"695":{"start":{"line":5,"column":20688},"end":{"line":5,"column":20700}},"696":{"start":{"line":5,"column":20709},"end":{"line":5,"column":20743}},"697":{"start":{"line":5,"column":20743},"end":{"line":5,"column":20751}},"698":{"start":{"line":5,"column":20774},"end":{"line":5,"column":20812}},"699":{"start":{"line":5,"column":20812},"end":{"line":5,"column":20888}},"700":{"start":{"line":5,"column":20822},"end":{"line":5,"column":20852}},"701":{"start":{"line":5,"column":20855},"end":{"line":5,"column":20863}},"702":{"start":{"line":5,"column":20866},"end":{"line":5,"column":20867}},"703":{"start":{"line":5,"column":20881},"end":{"line":5,"column":20888}},"704":{"start":{"line":5,"column":20888},"end":{"line":5,"column":20896}},"705":{"start":{"line":5,"column":20917},"end":{"line":5,"column":20942}},"706":{"start":{"line":5,"column":20933},"end":{"line":5,"column":20942}},"707":{"start":{"line":5,"column":20942},"end":{"line":5,"column":21004}},"708":{"start":{"line":5,"column":20952},"end":{"line":5,"column":20954}},"709":{"start":{"line":5,"column":20957},"end":{"line":5,"column":20958}},"710":{"start":{"line":5,"column":20961},"end":{"line":5,"column":20969}},"711":{"start":{"line":5,"column":20975},"end":{"line":5,"column":21004}},"712":{"start":{"line":5,"column":21004},"end":{"line":5,"column":21012}},"713":{"start":{"line":5,"column":21039},"end":{"line":5,"column":21071}},"714":{"start":{"line":5,"column":21090},"end":{"line":5,"column":21267}},"715":{"start":{"line":5,"column":21134},"end":{"line":5,"column":21145}},"716":{"start":{"line":5,"column":21146},"end":{"line":5,"column":21260}},"717":{"start":{"line":5,"column":21180},"end":{"line":5,"column":21195}},"718":{"start":{"line":5,"column":21196},"end":{"line":5,"column":21259}},"719":{"start":{"line":5,"column":21268},"end":{"line":5,"column":21706}},"720":{"start":{"line":5,"column":21351},"end":{"line":5,"column":21364}},"721":{"start":{"line":5,"column":21365},"end":{"line":5,"column":21525}},"722":{"start":{"line":5,"column":21399},"end":{"line":5,"column":21412}},"723":{"start":{"line":5,"column":21413},"end":{"line":5,"column":21524}},"724":{"start":{"line":5,"column":21579},"end":{"line":5,"column":21592}},"725":{"start":{"line":5,"column":21593},"end":{"line":5,"column":21702}},"726":{"start":{"line":5,"column":21627},"end":{"line":5,"column":21640}},"727":{"start":{"line":5,"column":21641},"end":{"line":5,"column":21701}},"728":{"start":{"line":5,"column":21721},"end":{"line":5,"column":23986}},"729":{"start":{"line":5,"column":23989},"end":{"line":5,"column":24006}},"730":{"start":{"line":5,"column":24007},"end":{"line":5,"column":24013}}},"fnMap":{"0":{"name":"restArguments","decl":{"start":{"line":5,"column":863},"end":{"line":5,"column":876}},"loc":{"start":{"line":5,"column":881},"end":{"line":5,"column":1226}},"line":5},"1":{"name":"(anonymous_1)","decl":{"start":{"line":5,"column":913},"end":{"line":5,"column":914}},"loc":{"start":{"line":5,"column":923},"end":{"line":5,"column":1225}},"line":5},"2":{"name":"isObject","decl":{"start":{"line":5,"column":1235},"end":{"line":5,"column":1243}},"loc":{"start":{"line":5,"column":1246},"end":{"line":5,"column":1302}},"line":5},"3":{"name":"isNull","decl":{"start":{"line":5,"column":1311},"end":{"line":5,"column":1317}},"loc":{"start":{"line":5,"column":1320},"end":{"line":5,"column":1337}},"line":5},"4":{"name":"isUndefined","decl":{"start":{"line":5,"column":1346},"end":{"line":5,"column":1357}},"loc":{"start":{"line":5,"column":1360},"end":{"line":5,"column":1379}},"line":5},"5":{"name":"isBoolean","decl":{"start":{"line":5,"column":1388},"end":{"line":5,"column":1397}},"loc":{"start":{"line":5,"column":1400},"end":{"line":5,"column":1461}},"line":5},"6":{"name":"isElement","decl":{"start":{"line":5,"column":1470},"end":{"line":5,"column":1479}},"loc":{"start":{"line":5,"column":1482},"
[...]
,"D:\\development\\projects\\vue-test\\src\\mixins\\store.mixins.js": {"path":"D:\\development\\projects\\vue-test\\src\\mixins\\store.mixins.js","statementMap":{"0":{"start":{"line":5,"column":6},"end":{"line":5,"column":46}},"1":{"start":{"line":8,"column":6},"end":{"line":8,"column":41}}},"fnMap":{"0":{"name":"(anonymous_0)","decl":{"start":{"line":4,"column":4},"end":{"line":4,"column":5}},"loc":{"start":{"line":4,"column":20},"end":{"line":6,"column":5}},"line":4},"1":{"name":"(anonymous_1)","decl":{"start":{"line":7,"column":4},"end":{"line":7,"column":5}},"loc":{"start":{"line":7,"column":27},"end":{"line":9,"column":5}},"line":7}},"branchMap":{},"s":{"0":0,"1":0},"f":{"0":0,"1":0},"b":{},"hash":"39444ac22df5c829bfa9ca045850219bfa9e6ed6"}
,"D:\\development\\projects\\vue-test\\src\\plugins\\vuetify.js": {"path":"D:\\development\\projects\\vue-test\\src\\plugins\\vuetify.js","statementMap":{"0":{"start":{"line":4,"column":0},"end":{"line":4,"column":17}}},"fnMap":{},"branchMap":{},"s":{"0":0},"f":{},"b":{},"hash":"c16cf55ee829a346cef79160ef27fddeebc0d128"}
,"D:\\development\\projects\\vue-test\\src\\router\\index.js": {"path":"D:\\development\\projects\\vue-test\\src\\router\\index.js","statementMap":{"0":{"start":{"line":5,"column":0},"end":{"line":5,"column":19}},"1":{"start":{"line":7,"column":15},"end":{"line":42,"column":1}},"2":{"start":{"line":14,"column":8},"end":{"line":14,"column":77}},"3":{"start":{"line":44,"column":15},"end":{"line":48,"column":2}}},"fnMap":{"0":{"name":"(anonymous_0)","decl":{"start":{"line":13,"column":14},"end":{"line":13,"column":15}},"loc":{"start":{"line":14,"column":8},"end":{"line":14,"column":77}},"line":14}},"branchMap":{},"s":{"0":0,"1":0,"2":0,"3":0},"f":{"0":0},"b":{},"hash":"afddec9f97264201f271a050e5b724baf7395cad"}
,"D:\\development\\projects\\vue-test\\src\\store\\index.js": {"path":"D:\\development\\projects\\vue-test\\src\\store\\index.js","statementMap":{"0":{"start":{"line":5,"column":0},"end":{"line":5,"column":14}}},"fnMap":{},"branchMap":{},"s":{"0":1},"f":{},"b":{},"_coverageSchema":"43e27e138ebf9cfc5966b082cf9a028302ed4184","hash":"661c7110c59cd5fb128687987ae8dabd2ffbd6d0"}
,"D:\\development\\projects\\vue-test\\src\\store\\app\\actions.js": {"path":"D:\\development\\projects\\vue-test\\src\\store\\app\\actions.js","statementMap":{"0":{"start":{"line":3,"column":4},"end":{"line":3,"column":54}},"1":{"start":{"line":6,"column":4},"end":{"line":6,"column":54}},"2":{"start":{"line":7,"column":4},"end":{"line":7,"column":52}}},"fnMap":{"0":{"name":"(anonymous_0)","decl":{"start":{"line":2,"column":2},"end":{"line":2,"column":3}},"loc":{"start":{"line":2,"column":35},"end":{"line":4,"column":3}},"line":2},"1":{"name":"(anonymous_1)","decl":{"start":{"line":5,"column":2},"end":{"line":5,"column":3}},"loc":{"start":{"line":5,"column":35},"end":{"line":8,"column":3}},"line":5}},"branchMap":{},"s":{"0":0,"1":0,"2":0},"f":{"0":0,"1":0},"b":{},"_coverageSchema":"43e27e138ebf9cfc5966b082cf9a028302ed4184","hash":"25f4bebd924ae0e2620b4515fb069a9923d18293"}
,"D:\\development\\projects\\vue-test\\src\\store\\app\\getters.js": {"path":"D:\\development\\projects\\vue-test\\src\\store\\app\\getters.js","statementMap":{},"fnMap":{},"branchMap":{},"s":{},"f":{},"b":{},"_coverageSchema":"43e27e138ebf9cfc5966b082cf9a028302ed4184","hash":"4356ae0fb44146ab7ab5b45053820e9916a22c45"}
,"D:\\development\\projects\\vue-test\\src\\store\\app\\index.js": {"path":"D:\\development\\projects\\vue-test\\src\\store\\app\\index.js","statementMap":{},"fnMap":{},"branchMap":{},"s":{},"f":{},"b":{},"_coverageSchema":"43e27e138ebf9cfc5966b082cf9a028302ed4184","hash":"8bcd796785af3629897e2af03ccf9e18cdacc75a"}
,"D:\\development\\projects\\vue-test\\src\\store\\app\\mutations.js": {"path":"D:\\development\\projects\\vue-test\\src\\store\\app\\mutations.js","statementMap":{"0":{"start":{"line":3,"column":4},"end":{"line":3,"column":33}},"1":{"start":{"line":6,"column":4},"end":{"line":8,"column":7}},"2":{"start":{"line":7,"column":6},"end":{"line":7,"column":35}}},"fnMap":{"0":{"name":"(anonymous_0)","decl":{"start":{"line":2,"column":2},"end":{"line":2,"column":3}},"loc":{"start":{"line":2,"column":24},"end":{"line":4,"column":3}},"line":2},"1":{"name":"(anonymous_1)","decl":{"start":{"line":5,"column":2},"end":{"line":5,"column":3}},"loc":{"start":{"line":5,"column":25},"end":{"line":9,"column":3}},"line":5},"2":{"name":"(anonymous_2)","decl":{"start":{"line":6,"column":17},"end":{"line":6,"column":18}},"loc":{"start":{"line":6,"column":25},"end":{"line":8,"column":5}},"line":6}},"branchMap":{},"s":{"0":0,"1":0,"2":0},"f":{"0":0,"1":0,"2":0},"b":{},"_coverageSchema":"43e27e138ebf9cfc5966b082cf9a028302ed4184","hash":"e004cdd991d34e1d80cb06f2899743567dcd1a31"}
,"D:\\development\\projects\\vue-test\\src\\store\\app\\state.js": {"path":"D:\\development\\projects\\vue-test\\src\\store\\app\\state.js","statementMap":{},"fnMap":{},"branchMap":{},"s":{},"f":{},"b":{},"_coverageSchema":"43e27e138ebf9cfc5966b082cf9a028302ed4184","hash":"b329df4b868f8ecb2d3423e647fc12b8fba42628"}
,"D:\\development\\projects\\vue-test\\src\\views\\Cart.vue": {"path":"D:\\development\\projects\\vue-test\\src\\views\\Cart.vue","statementMap":{"0":{"start":{"line":46,"column":0},"end":{"line":46,"column":null}},"1":{"start":{"line":47,"column":0},"end":{"line":47,"column":null}},"2":{"start":{"line":48,"column":0},"end":{"line":48,"column":null}},"3":{"start":{"line":49,"column":0},"end":{"line":49,"column":null}},"4":{"start":{"line":50,"column":0},"end":{"line":50,"column":null}},"5":{"start":{"line":51,"column":0},"end":{"line":51,"column":null}},"6":{"start":{"line":64,"column":0},"end":{"line":64,"column":null}},"7":{"start":{"line":69,"column":0},"end":{"line":69,"column":null}}},"fnMap":{"0":{"name":"(anonymous_1)","decl":{"start":{"line":63,"column":0},"end":{"line":63,"column":null}},"loc":{"start":{"line":63,"column":0},"end":{"line":67,"column":null}}},"1":{"name":"(anonymous_2)","decl":{"start":{"line":68,"column":0},"end":{"line":68,"column":null}},"loc":{"start":{"line":68,"column":0},"end":{"line":70,"column":null}}}},"branchMap":{},"s":{"0":0,"1":0,"2":0,"3":0,"4":0,"5":0,"6":0,"7":0},"f":{"0":0,"1":0},"b":{}}
,"D:\\development\\projects\\vue-test\\src\\views\\Checkout.vue": {"path":"D:\\development\\projects\\vue-test\\src\\views\\Checkout.vue","statementMap":{"0":{"start":{"line":46,"column":0},"end":{"line":46,"column":null}},"1":{"start":{"line":47,"column":0},"end":{"line":47,"column":null}},"2":{"start":{"line":48,"column":0},"end":{"line":48,"column":null}},"3":{"start":{"line":49,"column":0},"end":{"line":49,"column":null}},"4":{"start":{"line":50,"column":0},"end":{"line":50,"column":null}},"5":{"start":{"line":51,"column":0},"end":{"line":51,"column":null}},"6":{"start":{"line":64,"column":0},"end":{"line":64,"column":null}},"7":{"start":{"line":69,"column":0},"end":{"line":69,"column":null}}},"fnMap":{"0":{"name":"(anonymous_1)","decl":{"start":{"line":63,"column":0},"end":{"line":63,"column":null}},"loc":{"start":{"line":63,"column":0},"end":{"line":67,"column":null}}},"1":{"name":"(anonymous_2)","decl":{"start":{"line":68,"column":0},"end":{"line":68,"column":null}},"loc":{"start":{"line":68,"column":0},"end":{"line":70,"column":null}}}},"branchMap":{},"s":{"0":0,"1":0,"2":0,"3":0,"4":0,"5":0,"6":0,"7":0},"f":{"0":0,"1":0},"b":{}}
,"D:\\development\\projects\\vue-test\\src\\views\\ProductDetails.vue": {"path":"D:\\development\\projects\\vue-test\\src\\views\\ProductDetails.vue","statementMap":{"0":{"start":{"line":32,"column":0},"end":{"line":32,"column":null}},"1":{"start":{"line":33,"column":0},"end":{"line":33,"column":null}},"2":{"start":{"line":34,"column":0},"end":{"line":34,"column":null}},"3":{"start":{"line":35,"column":0},"end":{"line":35,"column":null}},"4":{"start":{"line":36,"column":0},"end":{"line":36,"column":null}},"5":{"start":{"line":37,"column":0},"end":{"line":37,"column":null}},"6":{"start":{"line":38,"column":0},"end":{"line":38,"column":null}},"7":{"start":{"line":39,"column":0},"end":{"line":39,"column":null}},"8":{"start":{"line":40,"column":0},"end":{"line":40,"column":null}},"9":{"start":{"line":41,"column":0},"end":{"line":41,"column":null}},"10":{"start":{"line":46,"column":0},"end":{"line":46,"column":null}},"11":{"start":{"line":63,"column":0},"end":{"line":63,"column":null}},"12":{"start":{"line":64,"column":0},"end":{"line":64,"column":null}},"13":{"start":{"line":65,"column":0},"end":{"line":65,"column":null}},"14":{"start":{"line":70,"column":0},"end":{"line":70,"column":null}},"15":{"start":{"line":71,"column":0},"end":{"line":71,"column":null}},"16":{"start":{"line":72,"column":0},"end":{"line":72,"column":null}},"17":{"start":{"line":73,"column":0},"end":{"line":73,"column":null}},"18":{"start":{"line":74,"column":0},"end":{"line":74,"column":null}},"19":{"start":{"line":75,"column":0},"end":{"line":75,"column":null}},"20":{"start":{"line":82,"column":0},"end":{"line":82,"column":null}},"21":{"start":{"line":88,"column":0},"end":{"line":88,"column":null}},"22":{"start":{"line":89,"column":0},"end":{"line":89,"column":null}},"23":{"start":{"line":90,"column":0},"end":{"line":90,"column":null}},"24":{"start":{"line":91,"column":0},"end":{"line":91,"column":null}},"25":{"start":{"line":92,"column":0},"end":{"line":100,"column":null}},"26":{"start":{"line":93,"column":0},"end":{"line":93,"column":null}},"27":{"start":{"line":94,"column":0},"end":{"line":94,"column":null}},"28":{"start":{"line":95,"column":0},"end":{"line":95,"column":null}},"29":{"start":{"line":96,"column":0},"end":{"line":96,"column":null}},"30":{"start":{"line":98,"column":0},"end":{"line":98,"column":null}},"31":{"start":{"line":99,"column":0},"end":{"line":99,"column":null}},"32":{"start":{"line":103,"column":0},"end":{"line":103,"column":null}},"33":{"start":{"line":107,"column":0},"end":{"line":107,"column":null}}},"fnMap":{"0":{"name":"(anonymous_1)","decl":{"start":{"line":45,"column":0},"end":{"line":45,"column":null}},"loc":{"start":{"line":45,"column":0},"end":{"line":51,"column":null}}},"1":{"name":"(anonymous_2)","decl":{"start":{"line":62,"column":0},"end":{"line":62,"column":null}},"loc":{"start":{"line":62,"column":0},"end":{"line":66,"column":null}}},"2":{"name":"(anonymous_3)","decl":{"start":{"line":69,"column":0},"end":{"line":69,"column":null}},"loc":{"start":{"line":69,"column":0},"end":{"line":76,"column":null}}},"3":{"name":"(anonymous_4)","decl":{"start":{"line":81,"column":0},"end":{"line":81,"column":null}},"loc":{"start":{"line":81,"column":0},"end":{"line":86,"column":null}}},"4":{"name":"(anonymous_5)","decl":{"start":{"line":87,"column":0},"end":{"line":87,"column":null}},"loc":{"start":{"line":87,"column":0},"end":{"line":101,"column":null}}},"5":{"name":"(anonymous_6)","decl":{"start":{"line":102,"column":0},"end":{"line":102,"column":null}},"loc":{"start":{"line":102,"column":0},"end":{"line":104,"column":null}}},"6":{"name":"(anonymous_7)","decl":{"start":{"line":106,"column":0},"end":{"line":106,"column":null}},"loc":{"start":{"line":106,"column":0},"end":{"line":108,"column":null}}}},"branchMap":{"0":{"loc":{"start":{"line":70,"column":0},"end":{"line":70,"column":null}},"type":"if","locations":[{"start":{"line":70,"column":0},"end":{"line":70,"column":null}},{"start":{"line":70,"column":0},"end":{"line":70,"column":null}}]},"1":{"loc":{"start":{"line":71,"column":0},"end":{"line":71,"column":null}},"type":"binary-expr","locations":[{"start":{"line":71,"column":0},"end":{"line":71,"column":null}},{"start":{"line":71,"column":0},"end":{"line":71,"column":null}}]},"2":{"loc":{"start":{"line":73,"column":0},"end":{"line":73,"column":null}},"type":"if","locations":[{"start":{"line":73,"column":0},"end":{"line":73,"column":null}},{"start":{"line":73,"column":0},"end":{"line":73,"column":null}}]}},"s":{"0":0,"1":0,"2":0,"3":0,"4":0,"5":0,"6":0,"7":0,"8":0,"9":0,"10":0,"11":0,"12":0,"13":0,"14":0,"15":0,"16":0,"17":0,"18":0,"19":0,"20":0,"21":0,"22":0,"23":0,"24":0,"25":0,"26":0,"27":0,"28":0,"29":0,"30":0,"31":0,"32":0,"33":0},"f":{"0":0,"1":0,"2":0,"3":0,"4":0,"5":0,"6":0},"b":{"0":[0,0],"1":[0,0],"2":[0,0]}}
,"D:\\development\\projects\\vue-test\\src\\views\\Shop.vue": {"path":"D:\\development\\projects\\vue-test\\src\\views\\Shop.vue","statementMap":{"0":{"start":{"line":101,"column":0},"end":{"line":101,"column":null}},"1":{"start":{"line":102,"column":0},"end":{"line":102,"column":null}},"2":{"start":{"line":103,"column":0},"end":{"line":103,"column":null}},"3":{"start":{"line":104,"column":0},"end":{"line":104,"column":null}},"4":{"start":{"line":105,"column":0},"end":{"line":105,"column":null}},"5":{"start":{"line":106,"column":0},"end":{"line":106,"column":null}},"6":{"start":{"line":107,"column":0},"end":{"line":107,"column":null}},"7":{"start":{"line":111,"column":0},"end":{"line":111,"column":null}},"8":{"start":{"line":139,"column":0},"end":{"line":139,"column":null}},"9":{"start":{"line":140,"column":0},"end":{"line":143,"column":null}},"10":{"start":{"line":141,"column":0},"end":{"line":141,"column":null}},"11":{"start":{"line":142,"column":0},"end":{"line":142,"column":null}},"12":{"start":{"line":146,"column":0},"end":{"line":146,"column":null}},"13":{"start":{"line":147,"column":0},"end":{"line":147,"column":null}},"14":{"start":{"line":150,"column":0},"end":{"line":150,"column":null}},"15":{"start":{"line":151,"column":0},"end":{"line":151,"column":null}},"16":{"start":{"line":152,"column":0},"end":{"line":152,"column":null}},"17":{"start":{"line":153,"column":0},"end":{"line":153,"column":null}},"18":{"start":{"line":154,"column":0},"end":{"line":160,"column":null}},"19":{"start":{"line":155,"column":0},"end":{"line":155,"column":null}},"20":{"start":{"line":156,"column":0},"end":{"line":156,"column":null}},"21":{"start":{"line":161,"column":0},"end":{"line":161,"column":null}},"22":{"start":{"line":162,"column":0},"end":{"line":162,"column":null}},"23":{"start":{"line":163,"column":0},"end":{"line":163,"column":null}},"24":{"start":{"line":164,"column":0},"end":{"line":164,"column":null}},"25":{"start":{"line":165,"column":0},"end":{"line":165,"column":null}},"26":{"start":{"line":166,"column":0},"end":{"line":166,"column":null}},"27":{"start":{"line":169,"column":0},"end":{"line":169,"column":null}},"28":{"start":{"line":170,"column":0},"end":{"line":170,"column":null}},"29":{"start":{"line":177,"column":0},"end":{"line":177,"column":null}},"30":{"start":{"line":182,"column":0},"end":{"line":182,"column":null}},"31":{"start":{"line":183,"column":0},"end":{"line":183,"column":null}},"32":{"start":{"line":184,"column":0},"end":{"line":187,"column":null}},"33":{"start":{"line":185,"column":0},"end":{"line":185,"column":null}},"34":{"start":{"line":186,"column":0},"end":{"line":186,"column":null}},"35":{"start":{"line":189,"column":0},"end":{"line":189,"column":null}},"36":{"start":{"line":190,"column":0},"end":{"line":190,"column":null}},"37":{"start":{"line":191,"column":0},"end":{"line":196,"column":null}},"38":{"start":{"line":195,"column":0},"end":{"line":195,"column":null}}},"fnMap":{"0":{"name":"(anonymous_1)","decl":{"start":{"line":110,"column":0},"end":{"line":110,"column":null}},"loc":{"start":{"line":110,"column":0},"end":{"line":120,"column":null}}},"1":{"name":"(anonymous_2)","decl":{"start":{"line":138,"column":0},"end":{"line":138,"column":null}},"loc":{"start":{"line":138,"column":0},"end":{"line":144,"column":null}}},"2":{"name":"(anonymous_3)","decl":{"start":{"line":145,"column":0},"end":{"line":145,"column":null}},"loc":{"start":{"line":145,"column":0},"end":{"line":148,"column":null}}},"3":{"name":"(anonymous_4)","decl":{"start":{"line":149,"column":0},"end":{"line":149,"column":null}},"loc":{"start":{"line":149,"column":0},"end":{"line":167,"column":null}}},"4":{"name":"(anonymous_5)","decl":{"start":{"line":168,"column":0},"end":{"line":168,"column":null}},"loc":{"start":{"line":168,"column":0},"end":{"line":174,"column":null}}},"5":{"name":"(anonymous_6)","decl":{"start":{"line":176,"column":0},"end":{"line":176,"column":null}},"loc":{"start":{"line":176,"column":0},"end":{"line":178,"column":null}}},"6":{"name":"(anonymous_7)","decl":{"start":{"line":180,"column":0},"end":{"line":180,"column":null}},"loc":{"start":{"line":180,"column":0},"end":{"line":197,"column":null}}}},"branchMap":{"0":{"loc":{"start":{"line":140,"column":0},"end":{"line":143,"column":null}},"type":"if","locations":[{"start":{"line":140,"column":0},"end":{"line":143,"column":null}},{"start":{"line":140,"column":0},"end":{"line":143,"column":null}}]},"1":{"loc":{"start":{"line":154,"column":0},"end":{"line":160,"column":null}},"type":"if","locations":[{"start":{"line":154,"column":0},"end":{"line":160,"column":null}},{"start":{"line":154,"column":0},"end":{"line":160,"column":null}}]},"2":{"loc":{"start":{"line":184,"column":0},"end":{"line":187,"column":null}},"type":"if","locations":[{"start":{"line":184,"column":0},"end":{"line":187,"column":null}},{"start":{"line":184,"column":0},"end":{"line":187,"column":null}}]},"3":{"loc":{"start":{"line":184,"column":0},"end":{"line":184,"column":null}},"type":"binary-expr","locations":[{"start":{"line":184,"column":0},"end":{"line":184,"column":null}},{"start":{"line":184,"column":0},"end":{"line":184,"column":null}}]},"4":{"loc":{"start":{"line":191,"column":0},"end":{"line":196,"column":null}},"type":"if","locations":[{"start":{"line":191,"column":0},"end":{"line":196,"column":null}},{"start":{"line":191,"column":0},"end":{"line":196,"column":null}}]},"5":{"loc":{"start":{"line":191,"column":0},"end":{"line":191,"column":null}},"type":"binary-expr","locations":[{"start":{"line":191,"column":0},"end":{"line":191,"column":null}},{"start":{"line":191,"column":0},"end":{"line":191,"column":null}}]}},"s":{"0":0,"1":0,"2":0,"3":0,"4":0,"5":0,"6":0,"7":0,"8":0,"9":0,"10":0,"11":0,"12":0,"13":0,"14":0,"15":0,"16":0,"17":0,"18":0,"19":0,"20":0,"21":0,"22":0,"23":0,"24":0,"25":0,"26":0,"27":0,"28":0,"29":0,"30":0,"31":0,"32":0,"33":0,"34":0,"35":0,"36":0,"37":0,"38":0},"f":{"0":0,"1":0,"2":0,"3":0,"4":0,"5":0,"6":0},"b":{"0":[0,0],"1":[0,0],"2":[0,0],"3":[0,0],"4":[0,0],"5":[0,0]}}
}
