TN:
SF:D:\development\projects\vue-test\src\App.vue
FN:34,(anonymous_1)
FN:37,(anonymous_2)
FNF:2
FNH:1
FNDA:1,(anonymous_1)
FNDA:0,(anonymous_2)
DA:28,1
DA:29,1
DA:35,1
DA:38,0
LF:4
LH:3
BRF:0
BRH:0
end_of_record
TN:
SF:D:\development\projects\vue-test\src\i18n.js
FN:6,loadLocaleMessages
FN:9,(anonymous_1)
FNF:2
FNH:0
FNDA:0,loadLocaleMessages
FNDA:0,(anonymous_1)
DA:4,0
DA:7,0
DA:8,0
DA:9,0
DA:10,0
DA:11,0
DA:12,0
DA:13,0
DA:16,0
LF:9
LH:0
BRDA:11,0,0,0
BRDA:11,0,1,0
BRDA:11,1,0,0
BRDA:11,1,1,0
BRDA:20,2,0,0
BRDA:20,2,1,0
BRDA:21,3,0,0
BRDA:21,3,1,0
BRF:8
BRH:0
end_of_record
TN:
SF:D:\development\projects\vue-test\src\components\cart\Coupon.vue
FN:31,(anonymous_1)
FN:36,(anonymous_2)
FNF:2
FNH:0
FNDA:0,(anonymous_1)
FNDA:0,(anonymous_2)
DA:32,0
DA:36,0
LF:2
LH:0
BRF:0
BRH:0
end_of_record
TN:
SF:D:\development\projects\vue-test\src\components\cart\CustomerInfo.vue
FN:37,(anonymous_1)
FNF:1
FNH:0
FNDA:0,(anonymous_1)
DA:38,0
LF:1
LH:0
BRF:0
BRH:0
end_of_record
TN:
SF:D:\development\projects\vue-test\src\components\cart\ProductItem.vue
FN:46,(anonymous_1)
FN:53,(anonymous_2)
FN:58,(anonymous_3)
FN:64,(anonymous_4)
FN:72,(anonymous_5)
FN:75,(anonymous_6)
FNF:6
FNH:0
FNDA:0,(anonymous_1)
FNDA:0,(anonymous_2)
FNDA:0,(anonymous_3)
FNDA:0,(anonymous_4)
FNDA:0,(anonymous_5)
FNDA:0,(anonymous_6)
DA:40,0
DA:41,0
DA:47,0
DA:53,0
DA:60,0
DA:61,0
DA:65,0
DA:66,0
DA:73,0
DA:76,0
LF:10
LH:0
BRDA:60,0,0,0
BRDA:60,0,1,0
BRDA:65,1,0,0
BRDA:65,1,1,0
BRF:4
BRH:0
end_of_record
TN:
SF:D:\development\projects\vue-test\src\components\cart\ProductItemList.vue
FN:24,(anonymous_1)
FNF:1
FNH:0
FNDA:0,(anonymous_1)
DA:18,0
DA:19,0
DA:25,0
LF:3
LH:0
BRF:0
BRH:0
end_of_record
TN:
SF:D:\development\projects\vue-test\src\components\layouts\CartIcon.vue
FN:12,(anonymous_1)
FNF:1
FNH:0
FNDA:0,(anonymous_1)
DA:13,0
LF:1
LH:0
BRF:0
BRH:0
end_of_record
TN:
SF:D:\development\projects\vue-test\src\components\layouts\ContactIcon.vue
FN:12,(anonymous_1)
FNF:1
FNH:0
FNDA:0,(anonymous_1)
DA:8,0
DA:13,0
LF:2
LH:0
BRF:0
BRH:0
end_of_record
TN:
SF:D:\development\projects\vue-test\src\components\layouts\navbars\HomeNav.vue
FN:16,(anonymous_1)
FNF:1
FNH:0
FNDA:0,(anonymous_1)
DA:17,0
LF:1
LH:0
BRF:0
BRH:0
end_of_record
TN:
SF:D:\development\projects\vue-test\src\components\layouts\navbars\PurchaseNav.vue
FN:28,(anonymous_1)
FNF:1
FNH:0
FNDA:0,(anonymous_1)
DA:21,0
DA:22,0
DA:29,0
LF:3
LH:0
BRF:0
BRH:0
end_of_record
TN:
SF:D:\development\projects\vue-test\src\components\product-detail\About.vue
FN:13,(anonymous_1)
FNF:1
FNH:0
FNDA:0,(anonymous_1)
DA:13,0
LF:1
LH:0
BRF:0
BRH:0
end_of_record
TN:
SF:D:\development\projects\vue-test\src\components\product-detail\Gallery.vue
FN:36,(anonymous_1)
FN:64,(anonymous_2)
FN:67,(anonymous_3)
FNF:3
FNH:0
FNDA:0,(anonymous_1)
FNDA:0,(anonymous_2)
FNDA:0,(anonymous_3)
DA:37,0
DA:64,0
DA:68,0
DA:69,0
DA:70,0
DA:71,0
LF:6
LH:0
BRF:0
BRH:0
end_of_record
TN:
SF:D:\development\projects\vue-test\src\components\product-detail\Price.vue
FN:29,(anonymous_1)
FN:36,(anonymous_2)
FN:41,(anonymous_3)
FN:46,(anonymous_4)
FNF:4
FNH:0
FNDA:0,(anonymous_1)
FNDA:0,(anonymous_2)
FNDA:0,(anonymous_3)
FNDA:0,(anonymous_4)
DA:21,0
DA:22,0
DA:29,0
DA:37,0
DA:42,0
DA:43,0
DA:47,0
DA:48,0
LF:8
LH:0
BRDA:42,0,0,0
BRDA:42,0,1,0
BRDA:47,1,0,0
BRDA:47,1,1,0
BRF:4
BRH:0
end_of_record
TN:
SF:D:\development\projects\vue-test\src\components\product-detail\ProductNotFound.vue
FN:19,(anonymous_1)
FN:27,(anonymous_2)
FN:30,(anonymous_3)
FNF:3
FNH:0
FNDA:0,(anonymous_1)
FNDA:0,(anonymous_2)
FNDA:0,(anonymous_3)
DA:15,0
DA:20,0
DA:21,0
DA:28,0
DA:31,0
LF:5
LH:0
BRDA:28,0,0,0
BRDA:28,0,1,0
BRF:2
BRH:0
end_of_record
TN:
SF:D:\development\projects\vue-test\src\components\product-detail\Title.vue
FN:13,(anonymous_1)
FNF:1
FNH:0
FNDA:0,(anonymous_1)
DA:13,0
LF:1
LH:0
BRF:0
BRH:0
end_of_record
TN:
SF:D:\development\projects\vue-test\src\components\search\SearchInput.vue
FN:52,(anonymous_1)
FN:57,(anonymous_2)
FN:62,(anonymous_3)
FN:66,(anonymous_4)
FN:71,(anonymous_5)
FNF:5
FNH:0
FNDA:0,(anonymous_1)
FNDA:0,(anonymous_2)
FNDA:0,(anonymous_3)
FNDA:0,(anonymous_4)
FNDA:0,(anonymous_5)
DA:45,0
DA:46,0
DA:47,0
DA:53,0
DA:58,0
DA:63,0
DA:64,0
DA:67,0
DA:68,0
DA:69,0
DA:72,0
DA:73,0
DA:74,0
DA:80,0
DA:81,0
DA:82,0
DA:85,0
LF:17
LH:0
BRDA:58,0,0,0
BRDA:58,0,1,0
BRDA:80,1,0,0
BRDA:80,1,1,0
BRDA:80,2,0,0
BRDA:80,2,1,0
BRF:6
BRH:0
end_of_record
TN:
SF:D:\development\projects\vue-test\src\components\shop\SellerContactFloating.vue
FN:20,(anonymous_1)
FNF:1
FNH:0
FNDA:0,(anonymous_1)
DA:17,0
DA:21,0
LF:2
LH:0
BRF:0
BRH:0
end_of_record
TN:
SF:D:\development\projects\vue-test\src\components\shop\ShopFavourites.vue
FN:26,(anonymous_1)
FNF:1
FNH:0
FNDA:0,(anonymous_1)
DA:18,0
DA:26,0
LF:2
LH:0
BRF:0
BRH:0
end_of_record
TN:
SF:D:\development\projects\vue-test\src\components\shop\ShopNotFound.vue
FN:19,(anonymous_1)
FN:27,(anonymous_2)
FN:30,(anonymous_3)
FNF:3
FNH:0
FNDA:0,(anonymous_1)
FNDA:0,(anonymous_2)
FNDA:0,(anonymous_3)
DA:15,0
DA:20,0
DA:21,0
DA:28,0
DA:31,0
LF:5
LH:0
BRF:0
BRH:0
end_of_record
TN:
SF:D:\development\projects\vue-test\src\components\shop\ShopProfileBanner.vue
FN:26,(anonymous_1)
FNF:1
FNH:0
FNDA:0,(anonymous_1)
DA:26,0
LF:1
LH:0
BRF:0
BRH:0
end_of_record
TN:
SF:D:\development\projects\vue-test\src\components\shop\ShopCategories\Index.vue
FN:20,(anonymous_1)
FN:23,(anonymous_2)
FN:29,(anonymous_3)
FN:64,(anonymous_4)
FNF:4
FNH:0
FNDA:0,(anonymous_1)
FNDA:0,(anonymous_2)
FNDA:0,(anonymous_3)
FNDA:0,(anonymous_4)
DA:15,0
DA:20,0
DA:30,0
DA:65,0
LF:4
LH:0
BRF:0
BRH:0
end_of_record
TN:
SF:D:\development\projects\vue-test\src\components\shop\ShopCategories\Item.vue
FN:20,(anonymous_1)
FNF:1
FNH:0
FNDA:0,(anonymous_1)
DA:20,0
LF:1
LH:0
BRF:0
BRH:0
end_of_record
TN:
SF:D:\development\projects\vue-test\src\filters\currencyFormat.js
FN:1,(anonymous_0)
FNF:1
FNH:0
FNDA:0,(anonymous_0)
DA:2,0
LF:1
LH:0
BRDA:1,0,0,0
BRDA:1,1,0,0
BRF:2
BRH:0
end_of_record
TN:
SF:D:\development\projects\vue-test\src\helpers\freezeBackground.js
FN:1,(anonymous_0)
FN:7,(anonymous_1)
FNF:2
FNH:0
FNDA:0,(anonymous_0)
FNDA:0,(anonymous_1)
DA:1,0
DA:3,0
DA:4,0
DA:7,0
DA:9,0
DA:10,0
DA:11,0
DA:12,0
LF:8
LH:0
BRDA:12,0,0,0
BRDA:12,0,1,0
BRF:2
BRH:0
end_of_record
TN:
SF:D:\development\projects\vue-test\src\helpers\underscore.js
FN:5,restArguments
FN:5,(anonymous_1)
FN:5,isObject
FN:5,isNull
FN:5,isUndefined
FN:5,isBoolean
FN:5,isElement
FN:5,tagTester
FN:5,(anonymous_8)
FN:5,(anonymous_9)
FN:5,ie10IsDataView
FN:5,has$1
FN:5,(anonymous_12)
FN:5,(anonymous_13)
FN:5,isFinite$1
FN:5,isNaN$1
FN:5,constant
FN:5,(anonymous_17)
FN:5,createSizePropertyCheck
FN:5,(anonymous_19)
FN:5,shallowProperty
FN:5,(anonymous_21)
FN:5,isTypedArray
FN:5,emulatedSet
FN:5,(anonymous_24)
FN:5,(anonymous_25)
FN:5,collectNonEnumProps
FN:5,keys
FN:5,isEmpty
FN:5,isMatch
FN:5,_$1
FN:5,toBufferView
FN:5,(anonymous_32)
FN:5,(anonymous_33)
FN:5,eq
FN:5,deepEq
FN:5,isEqual
FN:5,allKeys
FN:5,ie11fingerprint
FN:5,(anonymous_39)
FN:5,values
FN:5,pairs
FN:5,invert
FN:5,functions
FN:5,createAssigner
FN:5,(anonymous_45)
FN:5,ctor
FN:5,(anonymous_47)
FN:5,baseCreate
FN:5,create
FN:5,clone
FN:5,tap
FN:5,toPath$1
FN:5,toPath
FN:5,deepGet
FN:5,get
FN:5,has
FN:5,identity
FN:5,matcher
FN:5,(anonymous_59)
FN:5,property
FN:5,(anonymous_61)
FN:5,optimizeCb
FN:5,(anonymous_63)
FN:5,(anonymous_64)
FN:5,(anonymous_65)
FN:5,(anonymous_66)
FN:5,baseIteratee
FN:5,iteratee
FN:5,cb
FN:5,mapObject
FN:5,noop
FN:5,propertyOf
FN:5,(anonymous_73)
FN:5,times
FN:5,random
FN:5,(anonymous_76)
FN:5,createEscaper
FN:5,(anonymous_78)
FN:5,(anonymous_79)
FN:5,escapeChar
FN:5,template
FN:5,(anonymous_82)
FN:5,(anonymous_83)
FN:5,result
FN:5,uniqueId
FN:5,chain
FN:5,executeBound
FN:5,(anonymous_88)
FN:5,(anonymous_89)
FN:5,(anonymous_90)
FN:5,(anonymous_91)
FN:5,flatten$1
FN:5,(anonymous_93)
FN:5,memoize
FN:5,(anonymous_95)
FN:5,(anonymous_96)
FN:5,(anonymous_97)
FN:5,throttle
FN:5,(anonymous_99)
FN:5,(anonymous_100)
FN:5,(anonymous_101)
FN:5,debounce
FN:5,(anonymous_103)
FN:5,(anonymous_104)
FN:5,(anonymous_105)
FN:5,wrap
FN:5,negate
FN:5,(anonymous_108)
FN:5,compose
FN:5,(anonymous_110)
FN:5,after
FN:5,(anonymous_112)
FN:5,before
FN:5,(anonymous_114)
FN:5,findKey
FN:5,createPredicateIndexFinder
FN:5,(anonymous_117)
FN:5,sortedIndex
FN:5,createIndexFinder
FN:5,(anonymous_120)
FN:5,find
FN:5,findWhere
FN:5,each
FN:5,map
FN:5,createReduce
FN:5,(anonymous_126)
FN:5,(anonymous_127)
FN:5,filter
FN:5,(anonymous_129)
FN:5,reject
FN:5,every
FN:5,some
FN:5,contains
FN:5,(anonymous_134)
FN:5,(anonymous_135)
FN:5,pluck
FN:5,where
FN:5,max
FN:5,(anonymous_139)
FN:5,min
FN:5,(anonymous_141)
FN:5,sample
FN:5,shuffle
FN:5,sortBy
FN:5,(anonymous_145)
FN:5,(anonymous_146)
FN:5,group
FN:5,(anonymous_148)
FN:5,(anonymous_149)
FN:5,(anonymous_150)
FN:5,(anonymous_151)
FN:5,(anonymous_152)
FN:5,(anonymous_153)
FN:5,toArray
FN:5,size
FN:5,keyInObj
FN:5,(anonymous_157)
FN:5,(anonymous_158)
FN:5,(anonymous_159)
FN:5,initial
FN:5,first
FN:5,rest
FN:5,last
FN:5,compact
FN:5,flatten
FN:5,(anonymous_166)
FN:5,(anonymous_167)
FN:5,(anonymous_168)
FN:5,uniq
FN:5,(anonymous_170)
FN:5,intersection
FN:5,unzip
FN:5,object
FN:5,range
FN:5,chunk
FN:5,chainResult
FN:5,mixin
FN:5,(anonymous_178)
FN:5,(anonymous_179)
FN:5,(anonymous_180)
FN:5,(anonymous_181)
FN:5,(anonymous_182)
FN:5,(anonymous_183)
FNF:184
FNH:0
FNDA:0,restArguments
FNDA:0,(anonymous_1)
FNDA:0,isObject
FNDA:0,isNull
FNDA:0,isUndefined
FNDA:0,isBoolean
FNDA:0,isElement
FNDA:0,tagTester
FNDA:0,(anonymous_8)
FNDA:0,(anonymous_9)
FNDA:0,ie10IsDataView
FNDA:0,has$1
FNDA:0,(anonymous_12)
FNDA:0,(anonymous_13)
FNDA:0,isFinite$1
FNDA:0,isNaN$1
FNDA:0,constant
FNDA:0,(anonymous_17)
FNDA:0,createSizePropertyCheck
FNDA:0,(anonymous_19)
FNDA:0,shallowProperty
FNDA:0,(anonymous_21)
FNDA:0,isTypedArray
FNDA:0,emulatedSet
FNDA:0,(anonymous_24)
FNDA:0,(anonymous_25)
FNDA:0,collectNonEnumProps
FNDA:0,keys
FNDA:0,isEmpty
FNDA:0,isMatch
FNDA:0,_$1
FNDA:0,toBufferView
FNDA:0,(anonymous_32)
FNDA:0,(anonymous_33)
FNDA:0,eq
FNDA:0,deepEq
FNDA:0,isEqual
FNDA:0,allKeys
FNDA:0,ie11fingerprint
FNDA:0,(anonymous_39)
FNDA:0,values
FNDA:0,pairs
FNDA:0,invert
FNDA:0,functions
FNDA:0,createAssigner
FNDA:0,(anonymous_45)
FNDA:0,ctor
FNDA:0,(anonymous_47)
FNDA:0,baseCreate
FNDA:0,create
FNDA:0,clone
FNDA:0,tap
FNDA:0,toPath$1
FNDA:0,toPath
FNDA:0,deepGet
FNDA:0,get
FNDA:0,has
FNDA:0,identity
FNDA:0,matcher
FNDA:0,(anonymous_59)
FNDA:0,property
FNDA:0,(anonymous_61)
FNDA:0,optimizeCb
FNDA:0,(anonymous_63)
FNDA:0,(anonymous_64)
FNDA:0,(anonymous_65)
FNDA:0,(anonymous_66)
FNDA:0,baseIteratee
FNDA:0,iteratee
FNDA:0,cb
FNDA:0,mapObject
FNDA:0,noop
FNDA:0,propertyOf
FNDA:0,(anonymous_73)
FNDA:0,times
FNDA:0,random
FNDA:0,(anonymous_76)
FNDA:0,createEscaper
FNDA:0,(anonymous_78)
FNDA:0,(anonymous_79)
FNDA:0,escapeChar
FNDA:0,template
FNDA:0,(anonymous_82)
FNDA:0,(anonymous_83)
FNDA:0,result
FNDA:0,uniqueId
FNDA:0,chain
FNDA:0,executeBound
FNDA:0,(anonymous_88)
FNDA:0,(anonymous_89)
FNDA:0,(anonymous_90)
FNDA:0,(anonymous_91)
FNDA:0,flatten$1
FNDA:0,(anonymous_93)
FNDA:0,memoize
FNDA:0,(anonymous_95)
FNDA:0,(anonymous_96)
FNDA:0,(anonymous_97)
FNDA:0,throttle
FNDA:0,(anonymous_99)
FNDA:0,(anonymous_100)
FNDA:0,(anonymous_101)
FNDA:0,debounce
FNDA:0,(anonymous_103)
FNDA:0,(anonymous_104)
FNDA:0,(anonymous_105)
FNDA:0,wrap
FNDA:0,negate
FNDA:0,(anonymous_108)
FNDA:0,compose
FNDA:0,(anonymous_110)
FNDA:0,after
FNDA:0,(anonymous_112)
FNDA:0,before
FNDA:0,(anonymous_114)
FNDA:0,findKey
FNDA:0,createPredicateIndexFinder
FNDA:0,(anonymous_117)
FNDA:0,sortedIndex
FNDA:0,createIndexFinder
FNDA:0,(anonymous_120)
FNDA:0,find
FNDA:0,findWhere
FNDA:0,each
FNDA:0,map
FNDA:0,createReduce
FNDA:0,(anonymous_126)
FNDA:0,(anonymous_127)
FNDA:0,filter
FNDA:0,(anonymous_129)
FNDA:0,reject
FNDA:0,every
FNDA:0,some
FNDA:0,contains
FNDA:0,(anonymous_134)
FNDA:0,(anonymous_135)
FNDA:0,pluck
FNDA:0,where
FNDA:0,max
FNDA:0,(anonymous_139)
FNDA:0,min
FNDA:0,(anonymous_141)
FNDA:0,sample
FNDA:0,shuffle
FNDA:0,sortBy
FNDA:0,(anonymous_145)
FNDA:0,(anonymous_146)
FNDA:0,group
FNDA:0,(anonymous_148)
FNDA:0,(anonymous_149)
FNDA:0,(anonymous_150)
FNDA:0,(anonymous_151)
FNDA:0,(anonymous_152)
FNDA:0,(anonymous_153)
FNDA:0,toArray
FNDA:0,size
FNDA:0,keyInObj
FNDA:0,(anonymous_157)
FNDA:0,(anonymous_158)
FNDA:0,(anonymous_159)
FNDA:0,initial
FNDA:0,first
FNDA:0,rest
FNDA:0,last
FNDA:0,compact
FNDA:0,flatten
FNDA:0,(anonymous_166)
FNDA:0,(anonymous_167)
FNDA:0,(anonymous_168)
FNDA:0,uniq
FNDA:0,(anonymous_170)
FNDA:0,intersection
FNDA:0,unzip
FNDA:0,object
FNDA:0,range
FNDA:0,chunk
FNDA:0,chainResult
FNDA:0,mixin
FNDA:0,(anonymous_178)
FNDA:0,(anonymous_179)
FNDA:0,(anonymous_180)
FNDA:0,(anonymous_181)
FNDA:0,(anonymous_182)
FNDA:0,(anonymous_183)
DA:5,0
LF:1
LH:0
BRDA:5,0,0,0
BRDA:5,0,1,0
BRDA:5,0,2,0
BRDA:5,0,3,0
BRDA:5,0,4,0
BRDA:5,0,5,0
BRDA:5,0,6,0
BRDA:5,0,7,0
BRDA:5,1,0,0
BRDA:5,1,1,0
BRDA:5,2,0,0
BRDA:5,2,1,0
BRDA:5,3,0,0
BRDA:5,3,1,0
BRDA:5,4,0,0
BRDA:5,4,1,0
BRDA:5,4,2,0
BRDA:5,5,0,0
BRDA:5,5,1,0
BRDA:5,5,2,0
BRDA:5,6,0,0
BRDA:5,6,1,0
BRDA:5,6,2,0
BRDA:5,7,0,0
BRDA:5,7,1,0
BRDA:5,8,0,0
BRDA:5,8,1,0
BRDA:5,9,0,0
BRDA:5,9,1,0
BRDA:5,9,2,0
BRDA:5,9,3,0
BRDA:5,10,0,0
BRDA:5,10,1,0
BRDA:5,11,0,0
BRDA:5,11,1,0
BRDA:5,12,0,0
BRDA:5,12,1,0
BRDA:5,13,0,0
BRDA:5,13,1,0
BRDA:5,13,2,0
BRDA:5,14,0,0
BRDA:5,14,1,0
BRDA:5,15,0,0
BRDA:5,15,1,0
BRDA:5,16,0,0
BRDA:5,16,1,0
BRDA:5,17,0,0
BRDA:5,17,1,0
BRDA:5,18,0,0
BRDA:5,18,1,0
BRDA:5,18,2,0
BRDA:5,19,0,0
BRDA:5,19,1,0
BRDA:5,20,0,0
BRDA:5,20,1,0
BRDA:5,20,2,0
BRDA:5,21,0,0
BRDA:5,21,1,0
BRDA:5,22,0,0
BRDA:5,22,1,0
BRDA:5,23,0,0
BRDA:5,23,1,0
BRDA:5,24,0,0
BRDA:5,24,1,0
BRDA:5,25,0,0
BRDA:5,25,1,0
BRDA:5,26,0,0
BRDA:5,26,1,0
BRDA:5,26,2,0
BRDA:5,27,0,0
BRDA:5,27,1,0
BRDA:5,27,2,0
BRDA:5,28,0,0
BRDA:5,28,1,0
BRDA:5,28,2,0
BRDA:5,28,3,0
BRDA:5,29,0,0
BRDA:5,29,1,0
BRDA:5,30,0,0
BRDA:5,30,1,0
BRDA:5,31,0,0
BRDA:5,31,1,0
BRDA:5,32,0,0
BRDA:5,32,1,0
BRDA:5,33,0,0
BRDA:5,33,1,0
BRDA:5,34,0,0
BRDA:5,34,1,0
BRDA:5,35,0,0
BRDA:5,35,1,0
BRDA:5,35,2,0
BRDA:5,35,3,0
BRDA:5,36,0,0
BRDA:5,36,1,0
BRDA:5,37,0,0
BRDA:5,37,1,0
BRDA:5,38,0,0
BRDA:5,38,1,0
BRDA:5,39,0,0
BRDA:5,39,1,0
BRDA:5,40,0,0
BRDA:5,40,1,0
BRDA:5,41,0,0
BRDA:5,41,1,0
BRDA:5,42,0,0
BRDA:5,42,1,0
BRDA:5,43,0,0
BRDA:5,43,1,0
BRDA:5,44,0,0
BRDA:5,44,1,0
BRDA:5,45,0,0
BRDA:5,45,1,0
BRDA:5,46,0,0
BRDA:5,46,1,0
BRDA:5,47,0,0
BRDA:5,47,1,0
BRDA:5,48,0,0
BRDA:5,48,1,0
BRDA:5,48,2,0
BRDA:5,48,3,0
BRDA:5,49,0,0
BRDA:5,49,1,0
BRDA:5,50,0,0
BRDA:5,50,1,0
BRDA:5,51,0,0
BRDA:5,51,1,0
BRDA:5,52,0,0
BRDA:5,52,1,0
BRDA:5,53,0,0
BRDA:5,53,1,0
BRDA:5,53,2,0
BRDA:5,54,0,0
BRDA:5,54,1,0
BRDA:5,55,0,0
BRDA:5,55,1,0
BRDA:5,55,2,0
BRDA:5,55,3,0
BRDA:5,55,4,0
BRDA:5,55,5,0
BRDA:5,55,6,0
BRDA:5,55,7,0
BRDA:5,56,0,0
BRDA:5,56,1,0
BRDA:5,57,0,0
BRDA:5,57,1,0
BRDA:5,58,0,0
BRDA:5,58,1,0
BRDA:5,59,0,0
BRDA:5,59,1,0
BRDA:5,60,0,0
BRDA:5,60,1,0
BRDA:5,61,0,0
BRDA:5,61,1,0
BRDA:5,62,0,0
BRDA:5,62,1,0
BRDA:5,63,0,0
BRDA:5,63,1,0
BRDA:5,64,0,0
BRDA:5,64,1,0
BRDA:5,65,0,0
BRDA:5,65,1,0
BRDA:5,66,0,0
BRDA:5,66,1,0
BRDA:5,67,0,0
BRDA:5,67,1,0
BRDA:5,67,2,0
BRDA:5,67,3,0
BRDA:5,68,0,0
BRDA:5,68,1,0
BRDA:5,68,2,0
BRDA:5,68,3,0
BRDA:5,69,0,0
BRDA:5,69,1,0
BRDA:5,70,0,0
BRDA:5,70,1,0
BRDA:5,71,0,0
BRDA:5,71,1,0
BRDA:5,72,0,0
BRDA:5,72,1,0
BRDA:5,73,0,0
BRDA:5,73,1,0
BRDA:5,74,0,0
BRDA:5,74,1,0
BRDA:5,75,0,0
BRDA:5,75,1,0
BRDA:5,76,0,0
BRDA:5,76,1,0
BRDA:5,77,0,0
BRDA:5,77,1,0
BRDA:5,78,0,0
BRDA:5,78,1,0
BRDA:5,79,0,0
BRDA:5,79,1,0
BRDA:5,80,0,0
BRDA:5,80,1,0
BRDA:5,81,0,0
BRDA:5,81,1,0
BRDA:5,82,0,0
BRDA:5,82,1,0
BRDA:5,83,0,0
BRDA:5,83,1,0
BRDA:5,84,0,0
BRDA:5,84,1,0
BRDA:5,85,0,0
BRDA:5,85,1,0
BRDA:5,86,0,0
BRDA:5,86,1,0
BRDA:5,87,0,0
BRDA:5,87,1,0
BRDA:5,88,0,0
BRDA:5,88,1,0
BRDA:5,89,0,0
BRDA:5,89,1,0
BRDA:5,90,0,0
BRDA:5,90,1,0
BRDA:5,91,0,0
BRDA:5,91,1,0
BRDA:5,91,2,0
BRDA:5,92,0,0
BRDA:5,92,1,0
BRDA:5,93,0,0
BRDA:5,93,1,0
BRDA:5,94,0,0
BRDA:5,94,1,0
BRDA:5,95,0,0
BRDA:5,95,1,0
BRDA:5,96,0,0
BRDA:5,96,1,0
BRDA:5,97,0,0
BRDA:5,97,1,0
BRDA:5,98,0,0
BRDA:5,98,1,0
BRDA:5,99,0,0
BRDA:5,99,1,0
BRDA:5,100,0,0
BRDA:5,100,1,0
BRDA:5,101,0,0
BRDA:5,101,1,0
BRDA:5,102,0,0
BRDA:5,102,1,0
BRDA:5,103,0,0
BRDA:5,103,1,0
BRDA:5,103,2,0
BRDA:5,104,0,0
BRDA:5,104,1,0
BRDA:5,105,0,0
BRDA:5,105,1,0
BRDA:5,106,0,0
BRDA:5,106,1,0
BRDA:5,107,0,0
BRDA:5,107,1,0
BRDA:5,108,0,0
BRDA:5,108,1,0
BRDA:5,109,0,0
BRDA:5,109,1,0
BRDA:5,110,0,0
BRDA:5,110,1,0
BRDA:5,111,0,0
BRDA:5,111,1,0
BRDA:5,112,0,0
BRDA:5,112,1,0
BRDA:5,113,0,0
BRDA:5,113,1,0
BRDA:5,114,0,0
BRDA:5,114,1,0
BRDA:5,115,0,0
BRDA:5,115,1,0
BRDA:5,115,2,0
BRDA:5,116,0,0
BRDA:5,116,1,0
BRDA:5,117,0,0
BRDA:5,117,1,0
BRDA:5,118,0,0
BRDA:5,118,1,0
BRDA:5,119,0,0
BRDA:5,119,1,0
BRDA:5,120,0,0
BRDA:5,120,1,0
BRDA:5,121,0,0
BRDA:5,121,1,0
BRDA:5,122,0,0
BRDA:5,122,1,0
BRDA:5,123,0,0
BRDA:5,123,1,0
BRDA:5,124,0,0
BRDA:5,124,1,0
BRDA:5,125,0,0
BRDA:5,125,1,0
BRDA:5,126,0,0
BRDA:5,126,1,0
BRDA:5,127,0,0
BRDA:5,127,1,0
BRDA:5,128,0,0
BRDA:5,128,1,0
BRDA:5,129,0,0
BRDA:5,129,1,0
BRDA:5,130,0,0
BRDA:5,130,1,0
BRDA:5,131,0,0
BRDA:5,131,1,0
BRDA:5,132,0,0
BRDA:5,132,1,0
BRDA:5,133,0,0
BRDA:5,133,1,0
BRDA:5,134,0,0
BRDA:5,134,1,0
BRDA:5,135,0,0
BRDA:5,135,1,0
BRDA:5,136,0,0
BRDA:5,136,1,0
BRDA:5,137,0,0
BRDA:5,137,1,0
BRDA:5,138,0,0
BRDA:5,138,1,0
BRDA:5,139,0,0
BRDA:5,139,1,0
BRDA:5,139,2,0
BRDA:5,140,0,0
BRDA:5,140,1,0
BRDA:5,141,0,0
BRDA:5,141,1,0
BRDA:5,142,0,0
BRDA:5,142,1,0
BRDA:5,143,0,0
BRDA:5,143,1,0
BRDA:5,144,0,0
BRDA:5,144,1,0
BRDA:5,145,0,0
BRDA:5,145,1,0
BRDA:5,146,0,0
BRDA:5,146,1,0
BRDA:5,147,0,0
BRDA:5,147,1,0
BRDA:5,148,0,0
BRDA:5,148,1,0
BRDA:5,148,2,0
BRDA:5,149,0,0
BRDA:5,149,1,0
BRDA:5,150,0,0
BRDA:5,150,1,0
BRDA:5,151,0,0
BRDA:5,151,1,0
BRDA:5,152,0,0
BRDA:5,152,1,0
BRDA:5,153,0,0
BRDA:5,153,1,0
BRDA:5,153,2,0
BRDA:5,154,0,0
BRDA:5,154,1,0
BRDA:5,155,0,0
BRDA:5,155,1,0
BRDA:5,156,0,0
BRDA:5,156,1,0
BRDA:5,157,0,0
BRDA:5,157,1,0
BRDA:5,158,0,0
BRDA:5,158,1,0
BRDA:5,159,0,0
BRDA:5,159,1,0
BRDA:5,160,0,0
BRDA:5,160,1,0
BRDA:5,161,0,0
BRDA:5,161,1,0
BRDA:5,162,0,0
BRDA:5,162,1,0
BRDA:5,163,0,0
BRDA:5,163,1,0
BRDA:5,164,0,0
BRDA:5,164,1,0
BRDA:5,165,0,0
BRDA:5,165,1,0
BRDA:5,166,0,0
BRDA:5,166,1,0
BRDA:5,167,0,0
BRDA:5,167,1,0
BRDA:5,168,0,0
BRDA:5,168,1,0
BRDA:5,169,0,0
BRDA:5,169,1,0
BRDA:5,170,0,0
BRDA:5,170,1,0
BRDA:5,171,0,0
BRDA:5,171,1,0
BRDA:5,172,0,0
BRDA:5,172,1,0
BRDA:5,172,2,0
BRDA:5,173,0,0
BRDA:5,173,1,0
BRDA:5,174,0,0
BRDA:5,174,1,0
BRDA:5,175,0,0
BRDA:5,175,1,0
BRDA:5,176,0,0
BRDA:5,176,1,0
BRDA:5,177,0,0
BRDA:5,177,1,0
BRDA:5,178,0,0
BRDA:5,178,1,0
BRDA:5,179,0,0
BRDA:5,179,1,0
BRDA:5,180,0,0
BRDA:5,180,1,0
BRDA:5,181,0,0
BRDA:5,181,1,0
BRDA:5,182,0,0
BRDA:5,182,1,0
BRDA:5,183,0,0
BRDA:5,183,1,0
BRDA:5,184,0,0
BRDA:5,184,1,0
BRDA:5,185,0,0
BRDA:5,185,1,0
BRDA:5,186,0,0
BRDA:5,186,1,0
BRDA:5,187,0,0
BRDA:5,187,1,0
BRDA:5,188,0,0
BRDA:5,188,1,0
BRDA:5,189,0,0
BRDA:5,189,1,0
BRDA:5,190,0,0
BRDA:5,190,1,0
BRDA:5,191,0,0
BRDA:5,191,1,0
BRDA:5,192,0,0
BRDA:5,192,1,0
BRDA:5,193,0,0
BRDA:5,193,1,0
BRDA:5,194,0,0
BRDA:5,194,1,0
BRDA:5,195,0,0
BRDA:5,195,1,0
BRDA:5,196,0,0
BRDA:5,196,1,0
BRDA:5,197,0,0
BRDA:5,197,1,0
BRDA:5,198,0,0
BRDA:5,198,1,0
BRDA:5,199,0,0
BRDA:5,199,1,0
BRDA:5,200,0,0
BRDA:5,200,1,0
BRDA:5,201,0,0
BRDA:5,201,1,0
BRDA:5,202,0,0
BRDA:5,202,1,0
BRDA:5,203,0,0
BRDA:5,203,1,0
BRDA:5,203,2,0
BRDA:5,204,0,0
BRDA:5,204,1,0
BRDA:5,205,0,0
BRDA:5,205,1,0
BRDA:5,206,0,0
BRDA:5,206,1,0
BRDA:5,207,0,0
BRDA:5,207,1,0
BRDA:5,207,2,0
BRDA:5,208,0,0
BRDA:5,208,1,0
BRDA:5,209,0,0
BRDA:5,209,1,0
BRDA:5,210,0,0
BRDA:5,210,1,0
BRDA:5,210,2,0
BRDA:5,210,3,0
BRDA:5,211,0,0
BRDA:5,211,1,0
BRDA:5,212,0,0
BRDA:5,212,1,0
BRDA:5,212,2,0
BRDA:5,213,0,0
BRDA:5,213,1,0
BRDA:5,213,2,0
BRDA:5,213,3,0
BRDA:5,214,0,0
BRDA:5,214,1,0
BRDA:5,215,0,0
BRDA:5,215,1,0
BRDA:5,215,2,0
BRDA:5,215,3,0
BRDA:5,216,0,0
BRDA:5,216,1,0
BRDA:5,217,0,0
BRDA:5,217,1,0
BRDA:5,217,2,0
BRDA:5,218,0,0
BRDA:5,218,1,0
BRDA:5,218,2,0
BRDA:5,218,3,0
BRDA:5,219,0,0
BRDA:5,219,1,0
BRDA:5,220,0,0
BRDA:5,220,1,0
BRDA:5,221,0,0
BRDA:5,221,1,0
BRDA:5,222,0,0
BRDA:5,222,1,0
BRDA:5,223,0,0
BRDA:5,223,1,0
BRDA:5,224,0,0
BRDA:5,224,1,0
BRDA:5,225,0,0
BRDA:5,225,1,0
BRDA:5,226,0,0
BRDA:5,226,1,0
BRDA:5,227,0,0
BRDA:5,227,1,0
BRDA:5,228,0,0
BRDA:5,228,1,0
BRDA:5,229,0,0
BRDA:5,229,1,0
BRDA:5,230,0,0
BRDA:5,230,1,0
BRDA:5,231,0,0
BRDA:5,231,1,0
BRDA:5,232,0,0
BRDA:5,232,1,0
BRDA:5,233,0,0
BRDA:5,233,1,0
BRDA:5,234,0,0
BRDA:5,234,1,0
BRDA:5,235,0,0
BRDA:5,235,1,0
BRDA:5,236,0,0
BRDA:5,236,1,0
BRDA:5,237,0,0
BRDA:5,237,1,0
BRDA:5,238,0,0
BRDA:5,238,1,0
BRDA:5,239,0,0
BRDA:5,239,1,0
BRDA:5,240,0,0
BRDA:5,240,1,0
BRDA:5,241,0,0
BRDA:5,241,1,0
BRDA:5,242,0,0
BRDA:5,242,1,0
BRDA:5,243,0,0
BRDA:5,243,1,0
BRDA:5,244,0,0
BRDA:5,244,1,0
BRDA:5,245,0,0
BRDA:5,245,1,0
BRDA:5,246,0,0
BRDA:5,246,1,0
BRDA:5,247,0,0
BRDA:5,247,1,0
BRDA:5,248,0,0
BRDA:5,248,1,0
BRDA:5,249,0,0
BRDA:5,249,1,0
BRDA:5,250,0,0
BRDA:5,250,1,0
BRDA:5,251,0,0
BRDA:5,251,1,0
BRDA:5,252,0,0
BRDA:5,252,1,0
BRDA:5,253,0,0
BRDA:5,253,1,0
BRDA:5,254,0,0
BRDA:5,254,1,0
BRDA:5,255,0,0
BRDA:5,255,1,0
BRDA:5,256,0,0
BRDA:5,256,1,0
BRDA:5,257,0,0
BRDA:5,257,1,0
BRDA:5,258,0,0
BRDA:5,258,1,0
BRDA:5,259,0,0
BRDA:5,259,1,0
BRDA:5,260,0,0
BRDA:5,260,1,0
BRDA:5,261,0,0
BRDA:5,261,1,0
BRDA:5,262,0,0
BRDA:5,262,1,0
BRDA:5,263,0,0
BRDA:5,263,1,0
BRDA:5,264,0,0
BRDA:5,264,1,0
BRDA:5,265,0,0
BRDA:5,265,1,0
BRDA:5,265,2,0
BRDA:5,266,0,0
BRDA:5,266,1,0
BRDA:5,267,0,0
BRDA:5,267,1,0
BRDA:5,268,0,0
BRDA:5,268,1,0
BRDA:5,269,0,0
BRDA:5,269,1,0
BRDA:5,270,0,0
BRDA:5,270,1,0
BRDA:5,271,0,0
BRDA:5,271,1,0
BRDA:5,272,0,0
BRDA:5,272,1,0
BRDA:5,272,2,0
BRDA:5,273,0,0
BRDA:5,273,1,0
BRDA:5,274,0,0
BRDA:5,274,1,0
BRDA:5,275,0,0
BRDA:5,275,1,0
BRDA:5,276,0,0
BRDA:5,276,1,0
BRDA:5,277,0,0
BRDA:5,277,1,0
BRDA:5,278,0,0
BRDA:5,278,1,0
BRDA:5,279,0,0
BRDA:5,279,1,0
BRDA:5,280,0,0
BRDA:5,280,1,0
BRDA:5,281,0,0
BRDA:5,281,1,0
BRDA:5,282,0,0
BRDA:5,282,1,0
BRDA:5,282,2,0
BRDA:5,282,3,0
BRDA:5,283,0,0
BRDA:5,283,1,0
BRF:624
BRH:0
end_of_record
TN:
SF:D:\development\projects\vue-test\src\mixins\global.mixins.js
FN:7,(anonymous_0)
FN:15,(anonymous_1)
FN:18,(anonymous_2)
FN:26,(anonymous_3)
FN:30,(anonymous_4)
FN:35,(anonymous_5)
FNF:6
FNH:0
FNDA:0,(anonymous_0)
FNDA:0,(anonymous_1)
FNDA:0,(anonymous_2)
FNDA:0,(anonymous_3)
FNDA:0,(anonymous_4)
FNDA:0,(anonymous_5)
DA:8,0
DA:16,0
DA:19,0
DA:20,0
DA:22,0
DA:24,0
DA:28,0
DA:37,0
LF:8
LH:0
BRDA:19,0,0,0
BRDA:19,0,1,0
BRF:2
BRH:0
end_of_record
TN:
SF:D:\development\projects\vue-test\src\mixins\search.mixins.js
FN:15,(anonymous_0)
FN:22,(anonymous_1)
FN:34,(anonymous_2)
FN:40,(anonymous_3)
FN:48,(anonymous_4)
FNF:5
FNH:0
FNDA:0,(anonymous_0)
FNDA:0,(anonymous_1)
FNDA:0,(anonymous_2)
FNDA:0,(anonymous_3)
FNDA:0,(anonymous_4)
DA:15,0
DA:23,0
DA:35,0
DA:36,0
DA:41,0
DA:42,0
DA:43,0
DA:44,0
LF:8
LH:0
BRDA:41,0,0,0
BRDA:41,0,1,0
BRF:2
BRH:0
end_of_record
TN:
SF:D:\development\projects\vue-test\src\mixins\store.mixins.js
FN:4,(anonymous_0)
FN:7,(anonymous_1)
FNF:2
FNH:0
FNDA:0,(anonymous_0)
FNDA:0,(anonymous_1)
DA:5,0
DA:8,0
LF:2
LH:0
BRF:0
BRH:0
end_of_record
TN:
SF:D:\development\projects\vue-test\src\plugins\vuetify.js
FNF:0
FNH:0
DA:4,0
LF:1
LH:0
BRF:0
BRH:0
end_of_record
TN:
SF:D:\development\projects\vue-test\src\router\index.js
FN:13,(anonymous_0)
FNF:1
FNH:0
FNDA:0,(anonymous_0)
DA:5,0
DA:7,0
DA:14,0
DA:44,0
LF:4
LH:0
BRF:0
BRH:0
end_of_record
TN:
SF:D:\development\projects\vue-test\src\store\index.js
FNF:0
FNH:0
DA:5,1
LF:1
LH:1
BRF:0
BRH:0
end_of_record
TN:
SF:D:\development\projects\vue-test\src\store\app\actions.js
FN:2,(anonymous_0)
FN:5,(anonymous_1)
FNF:2
FNH:0
FNDA:0,(anonymous_0)
FNDA:0,(anonymous_1)
DA:3,0
DA:6,0
DA:7,0
LF:3
LH:0
BRF:0
BRH:0
end_of_record
TN:
SF:D:\development\projects\vue-test\src\store\app\getters.js
FNF:0
FNH:0
LF:0
LH:0
BRF:0
BRH:0
end_of_record
TN:
SF:D:\development\projects\vue-test\src\store\app\index.js
FNF:0
FNH:0
LF:0
LH:0
BRF:0
BRH:0
end_of_record
TN:
SF:D:\development\projects\vue-test\src\store\app\mutations.js
FN:2,(anonymous_0)
FN:5,(anonymous_1)
FN:6,(anonymous_2)
FNF:3
FNH:0
FNDA:0,(anonymous_0)
FNDA:0,(anonymous_1)
FNDA:0,(anonymous_2)
DA:3,0
DA:6,0
DA:7,0
LF:3
LH:0
BRF:0
BRH:0
end_of_record
TN:
SF:D:\development\projects\vue-test\src\store\app\state.js
FNF:0
FNH:0
LF:0
LH:0
BRF:0
BRH:0
end_of_record
TN:
SF:D:\development\projects\vue-test\src\views\Cart.vue
FN:63,(anonymous_1)
FN:68,(anonymous_2)
FNF:2
FNH:0
FNDA:0,(anonymous_1)
FNDA:0,(anonymous_2)
DA:46,0
DA:47,0
DA:48,0
DA:49,0
DA:50,0
DA:51,0
DA:64,0
DA:69,0
LF:8
LH:0
BRF:0
BRH:0
end_of_record
TN:
SF:D:\development\projects\vue-test\src\views\Checkout.vue
FN:63,(anonymous_1)
FN:68,(anonymous_2)
FNF:2
FNH:0
FNDA:0,(anonymous_1)
FNDA:0,(anonymous_2)
DA:46,0
DA:47,0
DA:48,0
DA:49,0
DA:50,0
DA:51,0
DA:64,0
DA:69,0
LF:8
LH:0
BRF:0
BRH:0
end_of_record
TN:
SF:D:\development\projects\vue-test\src\views\ProductDetails.vue
FN:45,(anonymous_1)
FN:62,(anonymous_2)
FN:69,(anonymous_3)
FN:81,(anonymous_4)
FN:87,(anonymous_5)
FN:102,(anonymous_6)
FN:106,(anonymous_7)
FNF:7
FNH:0
FNDA:0,(anonymous_1)
FNDA:0,(anonymous_2)
FNDA:0,(anonymous_3)
FNDA:0,(anonymous_4)
FNDA:0,(anonymous_5)
FNDA:0,(anonymous_6)
FNDA:0,(anonymous_7)
DA:32,0
DA:33,0
DA:34,0
DA:35,0
DA:36,0
DA:37,0
DA:38,0
DA:39,0
DA:40,0
DA:41,0
DA:46,0
DA:63,0
DA:64,0
DA:65,0
DA:70,0
DA:71,0
DA:72,0
DA:73,0
DA:74,0
DA:75,0
DA:82,0
DA:88,0
DA:89,0
DA:90,0
DA:91,0
DA:92,0
DA:93,0
DA:94,0
DA:95,0
DA:96,0
DA:98,0
DA:99,0
DA:103,0
DA:107,0
LF:34
LH:0
BRDA:70,0,0,0
BRDA:70,0,1,0
BRDA:71,1,0,0
BRDA:71,1,1,0
BRDA:73,2,0,0
BRDA:73,2,1,0
BRF:6
BRH:0
end_of_record
TN:
SF:D:\development\projects\vue-test\src\views\Shop.vue
FN:110,(anonymous_1)
FN:138,(anonymous_2)
FN:145,(anonymous_3)
FN:149,(anonymous_4)
FN:168,(anonymous_5)
FN:176,(anonymous_6)
FN:180,(anonymous_7)
FNF:7
FNH:0
FNDA:0,(anonymous_1)
FNDA:0,(anonymous_2)
FNDA:0,(anonymous_3)
FNDA:0,(anonymous_4)
FNDA:0,(anonymous_5)
FNDA:0,(anonymous_6)
FNDA:0,(anonymous_7)
DA:101,0
DA:102,0
DA:103,0
DA:104,0
DA:105,0
DA:106,0
DA:107,0
DA:111,0
DA:139,0
DA:140,0
DA:141,0
DA:142,0
DA:146,0
DA:147,0
DA:150,0
DA:151,0
DA:152,0
DA:153,0
DA:154,0
DA:155,0
DA:156,0
DA:161,0
DA:162,0
DA:163,0
DA:164,0
DA:165,0
DA:166,0
DA:169,0
DA:170,0
DA:177,0
DA:182,0
DA:183,0
DA:184,0
DA:185,0
DA:186,0
DA:189,0
DA:190,0
DA:191,0
DA:195,0
LF:39
LH:0
BRDA:140,0,0,0
BRDA:140,0,1,0
BRDA:154,1,0,0
BRDA:154,1,1,0
BRDA:184,2,0,0
BRDA:184,2,1,0
BRDA:184,3,0,0
BRDA:184,3,1,0
BRDA:191,4,0,0
BRDA:191,4,1,0
BRDA:191,5,0,0
BRDA:191,5,1,0
BRF:12
BRH:0
end_of_record
