{"D:\\development\\projects\\vue-test\\src\\App.vue": {"path":"D:\\development\\projects\\vue-test\\src\\App.vue","statementMap":{"0":{"start":{"line":28,"column":0},"end":{"line":28,"column":null}},"1":{"start":{"line":29,"column":0},"end":{"line":29,"column":null}},"2":{"start":{"line":35,"column":0},"end":{"line":35,"column":null}},"3":{"start":{"line":38,"column":0},"end":{"line":38,"column":null}}},"fnMap":{"0":{"name":"(anonymous_1)","decl":{"start":{"line":34,"column":0},"end":{"line":34,"column":null}},"loc":{"start":{"line":34,"column":0},"end":{"line":36,"column":null}}},"1":{"name":"(anonymous_2)","decl":{"start":{"line":37,"column":0},"end":{"line":37,"column":null}},"loc":{"start":{"line":37,"column":0},"end":{"line":39,"column":null}}}},"branchMap":{},"s":{"0":1,"1":1,"2":1,"3":0},"f":{"0":1,"1":0},"b":{}}
,"D:\\development\\projects\\vue-test\\src\\i18n.js": {"path":"D:\\development\\projects\\vue-test\\src\\i18n.js","statementMap":{"0":{"start":{"line":4,"column":0},"end":{"line":4,"column":16}},"1":{"start":{"line":7,"column":18},"end":{"line":7,"column":81}},"2":{"start":{"line":8,"column":19},"end":{"line":8,"column":21}},"3":{"start":{"line":9,"column":2},"end":{"line":15,"column":4}},"4":{"start":{"line":10,"column":20},"end":{"line":10,"column":52}},"5":{"start":{"line":11,"column":4},"end":{"line":14,"column":5}},"6":{"start":{"line":12,"column":21},"end":{"line":12,"column":31}},"7":{"start":{"line":13,"column":6},"end":{"line":13,"column":37}},"8":{"start":{"line":16,"column":2},"end":{"line":16,"column":17}}},"fnMap":{"0":{"name":"loadLocaleMessages","decl":{"start":{"line":6,"column":9},"end":{"line":6,"column":27}},"loc":{"start":{"line":6,"column":31},"end":{"line":17,"column":1}},"line":6},"1":{"name":"(anonymous_1)","decl":{"start":{"line":9,"column":25},"end":{"line":9,"column":26}},"loc":{"start":{"line":9,"column":32},"end":{"line":15,"column":3}},"line":9}},"branchMap":{"0":{"loc":{"start":{"line":11,"column":4},"end":{"line":14,"column":5}},"type":"if","locations":[{"start":{"line":11,"column":4},"end":{"line":14,"column":5}},{"start":{"line":11,"column":4},"end":{"line":14,"column":5}}],"line":11},"1":{"loc":{"start":{"line":11,"column":8},"end":{"line":11,"column":37}},"type":"binary-expr","locations":[{"start":{"line":11,"column":8},"end":{"line":11,"column":15}},{"start":{"line":11,"column":19},"end":{"line":11,"column":37}}],"line":11},"2":{"loc":{"start":{"line":20,"column":10},"end":{"line":20,"column":49}},"type":"binary-expr","locations":[{"start":{"line":20,"column":10},"end":{"line":20,"column":41}},{"start":{"line":20,"column":45},"end":{"line":20,"column":49}}],"line":20},"3":{"loc":{"start":{"line":21,"column":18},"end":{"line":21,"column":66}},"type":"binary-expr","locations":[{"start":{"line":21,"column":18},"end":{"line":21,"column":58}},{"start":{"line":21,"column":62},"end":{"line":21,"column":66}}],"line":21}},"s":{"0":0,"1":0,"2":0,"3":0,"4":0,"5":0,"6":0,"7":0,"8":0},"f":{"0":0,"1":0},"b":{"0":[0,0],"1":[0,0],"2":[0,0],"3":[0,0]},"hash":"686bfacfa70507f66e2eb9c0771ad2b08d241d6f"}
,"D:\\development\\projects\\vue-test\\src\\components\\cart\\Coupon.vue": {"path":"D:\\development\\projects\\vue-test\\src\\components\\cart\\Coupon.vue","statementMap":{"0":{"start":{"line":32,"column":0},"end":{"line":32,"column":null}},"1":{"start":{"line":36,"column":0},"end":{"line":36,"column":null}}},"fnMap":{"0":{"name":"(anonymous_1)","decl":{"start":{"line":31,"column":0},"end":{"line":31,"column":null}},"loc":{"start":{"line":31,"column":0},"end":{"line":33,"column":null}}},"1":{"name":"(anonymous_2)","decl":{"start":{"line":36,"column":0},"end":{"line":36,"column":null}},"loc":{"start":{"line":36,"column":0},"end":{"line":36,"column":null}}}},"branchMap":{},"s":{"0":0,"1":0},"f":{"0":0,"1":0},"b":{}}
,"D:\\development\\projects\\vue-test\\src\\components\\cart\\CustomerInfo.vue": {"path":"D:\\development\\projects\\vue-test\\src\\components\\cart\\CustomerInfo.vue","statementMap":{"0":{"start":{"line":38,"column":0},"end":{"line":38,"column":null}}},"fnMap":{"0":{"name":"(anonymous_1)","decl":{"start":{"line":37,"column":0},"end":{"line":37,"column":null}},"loc":{"start":{"line":37,"column":0},"end":{"line":39,"column":null}}}},"branchMap":{},"s":{"0":0},"f":{"0":0},"b":{}}
,"D:\\development\\projects\\vue-test\\src\\components\\cart\\ProductItem.vue": {"path":"D:\\development\\projects\\vue-test\\src\\components\\cart\\ProductItem.vue","statementMap":{"0":{"start":{"line":40,"column":0},"end":{"line":40,"column":null}},"1":{"start":{"line":41,"column":0},"end":{"line":41,"column":null}},"2":{"start":{"line":47,"column":0},"end":{"line":47,"column":null}},"3":{"start":{"line":53,"column":0},"end":{"line":53,"column":null}},"4":{"start":{"line":60,"column":0},"end":{"line":62,"column":null}},"5":{"start":{"line":61,"column":0},"end":{"line":61,"column":null}},"6":{"start":{"line":65,"column":0},"end":{"line":67,"column":null}},"7":{"start":{"line":66,"column":0},"end":{"line":66,"column":null}},"8":{"start":{"line":73,"column":0},"end":{"line":73,"column":null}},"9":{"start":{"line":76,"column":0},"end":{"line":76,"column":null}}},"fnMap":{"0":{"name":"(anonymous_1)","decl":{"start":{"line":46,"column":0},"end":{"line":46,"column":null}},"loc":{"start":{"line":46,"column":0},"end":{"line":50,"column":null}}},"1":{"name":"(anonymous_2)","decl":{"start":{"line":53,"column":0},"end":{"line":53,"column":null}},"loc":{"start":{"line":53,"column":0},"end":{"line":53,"column":null}}},"2":{"name":"(anonymous_3)","decl":{"start":{"line":58,"column":0},"end":{"line":58,"column":null}},"loc":{"start":{"line":58,"column":0},"end":{"line":63,"column":null}}},"3":{"name":"(anonymous_4)","decl":{"start":{"line":64,"column":0},"end":{"line":64,"column":null}},"loc":{"start":{"line":64,"column":0},"end":{"line":68,"column":null}}},"4":{"name":"(anonymous_5)","decl":{"start":{"line":72,"column":0},"end":{"line":72,"column":null}},"loc":{"start":{"line":72,"column":0},"end":{"line":74,"column":null}}},"5":{"name":"(anonymous_6)","decl":{"start":{"line":75,"column":0},"end":{"line":75,"column":null}},"loc":{"start":{"line":75,"column":0},"end":{"line":77,"column":null}}}},"branchMap":{"0":{"loc":{"start":{"line":60,"column":0},"end":{"line":62,"column":null}},"type":"if","locations":[{"start":{"line":60,"column":0},"end":{"line":62,"column":null}},{"start":{"line":60,"column":0},"end":{"line":62,"column":null}}]},"1":{"loc":{"start":{"line":65,"column":0},"end":{"line":67,"column":null}},"type":"if","locations":[{"start":{"line":65,"column":0},"end":{"line":67,"column":null}},{"start":{"line":65,"column":0},"end":{"line":67,"column":null}}]}},"s":{"0":0,"1":0,"2":0,"3":0,"4":0,"5":0,"6":0,"7":0,"8":0,"9":0},"f":{"0":0,"1":0,"2":0,"3":0,"4":0,"5":0},"b":{"0":[0,0],"1":[0,0]}}
,"D:\\development\\projects\\vue-test\\src\\components\\cart\\ProductItemList.vue": {"path":"D:\\development\\projects\\vue-test\\src\\components\\cart\\ProductItemList.vue","statementMap":{"0":{"start":{"line":18,"column":0},"end":{"line":18,"column":null}},"1":{"start":{"line":19,"column":0},"end":{"line":19,"column":null}},"2":{"start":{"line":25,"column":0},"end":{"line":25,"column":null}}},"fnMap":{"0":{"name":"(anonymous_1)","decl":{"start":{"line":24,"column":0},"end":{"line":24,"column":null}},"loc":{"start":{"line":24,"column":0},"end":{"line":26,"column":null}}}},"branchMap":{},"s":{"0":0,"1":0,"2":0},"f":{"0":0},"b":{}}
,"D:\\development\\projects\\vue-test\\src\\components\\layouts\\CartIcon.vue": {"path":"D:\\development\\projects\\vue-test\\src\\components\\layouts\\CartIcon.vue","statementMap":{"0":{"start":{"line":13,"column":0},"end":{"line":13,"column":null}}},"fnMap":{"0":{"name":"(anonymous_1)","decl":{"start":{"line":12,"column":0},"end":{"line":12,"column":null}},"loc":{"start":{"line":12,"column":0},"end":{"line":14,"column":null}}}},"branchMap":{},"s":{"0":0},"f":{"0":0},"b":{}}
,"D:\\development\\projects\\vue-test\\src\\components\\layouts\\ContactIcon.vue": {"path":"D:\\development\\projects\\vue-test\\src\\components\\layouts\\ContactIcon.vue","statementMap":{"0":{"start":{"line":8,"column":0},"end":{"line":8,"column":null}},"1":{"start":{"line":13,"column":0},"end":{"line":13,"column":null}}},"fnMap":{"0":{"name":"(anonymous_1)","decl":{"start":{"line":12,"column":0},"end":{"line":12,"column":null}},"loc":{"start":{"line":12,"column":0},"end":{"line":16,"column":null}}}},"branchMap":{},"s":{"0":0,"1":0},"f":{"0":0},"b":{}}
,"D:\\development\\projects\\vue-test\\src\\components\\layouts\\navbars\\HomeNav.vue": {"path":"D:\\development\\projects\\vue-test\\src\\components\\layouts\\navbars\\HomeNav.vue","statementMap":{"0":{"start":{"line":17,"column":0},"end":{"line":17,"column":null}}},"fnMap":{"0":{"name":"(anonymous_1)","decl":{"start":{"line":16,"column":0},"end":{"line":16,"column":null}},"loc":{"start":{"line":16,"column":0},"end":{"line":31,"column":null}}}},"branchMap":{},"s":{"0":0},"f":{"0":0},"b":{}}
,"D:\\development\\projects\\vue-test\\src\\components\\layouts\\navbars\\PurchaseNav.vue": {"path":"D:\\development\\projects\\vue-test\\src\\components\\layouts\\navbars\\PurchaseNav.vue","statementMap":{"0":{"start":{"line":21,"column":0},"end":{"line":21,"column":null}},"1":{"start":{"line":22,"column":0},"end":{"line":22,"column":null}},"2":{"start":{"line":29,"column":0},"end":{"line":29,"column":null}}},"fnMap":{"0":{"name":"(anonymous_1)","decl":{"start":{"line":28,"column":0},"end":{"line":28,"column":null}},"loc":{"start":{"line":28,"column":0},"end":{"line":30,"column":null}}}},"branchMap":{},"s":{"0":0,"1":0,"2":0},"f":{"0":0},"b":{}}
,"D:\\development\\projects\\vue-test\\src\\components\\product-detail\\About.vue": {"path":"D:\\development\\projects\\vue-test\\src\\components\\product-detail\\About.vue","statementMap":{"0":{"start":{"line":13,"column":0},"end":{"line":13,"column":null}}},"fnMap":{"0":{"name":"(anonymous_1)","decl":{"start":{"line":13,"column":0},"end":{"line":13,"column":null}},"loc":{"start":{"line":13,"column":0},"end":{"line":13,"column":null}}}},"branchMap":{},"s":{"0":0},"f":{"0":0},"b":{}}
,"D:\\development\\projects\\vue-test\\src\\components\\product-detail\\Gallery.vue": {"path":"D:\\development\\projects\\vue-test\\src\\components\\product-detail\\Gallery.vue","statementMap":{"0":{"start":{"line":37,"column":0},"end":{"line":37,"column":null}},"1":{"start":{"line":64,"column":0},"end":{"line":64,"column":null}},"2":{"start":{"line":68,"column":0},"end":{"line":68,"column":null}},"3":{"start":{"line":69,"column":0},"end":{"line":69,"column":null}},"4":{"start":{"line":70,"column":0},"end":{"line":70,"column":null}},"5":{"start":{"line":71,"column":0},"end":{"line":71,"column":null}}},"fnMap":{"0":{"name":"(anonymous_1)","decl":{"start":{"line":36,"column":0},"end":{"line":36,"column":null}},"loc":{"start":{"line":36,"column":0},"end":{"line":61,"column":null}}},"1":{"name":"(anonymous_2)","decl":{"start":{"line":64,"column":0},"end":{"line":64,"column":null}},"loc":{"start":{"line":64,"column":0},"end":{"line":64,"column":null}}},"2":{"name":"(anonymous_3)","decl":{"start":{"line":67,"column":0},"end":{"line":67,"column":null}},"loc":{"start":{"line":67,"column":0},"end":{"line":72,"column":null}}}},"branchMap":{},"s":{"0":0,"1":0,"2":0,"3":0,"4":0,"5":0},"f":{"0":0,"1":0,"2":0},"b":{}}
,"D:\\development\\projects\\vue-test\\src\\components\\product-detail\\Price.vue": {"path":"D:\\development\\projects\\vue-test\\src\\components\\product-detail\\Price.vue","statementMap":{"0":{"start":{"line":21,"column":0},"end":{"line":21,"column":null}},"1":{"start":{"line":22,"column":0},"end":{"line":22,"column":null}},"2":{"start":{"line":29,"column":0},"end":{"line":29,"column":null}},"3":{"start":{"line":37,"column":0},"end":{"line":37,"column":null}},"4":{"start":{"line":42,"column":0},"end":{"line":44,"column":null}},"5":{"start":{"line":43,"column":0},"end":{"line":43,"column":null}},"6":{"start":{"line":47,"column":0},"end":{"line":49,"column":null}},"7":{"start":{"line":48,"column":0},"end":{"line":48,"column":null}}},"fnMap":{"0":{"name":"(anonymous_1)","decl":{"start":{"line":29,"column":0},"end":{"line":29,"column":null}},"loc":{"start":{"line":29,"column":0},"end":{"line":29,"column":null}}},"1":{"name":"(anonymous_2)","decl":{"start":{"line":36,"column":0},"end":{"line":36,"column":null}},"loc":{"start":{"line":36,"column":0},"end":{"line":38,"column":null}}},"2":{"name":"(anonymous_3)","decl":{"start":{"line":41,"column":0},"end":{"line":41,"column":null}},"loc":{"start":{"line":41,"column":0},"end":{"line":45,"column":null}}},"3":{"name":"(anonymous_4)","decl":{"start":{"line":46,"column":0},"end":{"line":46,"column":null}},"loc":{"start":{"line":46,"column":0},"end":{"line":50,"column":null}}}},"branchMap":{"0":{"loc":{"start":{"line":42,"column":0},"end":{"line":44,"column":null}},"type":"if","locations":[{"start":{"line":42,"column":0},"end":{"line":44,"column":null}},{"start":{"line":42,"column":0},"end":{"line":44,"column":null}}]},"1":{"loc":{"start":{"line":47,"column":0},"end":{"line":49,"column":null}},"type":"if","locations":[{"start":{"line":47,"column":0},"end":{"line":49,"column":null}},{"start":{"line":47,"column":0},"end":{"line":49,"column":null}}]}},"s":{"0":0,"1":0,"2":0,"3":0,"4":0,"5":0,"6":0,"7":0},"f":{"0":0,"1":0,"2":0,"3":0},"b":{"0":[0,0],"1":[0,0]}}
,"D:\\development\\projects\\vue-test\\src\\components\\product-detail\\ProductNotFound.vue": {"path":"D:\\development\\projects\\vue-test\\src\\components\\product-detail\\ProductNotFound.vue","statementMap":{"0":{"start":{"line":15,"column":0},"end":{"line":15,"column":null}},"1":{"start":{"line":20,"column":0},"end":{"line":20,"column":null}},"2":{"start":{"line":21,"column":0},"end":{"line":21,"column":null}},"3":{"start":{"line":28,"column":0},"end":{"line":28,"column":null}},"4":{"start":{"line":31,"column":0},"end":{"line":31,"column":null}}},"fnMap":{"0":{"name":"(anonymous_1)","decl":{"start":{"line":19,"column":0},"end":{"line":19,"column":null}},"loc":{"start":{"line":19,"column":0},"end":{"line":22,"column":null}}},"1":{"name":"(anonymous_2)","decl":{"start":{"line":27,"column":0},"end":{"line":27,"column":null}},"loc":{"start":{"line":27,"column":0},"end":{"line":29,"column":null}}},"2":{"name":"(anonymous_3)","decl":{"start":{"line":30,"column":0},"end":{"line":30,"column":null}},"loc":{"start":{"line":30,"column":0},"end":{"line":35,"column":null}}}},"branchMap":{"0":{"loc":{"start":{"line":28,"column":0},"end":{"line":28,"column":null}},"type":"binary-expr","locations":[{"start":{"line":28,"column":0},"end":{"line":28,"column":null}},{"start":{"line":28,"column":0},"end":{"line":28,"column":null}}]}},"s":{"0":0,"1":0,"2":0,"3":0,"4":0},"f":{"0":0,"1":0,"2":0},"b":{"0":[0,0]}}
,"D:\\development\\projects\\vue-test\\src\\components\\product-detail\\Title.vue": {"path":"D:\\development\\projects\\vue-test\\src\\components\\product-detail\\Title.vue","statementMap":{"0":{"start":{"line":13,"column":0},"end":{"line":13,"column":null}}},"fnMap":{"0":{"name":"(anonymous_1)","decl":{"start":{"line":13,"column":0},"end":{"line":13,"column":null}},"loc":{"start":{"line":13,"column":0},"end":{"line":13,"column":null}}}},"branchMap":{},"s":{"0":0},"f":{"0":0},"b":{}}
,"D:\\development\\projects\\vue-test\\src\\components\\search\\SearchInput.vue": {"path":"D:\\development\\projects\\vue-test\\src\\components\\search\\SearchInput.vue","statementMap":{"0":{"start":{"line":45,"column":0},"end":{"line":45,"column":null}},"1":{"start":{"line":46,"column":0},"end":{"line":46,"column":null}},"2":{"start":{"line":47,"column":0},"end":{"line":47,"column":null}},"3":{"start":{"line":53,"column":0},"end":{"line":53,"column":null}},"4":{"start":{"line":58,"column":0},"end":{"line":58,"column":null}},"5":{"start":{"line":63,"column":0},"end":{"line":63,"column":null}},"6":{"start":{"line":64,"column":0},"end":{"line":64,"column":null}},"7":{"start":{"line":67,"column":0},"end":{"line":67,"column":null}},"8":{"start":{"line":68,"column":0},"end":{"line":68,"column":null}},"9":{"start":{"line":69,"column":0},"end":{"line":69,"column":null}},"10":{"start":{"line":72,"column":0},"end":{"line":72,"column":null}},"11":{"start":{"line":73,"column":0},"end":{"line":86,"column":null}},"12":{"start":{"line":74,"column":0},"end":{"line":74,"column":null}},"13":{"start":{"line":80,"column":0},"end":{"line":83,"column":null}},"14":{"start":{"line":81,"column":0},"end":{"line":81,"column":null}},"15":{"start":{"line":82,"column":0},"end":{"line":82,"column":null}},"16":{"start":{"line":85,"column":0},"end":{"line":85,"column":null}}},"fnMap":{"0":{"name":"(anonymous_1)","decl":{"start":{"line":52,"column":0},"end":{"line":52,"column":null}},"loc":{"start":{"line":52,"column":0},"end":{"line":54,"column":null}}},"1":{"name":"(anonymous_2)","decl":{"start":{"line":57,"column":0},"end":{"line":57,"column":null}},"loc":{"start":{"line":57,"column":0},"end":{"line":59,"column":null}}},"2":{"name":"(anonymous_3)","decl":{"start":{"line":62,"column":0},"end":{"line":62,"column":null}},"loc":{"start":{"line":62,"column":0},"end":{"line":65,"column":null}}},"3":{"name":"(anonymous_4)","decl":{"start":{"line":66,"column":0},"end":{"line":66,"column":null}},"loc":{"start":{"line":66,"column":0},"end":{"line":70,"column":null}}},"4":{"name":"(anonymous_5)","decl":{"start":{"line":71,"column":0},"end":{"line":71,"column":null}},"loc":{"start":{"line":71,"column":0},"end":{"line":87,"column":null}}}},"branchMap":{"0":{"loc":{"start":{"line":58,"column":0},"end":{"line":58,"column":null}},"type":"binary-expr","locations":[{"start":{"line":58,"column":0},"end":{"line":58,"column":null}},{"start":{"line":58,"column":0},"end":{"line":58,"column":null}}]},"1":{"loc":{"start":{"line":80,"column":0},"end":{"line":83,"column":null}},"type":"if","locations":[{"start":{"line":80,"column":0},"end":{"line":83,"column":null}},{"start":{"line":80,"column":0},"end":{"line":83,"column":null}}]},"2":{"loc":{"start":{"line":80,"column":0},"end":{"line":80,"column":null}},"type":"binary-expr","locations":[{"start":{"line":80,"column":0},"end":{"line":80,"column":null}},{"start":{"line":80,"column":0},"end":{"line":80,"column":null}}]}},"s":{"0":0,"1":0,"2":0,"3":0,"4":0,"5":0,"6":0,"7":0,"8":0,"9":0,"10":0,"11":0,"12":0,"13":0,"14":0,"15":0,"16":0},"f":{"0":0,"1":0,"2":0,"3":0,"4":0},"b":{"0":[0,0],"1":[0,0],"2":[0,0]}}
,"D:\\development\\projects\\vue-test\\src\\components\\shop\\SellerContactFloating.vue": {"path":"D:\\development\\projects\\vue-test\\src\\components\\shop\\SellerContactFloating.vue","statementMap":{"0":{"start":{"line":17,"column":0},"end":{"line":17,"column":null}},"1":{"start":{"line":21,"column":0},"end":{"line":21,"column":null}}},"fnMap":{"0":{"name":"(anonymous_1)","decl":{"start":{"line":20,"column":0},"end":{"line":20,"column":null}},"loc":{"start":{"line":20,"column":0},"end":{"line":24,"column":null}}}},"branchMap":{},"s":{"0":0,"1":0},"f":{"0":0},"b":{}}
,"D:\\development\\projects\\vue-test\\src\\components\\shop\\ShopFavourites.vue": {"path":"D:\\development\\projects\\vue-test\\src\\components\\shop\\ShopFavourites.vue","statementMap":{"0":{"start":{"line":18,"column":0},"end":{"line":18,"column":null}},"1":{"start":{"line":26,"column":0},"end":{"line":26,"column":null}}},"fnMap":{"0":{"name":"(anonymous_1)","decl":{"start":{"line":26,"column":0},"end":{"line":26,"column":null}},"loc":{"start":{"line":26,"column":0},"end":{"line":26,"column":null}}}},"branchMap":{},"s":{"0":0,"1":0},"f":{"0":0},"b":{}}
,"D:\\development\\projects\\vue-test\\src\\components\\shop\\ShopNotFound.vue": {"path":"D:\\development\\projects\\vue-test\\src\\components\\shop\\ShopNotFound.vue","statementMap":{"0":{"start":{"line":15,"column":0},"end":{"line":15,"column":null}},"1":{"start":{"line":20,"column":0},"end":{"line":20,"column":null}},"2":{"start":{"line":21,"column":0},"end":{"line":21,"column":null}},"3":{"start":{"line":28,"column":0},"end":{"line":28,"column":null}},"4":{"start":{"line":31,"column":0},"end":{"line":31,"column":null}}},"fnMap":{"0":{"name":"(anonymous_1)","decl":{"start":{"line":19,"column":0},"end":{"line":19,"column":null}},"loc":{"start":{"line":19,"column":0},"end":{"line":22,"column":null}}},"1":{"name":"(anonymous_2)","decl":{"start":{"line":27,"column":0},"end":{"line":27,"column":null}},"loc":{"start":{"line":27,"column":0},"end":{"line":29,"column":null}}},"2":{"name":"(anonymous_3)","decl":{"start":{"line":30,"column":0},"end":{"line":30,"column":null}},"loc":{"start":{"line":30,"column":0},"end":{"line":35,"column":null}}}},"branchMap":{},"s":{"0":0,"1":0,"2":0,"3":0,"4":0},"f":{"0":0,"1":0,"2":0},"b":{}}
,"D:\\development\\projects\\vue-test\\src\\components\\shop\\ShopProfileBanner.vue": {"path":"D:\\development\\projects\\vue-test\\src\\components\\shop\\ShopProfileBanner.vue","statementMap":{"0":{"start":{"line":26,"column":0},"end":{"line":26,"column":null}}},"fnMap":{"0":{"name":"(anonymous_1)","decl":{"start":{"line":26,"column":0},"end":{"line":26,"column":null}},"loc":{"start":{"line":26,"column":0},"end":{"line":26,"column":null}}}},"branchMap":{},"s":{"0":0},"f":{"0":0},"b":{}}
,"D:\\development\\projects\\vue-test\\src\\components\\shop\\ShopCategories\\Index.vue": {"path":"D:\\development\\projects\\vue-test\\src\\components\\shop\\ShopCategories\\Index.vue","statementMap":{"0":{"start":{"line":15,"column":0},"end":{"line":15,"column":null}},"1":{"start":{"line":20,"column":0},"end":{"line":20,"column":null}},"2":{"start":{"line":30,"column":0},"end":{"line":30,"column":null}},"3":{"start":{"line":65,"column":0},"end":{"line":65,"column":null}}},"fnMap":{"0":{"name":"(anonymous_1)","decl":{"start":{"line":20,"column":0},"end":{"line":20,"column":null}},"loc":{"start":{"line":20,"column":0},"end":{"line":20,"column":null}}},"1":{"name":"(anonymous_2)","decl":{"start":{"line":23,"column":0},"end":{"line":23,"column":null}},"loc":{"start":{"line":23,"column":0},"end":{"line":23,"column":null}}},"2":{"name":"(anonymous_3)","decl":{"start":{"line":29,"column":0},"end":{"line":29,"column":null}},"loc":{"start":{"line":29,"column":0},"end":{"line":62,"column":null}}},"3":{"name":"(anonymous_4)","decl":{"start":{"line":64,"column":0},"end":{"line":64,"column":null}},"loc":{"start":{"line":64,"column":0},"end":{"line":66,"column":null}}}},"branchMap":{},"s":{"0":0,"1":0,"2":0,"3":0},"f":{"0":0,"1":0,"2":0,"3":0},"b":{}}
,"D:\\development\\projects\\vue-test\\src\\components\\shop\\ShopCategories\\Item.vue": {"path":"D:\\development\\projects\\vue-test\\src\\components\\shop\\ShopCategories\\Item.vue","statementMap":{"0":{"start":{"line":20,"column":0},"end":{"line":20,"column":null}}},"fnMap":{"0":{"name":"(anonymous_1)","decl":{"start":{"line":20,"column":0},"end":{"line":20,"column":null}},"loc":{"start":{"line":20,"column":0},"end":{"line":20,"column":null}}}},"branchMap":{},"s":{"0":0},"f":{"0":0},"b":{}}
,"D:\\development\\projects\\vue-test\\src\\filters\\currencyFormat.js": {"path":"D:\\development\\projects\\vue-test\\src\\filters\\currencyFormat.js","statementMap":{"0":{"start":{"line":2,"column":4},"end":{"line":2,"column":81}}},"fnMap":{"0":{"name":"(anonymous_0)","decl":{"start":{"line":1,"column":15},"end":{"line":1,"column":16}},"loc":{"start":{"line":1,"column":67},"end":{"line":3,"column":3}},"line":1}},"branchMap":{"0":{"loc":{"start":{"line":1,"column":32},"end":{"line":1,"column":47}},"type":"default-arg","locations":[{"start":{"line":1,"column":40},"end":{"line":1,"column":47}}],"line":1},"1":{"loc":{"start":{"line":1,"column":49},"end":{"line":1,"column":65}},"type":"default-arg","locations":[{"start":{"line":1,"column":60},"end":{"line":1,"column":65}}],"line":1}},"s":{"0":0},"f":{"0":0},"b":{"0":[0],"1":[0]},"hash":"bbb4a54a4ce909a86c60105246e45eb943bd28f8"}
,"D:\\development\\projects\\vue-test\\src\\httpClient\\axios.js": {"path":"D:\\development\\projects\\vue-test\\src\\httpClient\\axios.js","statementMap":{"0":{"start":{"line":3,"column":32},"end":{"line":3,"column":34}},"1":{"start":{"line":4,"column":0},"end":{"line":4,"column":67}},"2":{"start":{"line":5,"column":21},"end":{"line":12,"column":4}},"3":{"start":{"line":6,"column":2},"end":{"line":12,"column":4}},"4":{"start":{"line":14,"column":18},"end":{"line":14,"column":32}},"5":{"start":{"line":17,"column":0},"end":{"line":22,"column":2}},"6":{"start":{"line":19,"column":4},"end":{"line":19,"column":18}},"7":{"start":{"line":21,"column":11},"end":{"line":21,"column":32}},"8":{"start":{"line":24,"column":0},"end":{"line":36,"column":2}},"9":{"start":{"line":26,"column":4},"end":{"line":28,"column":5}},"10":{"start":{"line":27,"column":6},"end":{"line":27,"column":39}},"11":{"start":{"line":29,"column":4},"end":{"line":29,"column":36}},"12":{"start":{"line":34,"column":4},"end":{"line":34,"column":33}}},"fnMap":{"0":{"name":"(anonymous_0)","decl":{"start":{"line":5,"column":21},"end":{"line":5,"column":22}},"loc":{"start":{"line":6,"column":2},"end":{"line":12,"column":4}},"line":6},"1":{"name":"(anonymous_1)","decl":{"start":{"line":18,"column":2},"end":{"line":18,"column":3}},"loc":{"start":{"line":18,"column":12},"end":{"line":20,"column":3}},"line":18},"2":{"name":"(anonymous_2)","decl":{"start":{"line":21,"column":2},"end":{"line":21,"column":3}},"loc":{"start":{"line":21,"column":11},"end":{"line":21,"column":32}},"line":21},"3":{"name":"(anonymous_3)","decl":{"start":{"line":25,"column":2},"end":{"line":25,"column":3}},"loc":{"start":{"line":25,"column":14},"end":{"line":30,"column":3}},"line":25},"4":{"name":"(anonymous_4)","decl":{"start":{"line":31,"column":2},"end":{"line":31,"column":3}},"loc":{"start":{"line":31,"column":11},"end":{"line":35,"column":3}},"line":31}},"branchMap":{"0":{"loc":{"start":{"line":5,"column":22},"end":{"line":5,"column":32}},"type":"default-arg","locations":[{"start":{"line":5,"column":28},"end":{"line":5,"column":32}}],"line":5},"1":{"loc":{"start":{"line":7,"column":13},"end":{"line":7,"column":52}},"type":"binary-expr","locations":[{"start":{"line":7,"column":13},"end":{"line":7,"column":16}},{"start":{"line":7,"column":20},"end":{"line":7,"column":52}}],"line":7},"2":{"loc":{"start":{"line":26,"column":4},"end":{"line":28,"column":5}},"type":"if","locations":[{"start":{"line":26,"column":4},"end":{"line":28,"column":5}},{"start":{"line":26,"column":4},"end":{"line":28,"column":5}}],"line":26},"3":{"loc":{"start":{"line":26,"column":8},"end":{"line":26,"column":58}},"type":"binary-expr","locations":[{"start":{"line":26,"column":8},"end":{"line":26,"column":31}},{"start":{"line":26,"column":35},"end":{"line":26,"column":58}}],"line":26}},"s":{"0":0,"1":0,"2":0,"3":0,"4":0,"5":0,"6":0,"7":0,"8":0,"9":0,"10":0,"11":0,"12":0},"f":{"0":0,"1":0,"2":0,"3":0,"4":0},"b":{"0":[0],"1":[0,0],"2":[0,0],"3":[0,0]},"hash":"bc62d76ab72b4ccc78376e3c54ce92ef9699c2f5"}
,"D:\\development\\projects\\vue-test\\src\\mixins\\global.mixins.js": {"path":"D:\\development\\projects\\vue-test\\src\\mixins\\global.mixins.js","statementMap":{"0":{"start":{"line":8,"column":4},"end":{"line":10,"column":6}},"1":{"start":{"line":16,"column":6},"end":{"line":16,"column":48}},"2":{"start":{"line":19,"column":6},"end":{"line":23,"column":7}},"3":{"start":{"line":20,"column":8},"end":{"line":20,"column":22}},"4":{"start":{"line":22,"column":8},"end":{"line":22,"column":24}},"5":{"start":{"line":24,"column":6},"end":{"line":24,"column":48}},"6":{"start":{"line":28,"column":6},"end":{"line":33,"column":8}},"7":{"start":{"line":37,"column":6},"end":{"line":37,"column":26}}},"fnMap":{"0":{"name":"(anonymous_0)","decl":{"start":{"line":7,"column":2},"end":{"line":7,"column":3}},"loc":{"start":{"line":7,"column":9},"end":{"line":11,"column":3}},"line":7},"1":{"name":"(anonymous_1)","decl":{"start":{"line":15,"column":4},"end":{"line":15,"column":5}},"loc":{"start":{"line":15,"column":25},"end":{"line":17,"column":5}},"line":15},"2":{"name":"(anonymous_2)","decl":{"start":{"line":18,"column":4},"end":{"line":18,"column":5}},"loc":{"start":{"line":18,"column":25},"end":{"line":25,"column":5}},"line":18},"3":{"name":"(anonymous_3)","decl":{"start":{"line":26,"column":4},"end":{"line":26,"column":5}},"loc":{"start":{"line":26,"column":23},"end":{"line":34,"column":5}},"line":26},"4":{"name":"(anonymous_4)","decl":{"start":{"line":30,"column":8},"end":{"line":30,"column":9}},"loc":{"start":{"line":30,"column":19},"end":{"line":32,"column":9}},"line":30},"5":{"name":"(anonymous_5)","decl":{"start":{"line":35,"column":4},"end":{"line":35,"column":5}},"loc":{"start":{"line":35,"column":11},"end":{"line":38,"column":5}},"line":35}},"branchMap":{"0":{"loc":{"start":{"line":19,"column":6},"end":{"line":23,"column":7}},"type":"if","locations":[{"start":{"line":19,"column":6},"end":{"line":23,"column":7}},{"start":{"line":19,"column":6},"end":{"line":23,"column":7}}],"line":19}},"s":{"0":10,"1":0,"2":0,"3":0,"4":0,"5":0,"6":0,"7":0},"f":{"0":10,"1":0,"2":0,"3":0,"4":0,"5":0},"b":{"0":[0,0]},"_coverageSchema":"43e27e138ebf9cfc5966b082cf9a028302ed4184","hash":"7cd9daff9353218a628b57d17afc0ed321bb46e8"}
,"D:\\development\\projects\\vue-test\\src\\mixins\\search.mixins.js": {"path":"D:\\development\\projects\\vue-test\\src\\mixins\\search.mixins.js","statementMap":{"0":{"start":{"line":15,"column":22},"end":{"line":15,"column":24}},"1":{"start":{"line":23,"column":4},"end":{"line":31,"column":6}},"2":{"start":{"line":35,"column":6},"end":{"line":35,"column":29}},"3":{"start":{"line":36,"column":6},"end":{"line":36,"column":34}},"4":{"start":{"line":41,"column":6},"end":{"line":46,"column":7}},"5":{"start":{"line":42,"column":8},"end":{"line":42,"column":28}},"6":{"start":{"line":43,"column":8},"end":{"line":43,"column":37}},"7":{"start":{"line":44,"column":8},"end":{"line":44,"column":29}}},"fnMap":{"0":{"name":"(anonymous_0)","decl":{"start":{"line":15,"column":15},"end":{"line":15,"column":16}},"loc":{"start":{"line":15,"column":22},"end":{"line":15,"column":24}},"line":15},"1":{"name":"(anonymous_1)","decl":{"start":{"line":22,"column":2},"end":{"line":22,"column":3}},"loc":{"start":{"line":22,"column":9},"end":{"line":32,"column":3}},"line":22},"2":{"name":"(anonymous_2)","decl":{"start":{"line":34,"column":4},"end":{"line":34,"column":5}},"loc":{"start":{"line":34,"column":25},"end":{"line":37,"column":5}},"line":34},"3":{"name":"(anonymous_3)","decl":{"start":{"line":40,"column":29},"end":{"line":40,"column":30}},"loc":{"start":{"line":40,"column":49},"end":{"line":47,"column":5}},"line":40},"4":{"name":"(anonymous_4)","decl":{"start":{"line":48,"column":4},"end":{"line":48,"column":5}},"loc":{"start":{"line":48,"column":28},"end":{"line":48,"column":30}},"line":48}},"branchMap":{"0":{"loc":{"start":{"line":41,"column":6},"end":{"line":46,"column":7}},"type":"if","locations":[{"start":{"line":41,"column":6},"end":{"line":46,"column":7}},{"start":{"line":41,"column":6},"end":{"line":46,"column":7}}],"line":41}},"s":{"0":0,"1":0,"2":0,"3":0,"4":0,"5":0,"6":0,"7":0},"f":{"0":0,"1":0,"2":0,"3":0,"4":0},"b":{"0":[0,0]},"hash":"18da56a01f81b434db4027af8bb5fbbd90c61982"}
,"D:\\development\\projects\\vue-test\\src\\mixins\\store.mixins.js": {"path":"D:\\development\\projects\\vue-test\\src\\mixins\\store.mixins.js","statementMap":{"0":{"start":{"line":5,"column":6},"end":{"line":5,"column":46}},"1":{"start":{"line":8,"column":6},"end":{"line":8,"column":41}}},"fnMap":{"0":{"name":"(anonymous_0)","decl":{"start":{"line":4,"column":4},"end":{"line":4,"column":5}},"loc":{"start":{"line":4,"column":20},"end":{"line":6,"column":5}},"line":4},"1":{"name":"(anonymous_1)","decl":{"start":{"line":7,"column":4},"end":{"line":7,"column":5}},"loc":{"start":{"line":7,"column":27},"end":{"line":9,"column":5}},"line":7}},"branchMap":{},"s":{"0":0,"1":0},"f":{"0":0,"1":0},"b":{},"_coverageSchema":"43e27e138ebf9cfc5966b082cf9a028302ed4184","hash":"39444ac22df5c829bfa9ca045850219bfa9e6ed6"}
,"D:\\development\\projects\\vue-test\\src\\router\\index.js": {"path":"D:\\development\\projects\\vue-test\\src\\router\\index.js","statementMap":{"0":{"start":{"line":5,"column":0},"end":{"line":5,"column":19}},"1":{"start":{"line":7,"column":15},"end":{"line":42,"column":1}},"2":{"start":{"line":14,"column":8},"end":{"line":14,"column":77}},"3":{"start":{"line":44,"column":15},"end":{"line":48,"column":2}}},"fnMap":{"0":{"name":"(anonymous_0)","decl":{"start":{"line":13,"column":14},"end":{"line":13,"column":15}},"loc":{"start":{"line":14,"column":8},"end":{"line":14,"column":77}},"line":14}},"branchMap":{},"s":{"0":0,"1":0,"2":0,"3":0},"f":{"0":0},"b":{},"hash":"afddec9f97264201f271a050e5b724baf7395cad"}
,"D:\\development\\projects\\vue-test\\src\\store\\app\\actions.js": {"path":"D:\\development\\projects\\vue-test\\src\\store\\app\\actions.js","statementMap":{"0":{"start":{"line":3,"column":4},"end":{"line":3,"column":54}},"1":{"start":{"line":6,"column":4},"end":{"line":6,"column":54}},"2":{"start":{"line":7,"column":4},"end":{"line":7,"column":52}}},"fnMap":{"0":{"name":"(anonymous_0)","decl":{"start":{"line":2,"column":2},"end":{"line":2,"column":3}},"loc":{"start":{"line":2,"column":35},"end":{"line":4,"column":3}},"line":2},"1":{"name":"(anonymous_1)","decl":{"start":{"line":5,"column":2},"end":{"line":5,"column":3}},"loc":{"start":{"line":5,"column":35},"end":{"line":8,"column":3}},"line":5}},"branchMap":{},"s":{"0":0,"1":0,"2":0},"f":{"0":0,"1":0},"b":{},"_coverageSchema":"43e27e138ebf9cfc5966b082cf9a028302ed4184","hash":"25f4bebd924ae0e2620b4515fb069a9923d18293"}
,"D:\\development\\projects\\vue-test\\src\\store\\app\\getters.js": {"path":"D:\\development\\projects\\vue-test\\src\\store\\app\\getters.js","statementMap":{},"fnMap":{},"branchMap":{},"s":{},"f":{},"b":{},"_coverageSchema":"43e27e138ebf9cfc5966b082cf9a028302ed4184","hash":"4356ae0fb44146ab7ab5b45053820e9916a22c45"}
,"D:\\development\\projects\\vue-test\\src\\store\\app\\index.js": {"path":"D:\\development\\projects\\vue-test\\src\\store\\app\\index.js","statementMap":{},"fnMap":{},"branchMap":{},"s":{},"f":{},"b":{},"_coverageSchema":"43e27e138ebf9cfc5966b082cf9a028302ed4184","hash":"8bcd796785af3629897e2af03ccf9e18cdacc75a"}
,"D:\\development\\projects\\vue-test\\src\\store\\app\\mutations.js": {"path":"D:\\development\\projects\\vue-test\\src\\store\\app\\mutations.js","statementMap":{"0":{"start":{"line":3,"column":4},"end":{"line":3,"column":33}},"1":{"start":{"line":6,"column":4},"end":{"line":8,"column":7}},"2":{"start":{"line":7,"column":6},"end":{"line":7,"column":35}}},"fnMap":{"0":{"name":"(anonymous_0)","decl":{"start":{"line":2,"column":2},"end":{"line":2,"column":3}},"loc":{"start":{"line":2,"column":24},"end":{"line":4,"column":3}},"line":2},"1":{"name":"(anonymous_1)","decl":{"start":{"line":5,"column":2},"end":{"line":5,"column":3}},"loc":{"start":{"line":5,"column":25},"end":{"line":9,"column":3}},"line":5},"2":{"name":"(anonymous_2)","decl":{"start":{"line":6,"column":17},"end":{"line":6,"column":18}},"loc":{"start":{"line":6,"column":25},"end":{"line":8,"column":5}},"line":6}},"branchMap":{},"s":{"0":0,"1":0,"2":0},"f":{"0":0,"1":0,"2":0},"b":{},"_coverageSchema":"43e27e138ebf9cfc5966b082cf9a028302ed4184","hash":"e004cdd991d34e1d80cb06f2899743567dcd1a31"}
,"D:\\development\\projects\\vue-test\\src\\store\\app\\state.js": {"path":"D:\\development\\projects\\vue-test\\src\\store\\app\\state.js","statementMap":{},"fnMap":{},"branchMap":{},"s":{},"f":{},"b":{},"_coverageSchema":"43e27e138ebf9cfc5966b082cf9a028302ed4184","hash":"b329df4b868f8ecb2d3423e647fc12b8fba42628"}
,"D:\\development\\projects\\vue-test\\src\\views\\Cart.vue": {"path":"D:\\development\\projects\\vue-test\\src\\views\\Cart.vue","statementMap":{"0":{"start":{"line":46,"column":0},"end":{"line":46,"column":null}},"1":{"start":{"line":47,"column":0},"end":{"line":47,"column":null}},"2":{"start":{"line":48,"column":0},"end":{"line":48,"column":null}},"3":{"start":{"line":49,"column":0},"end":{"line":49,"column":null}},"4":{"start":{"line":50,"column":0},"end":{"line":50,"column":null}},"5":{"start":{"line":51,"column":0},"end":{"line":51,"column":null}},"6":{"start":{"line":64,"column":0},"end":{"line":64,"column":null}},"7":{"start":{"line":69,"column":0},"end":{"line":69,"column":null}}},"fnMap":{"0":{"name":"(anonymous_1)","decl":{"start":{"line":63,"column":0},"end":{"line":63,"column":null}},"loc":{"start":{"line":63,"column":0},"end":{"line":67,"column":null}}},"1":{"name":"(anonymous_2)","decl":{"start":{"line":68,"column":0},"end":{"line":68,"column":null}},"loc":{"start":{"line":68,"column":0},"end":{"line":70,"column":null}}}},"branchMap":{},"s":{"0":0,"1":0,"2":0,"3":0,"4":0,"5":0,"6":0,"7":0},"f":{"0":0,"1":0},"b":{}}
,"D:\\development\\projects\\vue-test\\src\\views\\Checkout.vue": {"path":"D:\\development\\projects\\vue-test\\src\\views\\Checkout.vue","statementMap":{"0":{"start":{"line":46,"column":0},"end":{"line":46,"column":null}},"1":{"start":{"line":47,"column":0},"end":{"line":47,"column":null}},"2":{"start":{"line":48,"column":0},"end":{"line":48,"column":null}},"3":{"start":{"line":49,"column":0},"end":{"line":49,"column":null}},"4":{"start":{"line":50,"column":0},"end":{"line":50,"column":null}},"5":{"start":{"line":51,"column":0},"end":{"line":51,"column":null}},"6":{"start":{"line":64,"column":0},"end":{"line":64,"column":null}},"7":{"start":{"line":69,"column":0},"end":{"line":69,"column":null}}},"fnMap":{"0":{"name":"(anonymous_1)","decl":{"start":{"line":63,"column":0},"end":{"line":63,"column":null}},"loc":{"start":{"line":63,"column":0},"end":{"line":67,"column":null}}},"1":{"name":"(anonymous_2)","decl":{"start":{"line":68,"column":0},"end":{"line":68,"column":null}},"loc":{"start":{"line":68,"column":0},"end":{"line":70,"column":null}}}},"branchMap":{},"s":{"0":0,"1":0,"2":0,"3":0,"4":0,"5":0,"6":0,"7":0},"f":{"0":0,"1":0},"b":{}}
,"D:\\development\\projects\\vue-test\\src\\views\\ProductDetails.vue": {"path":"D:\\development\\projects\\vue-test\\src\\views\\ProductDetails.vue","statementMap":{"0":{"start":{"line":32,"column":0},"end":{"line":32,"column":null}},"1":{"start":{"line":33,"column":0},"end":{"line":33,"column":null}},"2":{"start":{"line":34,"column":0},"end":{"line":34,"column":null}},"3":{"start":{"line":35,"column":0},"end":{"line":35,"column":null}},"4":{"start":{"line":36,"column":0},"end":{"line":36,"column":null}},"5":{"start":{"line":37,"column":0},"end":{"line":37,"column":null}},"6":{"start":{"line":38,"column":0},"end":{"line":38,"column":null}},"7":{"start":{"line":39,"column":0},"end":{"line":39,"column":null}},"8":{"start":{"line":40,"column":0},"end":{"line":40,"column":null}},"9":{"start":{"line":41,"column":0},"end":{"line":41,"column":null}},"10":{"start":{"line":46,"column":0},"end":{"line":46,"column":null}},"11":{"start":{"line":63,"column":0},"end":{"line":63,"column":null}},"12":{"start":{"line":64,"column":0},"end":{"line":64,"column":null}},"13":{"start":{"line":65,"column":0},"end":{"line":65,"column":null}},"14":{"start":{"line":70,"column":0},"end":{"line":70,"column":null}},"15":{"start":{"line":71,"column":0},"end":{"line":71,"column":null}},"16":{"start":{"line":72,"column":0},"end":{"line":72,"column":null}},"17":{"start":{"line":73,"column":0},"end":{"line":73,"column":null}},"18":{"start":{"line":74,"column":0},"end":{"line":74,"column":null}},"19":{"start":{"line":75,"column":0},"end":{"line":75,"column":null}},"20":{"start":{"line":82,"column":0},"end":{"line":82,"column":null}},"21":{"start":{"line":88,"column":0},"end":{"line":88,"column":null}},"22":{"start":{"line":89,"column":0},"end":{"line":89,"column":null}},"23":{"start":{"line":90,"column":0},"end":{"line":90,"column":null}},"24":{"start":{"line":91,"column":0},"end":{"line":91,"column":null}},"25":{"start":{"line":92,"column":0},"end":{"line":100,"column":null}},"26":{"start":{"line":93,"column":0},"end":{"line":93,"column":null}},"27":{"start":{"line":94,"column":0},"end":{"line":94,"column":null}},"28":{"start":{"line":95,"column":0},"end":{"line":95,"column":null}},"29":{"start":{"line":96,"column":0},"end":{"line":96,"column":null}},"30":{"start":{"line":98,"column":0},"end":{"line":98,"column":null}},"31":{"start":{"line":99,"column":0},"end":{"line":99,"column":null}},"32":{"start":{"line":103,"column":0},"end":{"line":103,"column":null}},"33":{"start":{"line":107,"column":0},"end":{"line":107,"column":null}}},"fnMap":{"0":{"name":"(anonymous_1)","decl":{"start":{"line":45,"column":0},"end":{"line":45,"column":null}},"loc":{"start":{"line":45,"column":0},"end":{"line":51,"column":null}}},"1":{"name":"(anonymous_2)","decl":{"start":{"line":62,"column":0},"end":{"line":62,"column":null}},"loc":{"start":{"line":62,"column":0},"end":{"line":66,"column":null}}},"2":{"name":"(anonymous_3)","decl":{"start":{"line":69,"column":0},"end":{"line":69,"column":null}},"loc":{"start":{"line":69,"column":0},"end":{"line":76,"column":null}}},"3":{"name":"(anonymous_4)","decl":{"start":{"line":81,"column":0},"end":{"line":81,"column":null}},"loc":{"start":{"line":81,"column":0},"end":{"line":86,"column":null}}},"4":{"name":"(anonymous_5)","decl":{"start":{"line":87,"column":0},"end":{"line":87,"column":null}},"loc":{"start":{"line":87,"column":0},"end":{"line":101,"column":null}}},"5":{"name":"(anonymous_6)","decl":{"start":{"line":102,"column":0},"end":{"line":102,"column":null}},"loc":{"start":{"line":102,"column":0},"end":{"line":104,"column":null}}},"6":{"name":"(anonymous_7)","decl":{"start":{"line":106,"column":0},"end":{"line":106,"column":null}},"loc":{"start":{"line":106,"column":0},"end":{"line":108,"column":null}}}},"branchMap":{"0":{"loc":{"start":{"line":70,"column":0},"end":{"line":70,"column":null}},"type":"if","locations":[{"start":{"line":70,"column":0},"end":{"line":70,"column":null}},{"start":{"line":70,"column":0},"end":{"line":70,"column":null}}]},"1":{"loc":{"start":{"line":71,"column":0},"end":{"line":71,"column":null}},"type":"binary-expr","locations":[{"start":{"line":71,"column":0},"end":{"line":71,"column":null}},{"start":{"line":71,"column":0},"end":{"line":71,"column":null}}]},"2":{"loc":{"start":{"line":73,"column":0},"end":{"line":73,"column":null}},"type":"if","locations":[{"start":{"line":73,"column":0},"end":{"line":73,"column":null}},{"start":{"line":73,"column":0},"end":{"line":73,"column":null}}]}},"s":{"0":0,"1":0,"2":0,"3":0,"4":0,"5":0,"6":0,"7":0,"8":0,"9":0,"10":0,"11":0,"12":0,"13":0,"14":0,"15":0,"16":0,"17":0,"18":0,"19":0,"20":0,"21":0,"22":0,"23":0,"24":0,"25":0,"26":0,"27":0,"28":0,"29":0,"30":0,"31":0,"32":0,"33":0},"f":{"0":0,"1":0,"2":0,"3":0,"4":0,"5":0,"6":0},"b":{"0":[0,0],"1":[0,0],"2":[0,0]}}
,"D:\\development\\projects\\vue-test\\src\\views\\Shop.vue": {"path":"D:\\development\\projects\\vue-test\\src\\views\\Shop.vue","statementMap":{"0":{"start":{"line":101,"column":0},"end":{"line":101,"column":null}},"1":{"start":{"line":102,"column":0},"end":{"line":102,"column":null}},"2":{"start":{"line":103,"column":0},"end":{"line":103,"column":null}},"3":{"start":{"line":104,"column":0},"end":{"line":104,"column":null}},"4":{"start":{"line":105,"column":0},"end":{"line":105,"column":null}},"5":{"start":{"line":106,"column":0},"end":{"line":106,"column":null}},"6":{"start":{"line":107,"column":0},"end":{"line":107,"column":null}},"7":{"start":{"line":111,"column":0},"end":{"line":111,"column":null}},"8":{"start":{"line":139,"column":0},"end":{"line":139,"column":null}},"9":{"start":{"line":140,"column":0},"end":{"line":143,"column":null}},"10":{"start":{"line":141,"column":0},"end":{"line":141,"column":null}},"11":{"start":{"line":142,"column":0},"end":{"line":142,"column":null}},"12":{"start":{"line":146,"column":0},"end":{"line":146,"column":null}},"13":{"start":{"line":147,"column":0},"end":{"line":147,"column":null}},"14":{"start":{"line":150,"column":0},"end":{"line":150,"column":null}},"15":{"start":{"line":151,"column":0},"end":{"line":151,"column":null}},"16":{"start":{"line":152,"column":0},"end":{"line":152,"column":null}},"17":{"start":{"line":153,"column":0},"end":{"line":153,"column":null}},"18":{"start":{"line":154,"column":0},"end":{"line":160,"column":null}},"19":{"start":{"line":155,"column":0},"end":{"line":155,"column":null}},"20":{"start":{"line":156,"column":0},"end":{"line":156,"column":null}},"21":{"start":{"line":161,"column":0},"end":{"line":161,"column":null}},"22":{"start":{"line":162,"column":0},"end":{"line":162,"column":null}},"23":{"start":{"line":163,"column":0},"end":{"line":163,"column":null}},"24":{"start":{"line":164,"column":0},"end":{"line":164,"column":null}},"25":{"start":{"line":165,"column":0},"end":{"line":165,"column":null}},"26":{"start":{"line":166,"column":0},"end":{"line":166,"column":null}},"27":{"start":{"line":169,"column":0},"end":{"line":169,"column":null}},"28":{"start":{"line":170,"column":0},"end":{"line":170,"column":null}},"29":{"start":{"line":177,"column":0},"end":{"line":177,"column":null}},"30":{"start":{"line":182,"column":0},"end":{"line":182,"column":null}},"31":{"start":{"line":183,"column":0},"end":{"line":183,"column":null}},"32":{"start":{"line":184,"column":0},"end":{"line":187,"column":null}},"33":{"start":{"line":185,"column":0},"end":{"line":185,"column":null}},"34":{"start":{"line":186,"column":0},"end":{"line":186,"column":null}},"35":{"start":{"line":189,"column":0},"end":{"line":189,"column":null}},"36":{"start":{"line":190,"column":0},"end":{"line":190,"column":null}},"37":{"start":{"line":191,"column":0},"end":{"line":196,"column":null}},"38":{"start":{"line":195,"column":0},"end":{"line":195,"column":null}}},"fnMap":{"0":{"name":"(anonymous_1)","decl":{"start":{"line":110,"column":0},"end":{"line":110,"column":null}},"loc":{"start":{"line":110,"column":0},"end":{"line":120,"column":null}}},"1":{"name":"(anonymous_2)","decl":{"start":{"line":138,"column":0},"end":{"line":138,"column":null}},"loc":{"start":{"line":138,"column":0},"end":{"line":144,"column":null}}},"2":{"name":"(anonymous_3)","decl":{"start":{"line":145,"column":0},"end":{"line":145,"column":null}},"loc":{"start":{"line":145,"column":0},"end":{"line":148,"column":null}}},"3":{"name":"(anonymous_4)","decl":{"start":{"line":149,"column":0},"end":{"line":149,"column":null}},"loc":{"start":{"line":149,"column":0},"end":{"line":167,"column":null}}},"4":{"name":"(anonymous_5)","decl":{"start":{"line":168,"column":0},"end":{"line":168,"column":null}},"loc":{"start":{"line":168,"column":0},"end":{"line":174,"column":null}}},"5":{"name":"(anonymous_6)","decl":{"start":{"line":176,"column":0},"end":{"line":176,"column":null}},"loc":{"start":{"line":176,"column":0},"end":{"line":178,"column":null}}},"6":{"name":"(anonymous_7)","decl":{"start":{"line":180,"column":0},"end":{"line":180,"column":null}},"loc":{"start":{"line":180,"column":0},"end":{"line":197,"column":null}}}},"branchMap":{"0":{"loc":{"start":{"line":140,"column":0},"end":{"line":143,"column":null}},"type":"if","locations":[{"start":{"line":140,"column":0},"end":{"line":143,"column":null}},{"start":{"line":140,"column":0},"end":{"line":143,"column":null}}]},"1":{"loc":{"start":{"line":154,"column":0},"end":{"line":160,"column":null}},"type":"if","locations":[{"start":{"line":154,"column":0},"end":{"line":160,"column":null}},{"start":{"line":154,"column":0},"end":{"line":160,"column":null}}]},"2":{"loc":{"start":{"line":184,"column":0},"end":{"line":187,"column":null}},"type":"if","locations":[{"start":{"line":184,"column":0},"end":{"line":187,"column":null}},{"start":{"line":184,"column":0},"end":{"line":187,"column":null}}]},"3":{"loc":{"start":{"line":184,"column":0},"end":{"line":184,"column":null}},"type":"binary-expr","locations":[{"start":{"line":184,"column":0},"end":{"line":184,"column":null}},{"start":{"line":184,"column":0},"end":{"line":184,"column":null}}]},"4":{"loc":{"start":{"line":191,"column":0},"end":{"line":196,"column":null}},"type":"if","locations":[{"start":{"line":191,"column":0},"end":{"line":196,"column":null}},{"start":{"line":191,"column":0},"end":{"line":196,"column":null}}]},"5":{"loc":{"start":{"line":191,"column":0},"end":{"line":191,"column":null}},"type":"binary-expr","locations":[{"start":{"line":191,"column":0},"end":{"line":191,"column":null}},{"start":{"line":191,"column":0},"end":{"line":191,"column":null}}]}},"s":{"0":0,"1":0,"2":0,"3":0,"4":0,"5":0,"6":0,"7":0,"8":0,"9":0,"10":0,"11":0,"12":0,"13":0,"14":0,"15":0,"16":0,"17":0,"18":0,"19":0,"20":0,"21":0,"22":0,"23":0,"24":0,"25":0,"26":0,"27":0,"28":0,"29":0,"30":0,"31":0,"32":0,"33":0,"34":0,"35":0,"36":0,"37":0,"38":0},"f":{"0":0,"1":0,"2":0,"3":0,"4":0,"5":0,"6":0},"b":{"0":[0,0],"1":[0,0],"2":[0,0],"3":[0,0],"4":[0,0],"5":[0,0]}}
}
