TN:
SF:D:\development\projects\vue-test\src\App.vue
FN:34,(anonymous_1)
FN:37,(anonymous_2)
FNF:2
FNH:1
FNDA:1,(anonymous_1)
FNDA:0,(anonymous_2)
DA:28,1
DA:29,1
DA:35,1
DA:38,0
LF:4
LH:3
BRF:0
BRH:0
end_of_record
TN:
SF:D:\development\projects\vue-test\src\i18n.js
FN:6,loadLocaleMessages
FN:9,(anonymous_1)
FNF:2
FNH:0
FNDA:0,loadLocaleMessages
FNDA:0,(anonymous_1)
DA:4,0
DA:7,0
DA:8,0
DA:9,0
DA:10,0
DA:11,0
DA:12,0
DA:13,0
DA:16,0
LF:9
LH:0
BRDA:11,0,0,0
BRDA:11,0,1,0
BRDA:11,1,0,0
BRDA:11,1,1,0
BRDA:20,2,0,0
BRDA:20,2,1,0
BRDA:21,3,0,0
BRDA:21,3,1,0
BRF:8
BRH:0
end_of_record
TN:
SF:D:\development\projects\vue-test\src\components\cart\Coupon.vue
FN:31,(anonymous_1)
FN:36,(anonymous_2)
FNF:2
FNH:0
FNDA:0,(anonymous_1)
FNDA:0,(anonymous_2)
DA:32,0
DA:36,0
LF:2
LH:0
BRF:0
BRH:0
end_of_record
TN:
SF:D:\development\projects\vue-test\src\components\cart\CustomerInfo.vue
FN:37,(anonymous_1)
FNF:1
FNH:0
FNDA:0,(anonymous_1)
DA:38,0
LF:1
LH:0
BRF:0
BRH:0
end_of_record
TN:
SF:D:\development\projects\vue-test\src\components\cart\ProductItem.vue
FN:46,(anonymous_1)
FN:53,(anonymous_2)
FN:58,(anonymous_3)
FN:64,(anonymous_4)
FN:72,(anonymous_5)
FN:75,(anonymous_6)
FNF:6
FNH:0
FNDA:0,(anonymous_1)
FNDA:0,(anonymous_2)
FNDA:0,(anonymous_3)
FNDA:0,(anonymous_4)
FNDA:0,(anonymous_5)
FNDA:0,(anonymous_6)
DA:40,0
DA:41,0
DA:47,0
DA:53,0
DA:60,0
DA:61,0
DA:65,0
DA:66,0
DA:73,0
DA:76,0
LF:10
LH:0
BRDA:60,0,0,0
BRDA:60,0,1,0
BRDA:65,1,0,0
BRDA:65,1,1,0
BRF:4
BRH:0
end_of_record
TN:
SF:D:\development\projects\vue-test\src\components\cart\ProductItemList.vue
FN:24,(anonymous_1)
FNF:1
FNH:0
FNDA:0,(anonymous_1)
DA:18,0
DA:19,0
DA:25,0
LF:3
LH:0
BRF:0
BRH:0
end_of_record
TN:
SF:D:\development\projects\vue-test\src\components\layouts\CartIcon.vue
FN:12,(anonymous_1)
FNF:1
FNH:0
FNDA:0,(anonymous_1)
DA:13,0
LF:1
LH:0
BRF:0
BRH:0
end_of_record
TN:
SF:D:\development\projects\vue-test\src\components\layouts\ContactIcon.vue
FN:12,(anonymous_1)
FNF:1
FNH:0
FNDA:0,(anonymous_1)
DA:8,0
DA:13,0
LF:2
LH:0
BRF:0
BRH:0
end_of_record
TN:
SF:D:\development\projects\vue-test\src\components\layouts\navbars\HomeNav.vue
FN:16,(anonymous_1)
FNF:1
FNH:0
FNDA:0,(anonymous_1)
DA:17,0
LF:1
LH:0
BRF:0
BRH:0
end_of_record
TN:
SF:D:\development\projects\vue-test\src\components\layouts\navbars\PurchaseNav.vue
FN:28,(anonymous_1)
FNF:1
FNH:0
FNDA:0,(anonymous_1)
DA:21,0
DA:22,0
DA:29,0
LF:3
LH:0
BRF:0
BRH:0
end_of_record
TN:
SF:D:\development\projects\vue-test\src\components\product-detail\About.vue
FN:13,(anonymous_1)
FNF:1
FNH:0
FNDA:0,(anonymous_1)
DA:13,0
LF:1
LH:0
BRF:0
BRH:0
end_of_record
TN:
SF:D:\development\projects\vue-test\src\components\product-detail\Gallery.vue
FN:36,(anonymous_1)
FN:64,(anonymous_2)
FN:67,(anonymous_3)
FNF:3
FNH:0
FNDA:0,(anonymous_1)
FNDA:0,(anonymous_2)
FNDA:0,(anonymous_3)
DA:37,0
DA:64,0
DA:68,0
DA:69,0
DA:70,0
DA:71,0
LF:6
LH:0
BRF:0
BRH:0
end_of_record
TN:
SF:D:\development\projects\vue-test\src\components\product-detail\Price.vue
FN:29,(anonymous_1)
FN:36,(anonymous_2)
FN:41,(anonymous_3)
FN:46,(anonymous_4)
FNF:4
FNH:0
FNDA:0,(anonymous_1)
FNDA:0,(anonymous_2)
FNDA:0,(anonymous_3)
FNDA:0,(anonymous_4)
DA:21,0
DA:22,0
DA:29,0
DA:37,0
DA:42,0
DA:43,0
DA:47,0
DA:48,0
LF:8
LH:0
BRDA:42,0,0,0
BRDA:42,0,1,0
BRDA:47,1,0,0
BRDA:47,1,1,0
BRF:4
BRH:0
end_of_record
TN:
SF:D:\development\projects\vue-test\src\components\product-detail\ProductNotFound.vue
FN:19,(anonymous_1)
FN:27,(anonymous_2)
FN:30,(anonymous_3)
FNF:3
FNH:0
FNDA:0,(anonymous_1)
FNDA:0,(anonymous_2)
FNDA:0,(anonymous_3)
DA:15,0
DA:20,0
DA:21,0
DA:28,0
DA:31,0
LF:5
LH:0
BRDA:28,0,0,0
BRDA:28,0,1,0
BRF:2
BRH:0
end_of_record
TN:
SF:D:\development\projects\vue-test\src\components\product-detail\Title.vue
FN:13,(anonymous_1)
FNF:1
FNH:0
FNDA:0,(anonymous_1)
DA:13,0
LF:1
LH:0
BRF:0
BRH:0
end_of_record
TN:
SF:D:\development\projects\vue-test\src\components\search\SearchInput.vue
FN:52,(anonymous_1)
FN:57,(anonymous_2)
FN:62,(anonymous_3)
FN:66,(anonymous_4)
FN:71,(anonymous_5)
FNF:5
FNH:0
FNDA:0,(anonymous_1)
FNDA:0,(anonymous_2)
FNDA:0,(anonymous_3)
FNDA:0,(anonymous_4)
FNDA:0,(anonymous_5)
DA:45,0
DA:46,0
DA:47,0
DA:53,0
DA:58,0
DA:63,0
DA:64,0
DA:67,0
DA:68,0
DA:69,0
DA:72,0
DA:73,0
DA:74,0
DA:80,0
DA:81,0
DA:82,0
DA:85,0
LF:17
LH:0
BRDA:58,0,0,0
BRDA:58,0,1,0
BRDA:80,1,0,0
BRDA:80,1,1,0
BRDA:80,2,0,0
BRDA:80,2,1,0
BRF:6
BRH:0
end_of_record
TN:
SF:D:\development\projects\vue-test\src\components\shop\SellerContactFloating.vue
FN:20,(anonymous_1)
FNF:1
FNH:0
FNDA:0,(anonymous_1)
DA:17,0
DA:21,0
LF:2
LH:0
BRF:0
BRH:0
end_of_record
TN:
SF:D:\development\projects\vue-test\src\components\shop\ShopFavourites.vue
FN:26,(anonymous_1)
FNF:1
FNH:0
FNDA:0,(anonymous_1)
DA:18,0
DA:26,0
LF:2
LH:0
BRF:0
BRH:0
end_of_record
TN:
SF:D:\development\projects\vue-test\src\components\shop\ShopNotFound.vue
FN:19,(anonymous_1)
FN:27,(anonymous_2)
FN:30,(anonymous_3)
FNF:3
FNH:0
FNDA:0,(anonymous_1)
FNDA:0,(anonymous_2)
FNDA:0,(anonymous_3)
DA:15,0
DA:20,0
DA:21,0
DA:28,0
DA:31,0
LF:5
LH:0
BRF:0
BRH:0
end_of_record
TN:
SF:D:\development\projects\vue-test\src\components\shop\ShopProfileBanner.vue
FN:26,(anonymous_1)
FNF:1
FNH:0
FNDA:0,(anonymous_1)
DA:26,0
LF:1
LH:0
BRF:0
BRH:0
end_of_record
TN:
SF:D:\development\projects\vue-test\src\components\shop\ShopCategories\Index.vue
FN:20,(anonymous_1)
FN:23,(anonymous_2)
FN:29,(anonymous_3)
FN:64,(anonymous_4)
FNF:4
FNH:0
FNDA:0,(anonymous_1)
FNDA:0,(anonymous_2)
FNDA:0,(anonymous_3)
FNDA:0,(anonymous_4)
DA:15,0
DA:20,0
DA:30,0
DA:65,0
LF:4
LH:0
BRF:0
BRH:0
end_of_record
TN:
SF:D:\development\projects\vue-test\src\components\shop\ShopCategories\Item.vue
FN:20,(anonymous_1)
FNF:1
FNH:0
FNDA:0,(anonymous_1)
DA:20,0
LF:1
LH:0
BRF:0
BRH:0
end_of_record
TN:
SF:D:\development\projects\vue-test\src\filters\currencyFormat.js
FN:1,(anonymous_0)
FNF:1
FNH:0
FNDA:0,(anonymous_0)
DA:2,0
LF:1
LH:0
BRDA:1,0,0,0
BRDA:1,1,0,0
BRF:2
BRH:0
end_of_record
TN:
SF:D:\development\projects\vue-test\src\httpClient\axios.js
FN:5,(anonymous_0)
FN:18,(anonymous_1)
FN:21,(anonymous_2)
FN:25,(anonymous_3)
FN:31,(anonymous_4)
FNF:5
FNH:0
FNDA:0,(anonymous_0)
FNDA:0,(anonymous_1)
FNDA:0,(anonymous_2)
FNDA:0,(anonymous_3)
FNDA:0,(anonymous_4)
DA:3,0
DA:4,0
DA:5,0
DA:6,0
DA:14,0
DA:17,0
DA:19,0
DA:21,0
DA:24,0
DA:26,0
DA:27,0
DA:29,0
DA:34,0
LF:13
LH:0
BRDA:5,0,0,0
BRDA:7,1,0,0
BRDA:7,1,1,0
BRDA:26,2,0,0
BRDA:26,2,1,0
BRDA:26,3,0,0
BRDA:26,3,1,0
BRF:7
BRH:0
end_of_record
TN:
SF:D:\development\projects\vue-test\src\mixins\global.mixins.js
FN:7,(anonymous_0)
FN:15,(anonymous_1)
FN:18,(anonymous_2)
FN:26,(anonymous_3)
FN:30,(anonymous_4)
FN:35,(anonymous_5)
FNF:6
FNH:1
FNDA:10,(anonymous_0)
FNDA:0,(anonymous_1)
FNDA:0,(anonymous_2)
FNDA:0,(anonymous_3)
FNDA:0,(anonymous_4)
FNDA:0,(anonymous_5)
DA:8,10
DA:16,0
DA:19,0
DA:20,0
DA:22,0
DA:24,0
DA:28,0
DA:37,0
LF:8
LH:1
BRDA:19,0,0,0
BRDA:19,0,1,0
BRF:2
BRH:0
end_of_record
TN:
SF:D:\development\projects\vue-test\src\mixins\search.mixins.js
FN:15,(anonymous_0)
FN:22,(anonymous_1)
FN:34,(anonymous_2)
FN:40,(anonymous_3)
FN:48,(anonymous_4)
FNF:5
FNH:0
FNDA:0,(anonymous_0)
FNDA:0,(anonymous_1)
FNDA:0,(anonymous_2)
FNDA:0,(anonymous_3)
FNDA:0,(anonymous_4)
DA:15,0
DA:23,0
DA:35,0
DA:36,0
DA:41,0
DA:42,0
DA:43,0
DA:44,0
LF:8
LH:0
BRDA:41,0,0,0
BRDA:41,0,1,0
BRF:2
BRH:0
end_of_record
TN:
SF:D:\development\projects\vue-test\src\mixins\store.mixins.js
FN:4,(anonymous_0)
FN:7,(anonymous_1)
FNF:2
FNH:0
FNDA:0,(anonymous_0)
FNDA:0,(anonymous_1)
DA:5,0
DA:8,0
LF:2
LH:0
BRF:0
BRH:0
end_of_record
TN:
SF:D:\development\projects\vue-test\src\router\index.js
FN:13,(anonymous_0)
FNF:1
FNH:0
FNDA:0,(anonymous_0)
DA:5,0
DA:7,0
DA:14,0
DA:44,0
LF:4
LH:0
BRF:0
BRH:0
end_of_record
TN:
SF:D:\development\projects\vue-test\src\store\app\actions.js
FN:2,(anonymous_0)
FN:5,(anonymous_1)
FNF:2
FNH:0
FNDA:0,(anonymous_0)
FNDA:0,(anonymous_1)
DA:3,0
DA:6,0
DA:7,0
LF:3
LH:0
BRF:0
BRH:0
end_of_record
TN:
SF:D:\development\projects\vue-test\src\store\app\getters.js
FNF:0
FNH:0
LF:0
LH:0
BRF:0
BRH:0
end_of_record
TN:
SF:D:\development\projects\vue-test\src\store\app\index.js
FNF:0
FNH:0
LF:0
LH:0
BRF:0
BRH:0
end_of_record
TN:
SF:D:\development\projects\vue-test\src\store\app\mutations.js
FN:2,(anonymous_0)
FN:5,(anonymous_1)
FN:6,(anonymous_2)
FNF:3
FNH:0
FNDA:0,(anonymous_0)
FNDA:0,(anonymous_1)
FNDA:0,(anonymous_2)
DA:3,0
DA:6,0
DA:7,0
LF:3
LH:0
BRF:0
BRH:0
end_of_record
TN:
SF:D:\development\projects\vue-test\src\store\app\state.js
FNF:0
FNH:0
LF:0
LH:0
BRF:0
BRH:0
end_of_record
TN:
SF:D:\development\projects\vue-test\src\views\Cart.vue
FN:63,(anonymous_1)
FN:68,(anonymous_2)
FNF:2
FNH:0
FNDA:0,(anonymous_1)
FNDA:0,(anonymous_2)
DA:46,0
DA:47,0
DA:48,0
DA:49,0
DA:50,0
DA:51,0
DA:64,0
DA:69,0
LF:8
LH:0
BRF:0
BRH:0
end_of_record
TN:
SF:D:\development\projects\vue-test\src\views\Checkout.vue
FN:63,(anonymous_1)
FN:68,(anonymous_2)
FNF:2
FNH:0
FNDA:0,(anonymous_1)
FNDA:0,(anonymous_2)
DA:46,0
DA:47,0
DA:48,0
DA:49,0
DA:50,0
DA:51,0
DA:64,0
DA:69,0
LF:8
LH:0
BRF:0
BRH:0
end_of_record
TN:
SF:D:\development\projects\vue-test\src\views\ProductDetails.vue
FN:45,(anonymous_1)
FN:62,(anonymous_2)
FN:69,(anonymous_3)
FN:81,(anonymous_4)
FN:87,(anonymous_5)
FN:102,(anonymous_6)
FN:106,(anonymous_7)
FNF:7
FNH:0
FNDA:0,(anonymous_1)
FNDA:0,(anonymous_2)
FNDA:0,(anonymous_3)
FNDA:0,(anonymous_4)
FNDA:0,(anonymous_5)
FNDA:0,(anonymous_6)
FNDA:0,(anonymous_7)
DA:32,0
DA:33,0
DA:34,0
DA:35,0
DA:36,0
DA:37,0
DA:38,0
DA:39,0
DA:40,0
DA:41,0
DA:46,0
DA:63,0
DA:64,0
DA:65,0
DA:70,0
DA:71,0
DA:72,0
DA:73,0
DA:74,0
DA:75,0
DA:82,0
DA:88,0
DA:89,0
DA:90,0
DA:91,0
DA:92,0
DA:93,0
DA:94,0
DA:95,0
DA:96,0
DA:98,0
DA:99,0
DA:103,0
DA:107,0
LF:34
LH:0
BRDA:70,0,0,0
BRDA:70,0,1,0
BRDA:71,1,0,0
BRDA:71,1,1,0
BRDA:73,2,0,0
BRDA:73,2,1,0
BRF:6
BRH:0
end_of_record
TN:
SF:D:\development\projects\vue-test\src\views\Shop.vue
FN:110,(anonymous_1)
FN:138,(anonymous_2)
FN:145,(anonymous_3)
FN:149,(anonymous_4)
FN:168,(anonymous_5)
FN:176,(anonymous_6)
FN:180,(anonymous_7)
FNF:7
FNH:0
FNDA:0,(anonymous_1)
FNDA:0,(anonymous_2)
FNDA:0,(anonymous_3)
FNDA:0,(anonymous_4)
FNDA:0,(anonymous_5)
FNDA:0,(anonymous_6)
FNDA:0,(anonymous_7)
DA:101,0
DA:102,0
DA:103,0
DA:104,0
DA:105,0
DA:106,0
DA:107,0
DA:111,0
DA:139,0
DA:140,0
DA:141,0
DA:142,0
DA:146,0
DA:147,0
DA:150,0
DA:151,0
DA:152,0
DA:153,0
DA:154,0
DA:155,0
DA:156,0
DA:161,0
DA:162,0
DA:163,0
DA:164,0
DA:165,0
DA:166,0
DA:169,0
DA:170,0
DA:177,0
DA:182,0
DA:183,0
DA:184,0
DA:185,0
DA:186,0
DA:189,0
DA:190,0
DA:191,0
DA:195,0
LF:39
LH:0
BRDA:140,0,0,0
BRDA:140,0,1,0
BRDA:154,1,0,0
BRDA:154,1,1,0
BRDA:184,2,0,0
BRDA:184,2,1,0
BRDA:184,3,0,0
BRDA:184,3,1,0
BRDA:191,4,0,0
BRDA:191,4,1,0
BRDA:191,5,0,0
BRDA:191,5,1,0
BRF:12
BRH:0
end_of_record
